2023-11-26 16:50:24,960 - INFO - The data parameters were reinitialized.
2023-11-26 16:50:24,961 - INFO - Title for the generated map: 
2023-11-26 16:50:25,022 - INFO - Title for the generated map: 
2023-11-26 16:50:25,031 - INFO - [Errno 2] No such file or directory: '/home/edgar/work/pyxscat/pyxscat/h5_files_dicts/ ': The .json does not contain a valid filename: /home/edgar/work/pyxscat/pyxscat/h5_files_dicts/ 
2023-11-26 16:50:27,057 - INFO - H5GIIntegrator instance was created.
2023-11-26 16:50:27,058 - INFO - We entered into function: h5_get_attr
2023-11-26 16:50:27,059 - INFO - We entered into function: init_transform
2023-11-26 16:50:27,059 - INFO - We entered into function: update_incident_angle
2023-11-26 16:50:27,060 - INFO - Incident angle set up as 0.0.
2023-11-26 16:50:27,060 - INFO - We entered into function: update_tilt_angle
2023-11-26 16:50:27,060 - INFO - Tilt angle set up as 0.0.
2023-11-26 16:50:27,060 - INFO - We entered into function: init_ai
2023-11-26 16:50:27,060 - INFO - We entered into function: init_metadata_attrs
2023-11-26 16:50:27,061 - INFO - H5 instance was initialized.
2023-11-26 16:50:27,061 - INFO - We entered into function: h5_get_dict_attrs
2023-11-26 16:50:27,062 - INFO - We entered into function: get_all_ponifiles
2023-11-26 16:50:27,063 - INFO - We entered into function: generate_ponifiles
2023-11-26 16:50:27,063 - INFO - We entered into function: check_ponifile_entry
2023-11-26 16:50:27,063 - INFO - We entered into function: check_entry
2023-11-26 16:50:27,064 - INFO - We entered into function: update_poni
2023-11-26 16:50:27,065 - INFO - We entered into function: get_ponifile
2023-11-26 16:50:27,065 - INFO - We entered into function: update_poni
2023-11-26 16:50:27,065 - INFO - We entered into function: open_poni
2023-11-26 16:50:27,065 - INFO - We entered into function: _update_gi
2023-11-26 16:50:27,065 - INFO - GrazingGeometry instance was updated.
2023-11-26 16:50:27,065 - INFO - We entered into function: _update_ai
2023-11-26 16:50:27,109 - INFO - GrazingGeometry instance was updated.
2023-11-26 16:50:27,110 - INFO - We entered into function: _set_poni
2023-11-26 16:50:27,110 - INFO - We entered into function: get_poni
2023-11-26 16:50:27,110 - INFO - Current poni parameters: {
    "poni_version": 2,
    "detector": "Detector",
    "detector_config": {
        "pixel1": 8.854e-05,
        "pixel2": 8.854e-05,
        "max_shape": [
            2880,
            960
        ]
    },
    "dist": 0.21956146503177287,
    "poni1": 0.2134776312917016,
    "poni2": 0.0066574815765295895,
    "rot1": -0.006724546816823459,
    "rot2": -0.0024356625603106676,
    "rot3": 4.738730503032621e-06,
    "wavelength": 9.998725680096795e-11
}
2023-11-26 16:50:27,110 - INFO - We entered into function: get_poni
2023-11-26 16:50:27,110 - INFO - We entered into function: get_all_entries
2023-11-26 16:50:27,110 - INFO - We entered into function: generator_samples
2023-11-26 16:50:27,111 - INFO - We entered into function: get_all_entries
2023-11-26 16:50:27,111 - INFO - We entered into function: generator_samples
2023-11-26 16:50:27,111 - INFO - We entered into function: update_orientation
2023-11-26 16:50:27,111 - INFO - We entered into function: update_orientation
2023-11-26 16:50:27,112 - INFO - The sample orientation (pygix) is set at 1.
2023-11-26 16:50:28,177 - INFO - We entered into function: get_all_metadata_keys_from_sample
2023-11-26 16:50:28,177 - INFO - We entered into function: generator_metadata_keys_from_sample
2023-11-26 16:50:28,177 - INFO - We entered into function: get_entry_name
2023-11-26 16:50:28,179 - INFO - We entered into function: get_metadata_dataframe
2023-11-26 16:50:28,179 - INFO - We entered into function: get_all_filenames_from_sample
2023-11-26 16:50:28,179 - INFO - We entered into function: generator_filenames_in_sample
2023-11-26 16:50:28,179 - INFO - We entered into function: get_metadata_dataset
2023-11-26 16:50:28,179 - INFO - We entered into function: get_entry_name
2023-11-26 16:50:28,182 - INFO - The dataframe has size 4.
2023-11-26 16:50:28,182 - INFO - Table was reseted.
2023-11-26 16:50:28,182 - INFO - Inserted columns: 1.
2023-11-26 16:50:28,183 - INFO - Inserted rows: 4.
2023-11-26 16:50:28,183 - INFO - Updated cell [0,0].
2023-11-26 16:50:28,183 - INFO - Updated cell [1,0].
2023-11-26 16:50:28,183 - INFO - Updated cell [2,0].
2023-11-26 16:50:28,184 - INFO - Updated cell [3,0].
2023-11-26 16:50:28,185 - INFO - Title for the generated map: 
2023-11-26 16:50:28,198 - INFO - We entered into function: get_metadata_dataframe
2023-11-26 16:50:28,198 - INFO - We entered into function: get_all_filenames_from_sample
2023-11-26 16:50:28,198 - INFO - We entered into function: generator_filenames_in_sample
2023-11-26 16:50:28,198 - INFO - We entered into function: get_metadata_dataset
2023-11-26 16:50:28,198 - INFO - We entered into function: get_entry_name
2023-11-26 16:50:28,199 - INFO - The dataframe has size 4.
2023-11-26 16:50:28,199 - INFO - Table was reseted.
2023-11-26 16:50:28,199 - INFO - Inserted columns: 1.
2023-11-26 16:50:28,199 - INFO - Inserted rows: 4.
2023-11-26 16:50:28,200 - INFO - Updated cell [0,0].
2023-11-26 16:50:28,200 - INFO - Updated cell [1,0].
2023-11-26 16:50:28,200 - INFO - Updated cell [2,0].
2023-11-26 16:50:28,200 - INFO - Updated cell [3,0].
2023-11-26 16:50:28,881 - INFO - We entered into function: get_Edf_data
2023-11-26 16:50:28,881 - INFO - We entered into function: get_Edf_instance
2023-11-26 16:50:28,882 - INFO - We entered into function: get_filename_from_index
2023-11-26 16:50:28,882 - INFO - We entered into function: get_entry_name
2023-11-26 16:50:28,883 - INFO - Trying to open sample name /home/edgar/work/pyxscat/pyxscat/test/test_edf/test_NCD/A1/rayonix_A1_spitch_0.12_000_0000.edf
2023-11-26 16:50:28,895 - INFO - New data sample with shape: (2880, 960)
2023-11-26 16:50:28,895 - INFO - We entered into function: get_norm_factor
2023-11-26 16:50:28,895 - INFO - We entered into function: get_dataset_norm_factor
2023-11-26 16:50:28,895 - INFO - We entered into function: get_norm_key
2023-11-26 16:50:28,895 - INFO - We entered into function: get_metadata_dataset
2023-11-26 16:50:28,895 - INFO - We entered into function: get_entry_name
2023-11-26 16:50:28,896 - ERROR - 'Unable to synchronously open object (name parameter cannot be an empty string)': dataset  could not be accessed.
2023-11-26 16:50:28,896 - ERROR - Failed while getting norm factor. Norm. factor set to 1.0.
2023-11-26 16:50:28,896 - INFO - Norm factor: 1.0
2023-11-26 16:50:28,899 - INFO - Retrieved data. Sample_name:A1, index (0,).
2023-11-26 16:50:28,916 - INFO - Filtered negative, nan and zero values.
2023-11-26 16:50:28,916 - INFO - We entered into function: update_angles
2023-11-26 16:50:28,917 - INFO - We entered into function: get_incident_angle
2023-11-26 16:50:28,917 - INFO - We entered into function: get_dataset_incident_angle
2023-11-26 16:50:28,917 - INFO - We entered into function: get_iangle_key
2023-11-26 16:50:28,917 - INFO - We entered into function: get_metadata_dataset
2023-11-26 16:50:28,917 - INFO - We entered into function: get_entry_name
2023-11-26 16:50:28,918 - ERROR - 'Unable to synchronously open object (name parameter cannot be an empty string)': dataset  could not be accessed.
2023-11-26 16:50:28,918 - INFO - Failed while getting incident angle.
2023-11-26 16:50:28,918 - INFO - Got incident angle: 0.0
2023-11-26 16:50:28,918 - INFO - We entered into function: get_tilt_angle
2023-11-26 16:50:28,918 - INFO - We entered into function: get_dataset_tilt_angle
2023-11-26 16:50:28,918 - INFO - We entered into function: get_tiltangle_key
2023-11-26 16:50:28,918 - INFO - We entered into function: get_metadata_dataset
2023-11-26 16:50:28,918 - INFO - We entered into function: get_entry_name
2023-11-26 16:50:28,918 - ERROR - 'Unable to synchronously open object (name parameter cannot be an empty string)': dataset  could not be accessed.
2023-11-26 16:50:28,918 - INFO - Failed while getting tilt angle.
2023-11-26 16:50:28,918 - INFO - Got tilt angle: 0.0
2023-11-26 16:50:28,919 - INFO - We entered into function: update_incident_angle
2023-11-26 16:50:28,919 - INFO - Incident angle set up as 0.0.
2023-11-26 16:50:28,919 - INFO - We entered into function: update_tilt_angle
2023-11-26 16:50:28,919 - INFO - Tilt angle set up as 0.0.
2023-11-26 16:50:28,919 - INFO - We entered into function: get_filename_from_index
2023-11-26 16:50:28,919 - INFO - We entered into function: get_entry_name
2023-11-26 16:50:28,920 - INFO - New label: /home/edgar/work/pyxscat/pyxscat/test/test_edf/test_NCD/A1/rayonix_A1_spitch_0.12_000_0000.edf
2023-11-26 16:50:28,920 - INFO - Dictionaries of integration: []
2023-11-26 16:50:28,920 - INFO - Dictionaries of integration: []
2023-11-26 16:50:28,920 - INFO - We entered into function: generate_integration
2023-11-26 16:50:28,920 - INFO - We entered into function: generate_integration
2023-11-26 16:50:28,920 - INFO - True
2023-11-26 16:50:28,921 - INFO - Data extracted from cache. Data: <class 'numpy.ndarray'>
2023-11-26 16:50:28,929 - INFO - (327.09600830078125, 2118.492431640625)
2023-11-26 16:50:28,934 - INFO - Displayed data.
2023-11-26 16:50:32,393 - INFO - Dictionaries of integration: ['azim_complete']
2023-11-26 16:50:32,394 - INFO - Dictionaries of integration: [{'name': 'azim_complete', 'suffix': 'azim_complete', 'type': 'azimuthal', 'unit': 'q_nm^-1', 'radial_range': [0.0, 30.0], 'azimuth_range': [0.0, 90.0], 'azim_bins': 0, 'integration': 'cake'}]
2023-11-26 16:50:32,394 - INFO - We entered into function: generate_integration
2023-11-26 16:50:32,394 - INFO - We entered into function: generate_integration
2023-11-26 16:50:32,394 - INFO - We entered into function: raw_integration
2023-11-26 16:50:32,394 - INFO - We entered into function: integration_azimuthal
2023-11-26 16:50:32,394 - INFO - We entered into function: calculate_bins
2023-11-26 16:50:32,395 - INFO - We entered into function: q_to_twotheta
2023-11-26 16:50:32,395 - INFO - We entered into function: q_to_twotheta
2023-11-26 16:50:32,395 - INFO - Trying azimuthal integration with: data-shape=(2880, 960) bins=1298, p0_range=[0.0, 30.0], p1_range=[0.0, 90.0], unit=q_nm^-1
2023-11-26 16:50:32,966 - INFO - Azimuthal integration performed.
2023-11-26 16:50:32,968 - INFO - False
2023-11-26 16:50:32,968 - INFO - Data extracted from cache. Data: <class 'numpy.ndarray'>
2023-11-26 16:50:32,980 - INFO - (327.09600830078125, 2118.492431640625)
2023-11-26 16:50:32,984 - INFO - Displayed data.
2023-11-26 16:50:34,201 - INFO - We entered into function: update_orientation
2023-11-26 16:50:34,201 - INFO - We entered into function: update_orientation
2023-11-26 16:50:34,202 - INFO - The sample orientation (pygix) is set at 3.
2023-11-26 16:50:34,203 - INFO - New sample orientation: 3
2023-11-26 16:50:34,203 - INFO - Dictionaries of integration: ['azim_complete']
2023-11-26 16:50:34,204 - INFO - Dictionaries of integration: [{'name': 'azim_complete', 'suffix': 'azim_complete', 'type': 'azimuthal', 'unit': 'q_nm^-1', 'radial_range': [0.0, 30.0], 'azimuth_range': [0.0, 90.0], 'azim_bins': 0, 'integration': 'cake'}]
2023-11-26 16:50:34,204 - INFO - We entered into function: generate_integration
2023-11-26 16:50:34,204 - INFO - We entered into function: generate_integration
2023-11-26 16:50:34,204 - INFO - We entered into function: raw_integration
2023-11-26 16:50:34,204 - INFO - We entered into function: integration_azimuthal
2023-11-26 16:50:34,204 - INFO - We entered into function: calculate_bins
2023-11-26 16:50:34,204 - INFO - We entered into function: q_to_twotheta
2023-11-26 16:50:34,204 - INFO - We entered into function: q_to_twotheta
2023-11-26 16:50:34,204 - INFO - Trying azimuthal integration with: data-shape=(2880, 960) bins=1298, p0_range=[0.0, 30.0], p1_range=[0.0, 90.0], unit=q_nm^-1
2023-11-26 16:50:34,856 - INFO - Azimuthal integration performed.
2023-11-26 16:50:34,857 - INFO - False
2023-11-26 16:50:34,858 - INFO - Data extracted from cache. Data: <class 'numpy.ndarray'>
2023-11-26 16:50:34,865 - INFO - (327.09600830078125, 2118.492431640625)
2023-11-26 16:50:34,870 - INFO - Displayed data.
2023-11-26 16:50:37,178 - INFO - We entered into function: get_Edf_data
2023-11-26 16:50:37,178 - INFO - We entered into function: get_Edf_instance
2023-11-26 16:50:37,178 - INFO - We entered into function: get_filename_from_index
2023-11-26 16:50:37,178 - INFO - We entered into function: get_entry_name
2023-11-26 16:50:37,180 - INFO - Trying to open sample name /home/edgar/work/pyxscat/pyxscat/test/test_edf/test_NCD/A1/rayonix_A1_spitch_0.12_000_0000.edf
2023-11-26 16:50:37,188 - INFO - New data sample with shape: (2880, 960)
2023-11-26 16:50:37,188 - INFO - We entered into function: get_norm_factor
2023-11-26 16:50:37,188 - INFO - We entered into function: get_dataset_norm_factor
2023-11-26 16:50:37,188 - INFO - We entered into function: get_norm_key
2023-11-26 16:50:37,188 - INFO - We entered into function: get_metadata_dataset
2023-11-26 16:50:37,188 - INFO - We entered into function: get_entry_name
2023-11-26 16:50:37,190 - ERROR - 'Unable to synchronously open object (name parameter cannot be an empty string)': dataset  could not be accessed.
2023-11-26 16:50:37,190 - ERROR - Failed while getting norm factor. Norm. factor set to 1.0.
2023-11-26 16:50:37,190 - INFO - Norm factor: 1.0
2023-11-26 16:50:37,193 - INFO - Retrieved data. Sample_name:A1, index (0,).
2023-11-26 16:50:37,200 - INFO - Filtered negative, nan and zero values.
2023-11-26 16:50:37,201 - INFO - Dictionaries of integration: ['azim_complete']
2023-11-26 16:50:37,201 - INFO - Dictionaries of integration: [{'name': 'azim_complete', 'suffix': 'azim_complete', 'type': 'azimuthal', 'unit': 'q_nm^-1', 'radial_range': [0.0, 30.0], 'azimuth_range': [0.0, 90.0], 'azim_bins': 0, 'integration': 'cake'}]
2023-11-26 16:50:37,201 - INFO - We entered into function: generate_integration
2023-11-26 16:50:37,201 - INFO - We entered into function: generate_integration
2023-11-26 16:50:37,201 - INFO - We entered into function: raw_integration
2023-11-26 16:50:37,201 - INFO - We entered into function: integration_azimuthal
2023-11-26 16:50:37,201 - INFO - We entered into function: calculate_bins
2023-11-26 16:50:37,201 - INFO - We entered into function: q_to_twotheta
2023-11-26 16:50:37,202 - INFO - We entered into function: q_to_twotheta
2023-11-26 16:50:37,202 - INFO - Trying azimuthal integration with: data-shape=(2880, 960) bins=1298, p0_range=[0.0, 30.0], p1_range=[0.0, 90.0], unit=q_nm^-1
2023-11-26 16:50:37,271 - INFO - Azimuthal integration performed.
2023-11-26 16:50:37,273 - INFO - False
2023-11-26 16:50:37,273 - INFO - Data extracted from cache. Data: <class 'numpy.ndarray'>
2023-11-26 16:50:37,282 - INFO - (327.09600830078125, 2118.492431640625)
2023-11-26 16:50:37,287 - INFO - Displayed data.
2023-11-26 16:50:38,873 - INFO - We entered into function: get_Edf_data
2023-11-26 16:50:38,873 - INFO - We entered into function: get_Edf_instance
2023-11-26 16:50:38,873 - INFO - We entered into function: get_filename_from_index
2023-11-26 16:50:38,874 - INFO - We entered into function: get_entry_name
2023-11-26 16:50:38,876 - INFO - Trying to open sample name /home/edgar/work/pyxscat/pyxscat/test/test_edf/test_NCD/A1/rayonix_A1_spitch_0.12_000_0000.edf
2023-11-26 16:50:38,883 - INFO - New data sample with shape: (2880, 960)
2023-11-26 16:50:38,883 - INFO - We entered into function: get_norm_factor
2023-11-26 16:50:38,883 - INFO - We entered into function: get_dataset_norm_factor
2023-11-26 16:50:38,883 - INFO - We entered into function: get_norm_key
2023-11-26 16:50:38,883 - INFO - We entered into function: get_metadata_dataset
2023-11-26 16:50:38,883 - INFO - We entered into function: get_entry_name
2023-11-26 16:50:38,885 - ERROR - 'Unable to synchronously open object (name parameter cannot be an empty string)': dataset  could not be accessed.
2023-11-26 16:50:38,885 - ERROR - Failed while getting norm factor. Norm. factor set to 1.0.
2023-11-26 16:50:38,885 - INFO - Norm factor: 1.0
2023-11-26 16:50:38,887 - INFO - Retrieved data. Sample_name:A1, index (0,).
2023-11-26 16:50:38,895 - INFO - Filtered negative, nan and zero values.
2023-11-26 16:50:38,896 - INFO - Dictionaries of integration: ['azim_complete']
2023-11-26 16:50:38,896 - INFO - Dictionaries of integration: [{'name': 'azim_complete', 'suffix': 'azim_complete', 'type': 'azimuthal', 'unit': 'q_nm^-1', 'radial_range': [0.0, 30.0], 'azimuth_range': [0.0, 90.0], 'azim_bins': 0, 'integration': 'cake'}]
2023-11-26 16:50:38,896 - INFO - We entered into function: generate_integration
2023-11-26 16:50:38,896 - INFO - We entered into function: generate_integration
2023-11-26 16:50:38,896 - INFO - We entered into function: raw_integration
2023-11-26 16:50:38,896 - INFO - We entered into function: integration_azimuthal
2023-11-26 16:50:38,896 - INFO - We entered into function: calculate_bins
2023-11-26 16:50:38,897 - INFO - We entered into function: q_to_twotheta
2023-11-26 16:50:38,897 - INFO - We entered into function: q_to_twotheta
2023-11-26 16:50:38,897 - INFO - Trying azimuthal integration with: data-shape=(2880, 960) bins=1298, p0_range=[0.0, 30.0], p1_range=[0.0, 90.0], unit=q_nm^-1
2023-11-26 16:50:38,965 - INFO - Azimuthal integration performed.
2023-11-26 16:50:38,967 - INFO - False
2023-11-26 16:50:38,967 - INFO - Data extracted from cache. Data: <class 'numpy.ndarray'>
2023-11-26 16:50:38,976 - INFO - (327.09600830078125, 2118.492431640625)
2023-11-26 16:50:38,980 - INFO - Displayed data.
2023-11-26 16:50:39,193 - INFO - We entered into function: get_Edf_data
2023-11-26 16:50:39,193 - INFO - We entered into function: get_Edf_instance
2023-11-26 16:50:39,193 - INFO - We entered into function: get_filename_from_index
2023-11-26 16:50:39,194 - INFO - We entered into function: get_entry_name
2023-11-26 16:50:39,195 - INFO - Trying to open sample name /home/edgar/work/pyxscat/pyxscat/test/test_edf/test_NCD/A1/rayonix_A1_spitch_0.12_000_0000.edf
2023-11-26 16:50:39,204 - INFO - New data sample with shape: (2880, 960)
2023-11-26 16:50:39,204 - INFO - We entered into function: get_norm_factor
2023-11-26 16:50:39,204 - INFO - We entered into function: get_dataset_norm_factor
2023-11-26 16:50:39,204 - INFO - We entered into function: get_norm_key
2023-11-26 16:50:39,204 - INFO - We entered into function: get_metadata_dataset
2023-11-26 16:50:39,204 - INFO - We entered into function: get_entry_name
2023-11-26 16:50:39,206 - ERROR - 'Unable to synchronously open object (name parameter cannot be an empty string)': dataset  could not be accessed.
2023-11-26 16:50:39,206 - ERROR - Failed while getting norm factor. Norm. factor set to 1.0.
2023-11-26 16:50:39,206 - INFO - Norm factor: 1.0
2023-11-26 16:50:39,209 - INFO - Retrieved data. Sample_name:A1, index (0,).
2023-11-26 16:50:39,217 - INFO - Filtered negative, nan and zero values.
2023-11-26 16:50:39,218 - INFO - Dictionaries of integration: ['azim_complete']
2023-11-26 16:50:39,218 - INFO - Dictionaries of integration: [{'name': 'azim_complete', 'suffix': 'azim_complete', 'type': 'azimuthal', 'unit': 'q_nm^-1', 'radial_range': [0.0, 30.0], 'azimuth_range': [0.0, 90.0], 'azim_bins': 0, 'integration': 'cake'}]
2023-11-26 16:50:39,218 - INFO - We entered into function: generate_integration
2023-11-26 16:50:39,218 - INFO - We entered into function: generate_integration
2023-11-26 16:50:39,218 - INFO - We entered into function: raw_integration
2023-11-26 16:50:39,218 - INFO - We entered into function: integration_azimuthal
2023-11-26 16:50:39,218 - INFO - We entered into function: calculate_bins
2023-11-26 16:50:39,218 - INFO - We entered into function: q_to_twotheta
2023-11-26 16:50:39,218 - INFO - We entered into function: q_to_twotheta
2023-11-26 16:50:39,218 - INFO - Trying azimuthal integration with: data-shape=(2880, 960) bins=1298, p0_range=[0.0, 30.0], p1_range=[0.0, 90.0], unit=q_nm^-1
2023-11-26 16:50:39,284 - INFO - Azimuthal integration performed.
2023-11-26 16:50:39,286 - INFO - False
2023-11-26 16:50:39,286 - INFO - Data extracted from cache. Data: <class 'numpy.ndarray'>
2023-11-26 16:50:39,295 - INFO - (327.09600830078125, 2118.492431640625)
2023-11-26 16:50:39,299 - INFO - Displayed data.
2023-11-26 16:50:39,409 - INFO - We entered into function: get_Edf_data
2023-11-26 16:50:39,409 - INFO - We entered into function: get_Edf_instance
2023-11-26 16:50:39,409 - INFO - We entered into function: get_filename_from_index
2023-11-26 16:50:39,409 - INFO - We entered into function: get_entry_name
2023-11-26 16:50:39,410 - INFO - Trying to open sample name /home/edgar/work/pyxscat/pyxscat/test/test_edf/test_NCD/A1/rayonix_A1_spitch_0.12_000_0000.edf
2023-11-26 16:50:39,416 - INFO - New data sample with shape: (2880, 960)
2023-11-26 16:50:39,416 - INFO - We entered into function: get_norm_factor
2023-11-26 16:50:39,416 - INFO - We entered into function: get_dataset_norm_factor
2023-11-26 16:50:39,416 - INFO - We entered into function: get_norm_key
2023-11-26 16:50:39,416 - INFO - We entered into function: get_metadata_dataset
2023-11-26 16:50:39,416 - INFO - We entered into function: get_entry_name
2023-11-26 16:50:39,418 - ERROR - 'Unable to synchronously open object (name parameter cannot be an empty string)': dataset  could not be accessed.
2023-11-26 16:50:39,418 - ERROR - Failed while getting norm factor. Norm. factor set to 1.0.
2023-11-26 16:50:39,418 - INFO - Norm factor: 1.0
2023-11-26 16:50:39,420 - INFO - Retrieved data. Sample_name:A1, index (0,).
2023-11-26 16:50:39,430 - INFO - Filtered negative, nan and zero values.
2023-11-26 16:50:39,430 - INFO - Dictionaries of integration: ['azim_complete']
2023-11-26 16:50:39,431 - INFO - Dictionaries of integration: [{'name': 'azim_complete', 'suffix': 'azim_complete', 'type': 'azimuthal', 'unit': 'q_nm^-1', 'radial_range': [0.0, 30.0], 'azimuth_range': [0.0, 90.0], 'azim_bins': 0, 'integration': 'cake'}]
2023-11-26 16:50:39,431 - INFO - We entered into function: generate_integration
2023-11-26 16:50:39,431 - INFO - We entered into function: generate_integration
2023-11-26 16:50:39,431 - INFO - We entered into function: raw_integration
2023-11-26 16:50:39,431 - INFO - We entered into function: integration_azimuthal
2023-11-26 16:50:39,431 - INFO - We entered into function: calculate_bins
2023-11-26 16:50:39,431 - INFO - We entered into function: q_to_twotheta
2023-11-26 16:50:39,431 - INFO - We entered into function: q_to_twotheta
2023-11-26 16:50:39,431 - INFO - Trying azimuthal integration with: data-shape=(2880, 960) bins=1298, p0_range=[0.0, 30.0], p1_range=[0.0, 90.0], unit=q_nm^-1
2023-11-26 16:50:39,507 - INFO - Azimuthal integration performed.
2023-11-26 16:50:39,509 - INFO - False
2023-11-26 16:50:39,509 - INFO - Data extracted from cache. Data: <class 'numpy.ndarray'>
2023-11-26 16:50:39,517 - INFO - (327.09600830078125, 2118.492431640625)
2023-11-26 16:50:39,521 - INFO - Displayed data.
2023-11-26 16:50:42,225 - INFO - We entered into function: update_metadata_keys
2023-11-26 16:50:42,225 - INFO - New metadata keys: defaultdict(<class 'str'>, {'name': 'ALBA_NCD', 'iangle_key': 'spitch', 'tilt_key': 'sroll', 'norm_key': 'Monitor', 'acq_key': 'exposure'})
2023-11-26 16:50:45,025 - INFO - We entered into function: get_Edf_data
2023-11-26 16:50:45,025 - INFO - We entered into function: get_Edf_instance
2023-11-26 16:50:45,025 - INFO - We entered into function: get_filename_from_index
2023-11-26 16:50:45,026 - INFO - We entered into function: get_entry_name
2023-11-26 16:50:45,027 - INFO - Trying to open sample name /home/edgar/work/pyxscat/pyxscat/test/test_edf/test_NCD/A1/rayonix_A1_spitch_0.12_000_0000.edf
2023-11-26 16:50:45,033 - INFO - New data sample with shape: (2880, 960)
2023-11-26 16:50:45,034 - INFO - We entered into function: get_norm_factor
2023-11-26 16:50:45,034 - INFO - We entered into function: get_dataset_norm_factor
2023-11-26 16:50:45,034 - INFO - We entered into function: get_norm_key
2023-11-26 16:50:45,034 - INFO - We entered into function: get_metadata_dataset
2023-11-26 16:50:45,034 - INFO - We entered into function: get_entry_name
2023-11-26 16:50:45,036 - INFO - Norm factor: 2019.0568816752
2023-11-26 16:50:45,040 - INFO - Retrieved data. Sample_name:A1, index (0,).
2023-11-26 16:50:45,049 - INFO - Filtered negative, nan and zero values.
2023-11-26 16:50:45,049 - INFO - Dictionaries of integration: ['azim_complete']
2023-11-26 16:50:45,050 - INFO - Dictionaries of integration: [{'name': 'azim_complete', 'suffix': 'azim_complete', 'type': 'azimuthal', 'unit': 'q_nm^-1', 'radial_range': [0.0, 30.0], 'azimuth_range': [0.0, 90.0], 'azim_bins': 0, 'integration': 'cake'}]
2023-11-26 16:50:45,050 - INFO - We entered into function: generate_integration
2023-11-26 16:50:45,050 - INFO - We entered into function: generate_integration
2023-11-26 16:50:45,050 - INFO - We entered into function: raw_integration
2023-11-26 16:50:45,050 - INFO - We entered into function: integration_azimuthal
2023-11-26 16:50:45,050 - INFO - We entered into function: calculate_bins
2023-11-26 16:50:45,050 - INFO - We entered into function: q_to_twotheta
2023-11-26 16:50:45,050 - INFO - We entered into function: q_to_twotheta
2023-11-26 16:50:45,050 - INFO - Trying azimuthal integration with: data-shape=(2880, 960) bins=1298, p0_range=[0.0, 30.0], p1_range=[0.0, 90.0], unit=q_nm^-1
2023-11-26 16:50:45,119 - INFO - Azimuthal integration performed.
2023-11-26 16:50:45,121 - INFO - False
2023-11-26 16:50:45,121 - INFO - Data extracted from cache. Data: <class 'numpy.ndarray'>
2023-11-26 16:50:45,130 - INFO - (0.16200432181358337, 1.0492483973503113)
2023-11-26 16:50:45,134 - INFO - Displayed data.
2023-11-26 16:50:47,385 - INFO - We entered into function: get_Edf_data
2023-11-26 16:50:47,385 - INFO - We entered into function: get_Edf_instance
2023-11-26 16:50:47,385 - INFO - We entered into function: get_filename_from_index
2023-11-26 16:50:47,385 - INFO - We entered into function: get_entry_name
2023-11-26 16:50:47,387 - INFO - Trying to open sample name /home/edgar/work/pyxscat/pyxscat/test/test_edf/test_NCD/A1/rayonix_A1_spitch_0.12_000_0000.edf
2023-11-26 16:50:47,394 - INFO - New data sample with shape: (2880, 960)
2023-11-26 16:50:47,394 - INFO - We entered into function: get_norm_factor
2023-11-26 16:50:47,394 - INFO - We entered into function: get_dataset_norm_factor
2023-11-26 16:50:47,394 - INFO - We entered into function: get_norm_key
2023-11-26 16:50:47,394 - INFO - We entered into function: get_metadata_dataset
2023-11-26 16:50:47,394 - INFO - We entered into function: get_entry_name
2023-11-26 16:50:47,396 - INFO - Norm factor: 2019.0568816752
2023-11-26 16:50:47,399 - INFO - Retrieved data. Sample_name:A1, index (0,).
2023-11-26 16:50:47,409 - INFO - Filtered negative, nan and zero values.
2023-11-26 16:50:47,409 - INFO - Dictionaries of integration: ['azim_complete']
2023-11-26 16:50:47,409 - INFO - Dictionaries of integration: [{'name': 'azim_complete', 'suffix': 'azim_complete', 'type': 'azimuthal', 'unit': 'q_nm^-1', 'radial_range': [0.0, 30.0], 'azimuth_range': [0.0, 90.0], 'azim_bins': 0, 'integration': 'cake'}]
2023-11-26 16:50:47,410 - INFO - We entered into function: generate_integration
2023-11-26 16:50:47,410 - INFO - We entered into function: generate_integration
2023-11-26 16:50:47,410 - INFO - We entered into function: raw_integration
2023-11-26 16:50:47,410 - INFO - We entered into function: integration_azimuthal
2023-11-26 16:50:47,410 - INFO - We entered into function: calculate_bins
2023-11-26 16:50:47,410 - INFO - We entered into function: q_to_twotheta
2023-11-26 16:50:47,410 - INFO - We entered into function: q_to_twotheta
2023-11-26 16:50:47,410 - INFO - Trying azimuthal integration with: data-shape=(2880, 960) bins=1298, p0_range=[0.0, 30.0], p1_range=[0.0, 90.0], unit=q_nm^-1
2023-11-26 16:50:47,479 - INFO - Azimuthal integration performed.
2023-11-26 16:50:47,481 - INFO - False
2023-11-26 16:50:47,481 - INFO - Data extracted from cache. Data: <class 'numpy.ndarray'>
2023-11-26 16:50:47,490 - INFO - (0.16200432181358337, 1.0492483973503113)
2023-11-26 16:50:47,494 - INFO - Displayed data.
2023-11-26 16:50:47,889 - INFO - We entered into function: get_Edf_data
2023-11-26 16:50:47,889 - INFO - We entered into function: get_Edf_instance
2023-11-26 16:50:47,889 - INFO - We entered into function: get_filename_from_index
2023-11-26 16:50:47,889 - INFO - We entered into function: get_entry_name
2023-11-26 16:50:47,891 - INFO - Trying to open sample name /home/edgar/work/pyxscat/pyxscat/test/test_edf/test_NCD/A1/rayonix_A1_spitch_0.12_000_0000.edf
2023-11-26 16:50:47,896 - INFO - New data sample with shape: (2880, 960)
2023-11-26 16:50:47,896 - INFO - We entered into function: get_norm_factor
2023-11-26 16:50:47,896 - INFO - We entered into function: get_dataset_norm_factor
2023-11-26 16:50:47,896 - INFO - We entered into function: get_norm_key
2023-11-26 16:50:47,897 - INFO - We entered into function: get_metadata_dataset
2023-11-26 16:50:47,897 - INFO - We entered into function: get_entry_name
2023-11-26 16:50:47,898 - INFO - Norm factor: 2019.0568816752
2023-11-26 16:50:47,900 - INFO - Retrieved data. Sample_name:A1, index (0,).
2023-11-26 16:50:47,910 - INFO - Filtered negative, nan and zero values.
2023-11-26 16:50:47,911 - INFO - Dictionaries of integration: ['azim_complete']
2023-11-26 16:50:47,912 - INFO - Dictionaries of integration: [{'name': 'azim_complete', 'suffix': 'azim_complete', 'type': 'azimuthal', 'unit': 'q_nm^-1', 'radial_range': [0.0, 30.0], 'azimuth_range': [0.0, 90.0], 'azim_bins': 0, 'integration': 'cake'}]
2023-11-26 16:50:47,912 - INFO - We entered into function: generate_integration
2023-11-26 16:50:47,912 - INFO - We entered into function: generate_integration
2023-11-26 16:50:47,912 - INFO - We entered into function: raw_integration
2023-11-26 16:50:47,912 - INFO - We entered into function: integration_azimuthal
2023-11-26 16:50:47,912 - INFO - We entered into function: calculate_bins
2023-11-26 16:50:47,912 - INFO - We entered into function: q_to_twotheta
2023-11-26 16:50:47,912 - INFO - We entered into function: q_to_twotheta
2023-11-26 16:50:47,912 - INFO - Trying azimuthal integration with: data-shape=(2880, 960) bins=1298, p0_range=[0.0, 30.0], p1_range=[0.0, 90.0], unit=q_nm^-1
2023-11-26 16:50:47,979 - INFO - Azimuthal integration performed.
2023-11-26 16:50:47,980 - INFO - False
2023-11-26 16:50:47,981 - INFO - Data extracted from cache. Data: <class 'numpy.ndarray'>
2023-11-26 16:50:47,989 - INFO - (0.16200432181358337, 1.0492483973503113)
2023-11-26 16:50:47,993 - INFO - Displayed data.
2023-11-26 16:50:48,897 - INFO - We entered into function: get_Edf_data
2023-11-26 16:50:48,897 - INFO - We entered into function: get_Edf_instance
2023-11-26 16:50:48,897 - INFO - We entered into function: get_filename_from_index
2023-11-26 16:50:48,897 - INFO - We entered into function: get_entry_name
2023-11-26 16:50:48,899 - INFO - Trying to open sample name /home/edgar/work/pyxscat/pyxscat/test/test_edf/test_NCD/A1/rayonix_A1_spitch_0.12_000_0000.edf
2023-11-26 16:50:48,905 - INFO - New data sample with shape: (2880, 960)
2023-11-26 16:50:48,906 - INFO - We entered into function: get_norm_factor
2023-11-26 16:50:48,906 - INFO - We entered into function: get_dataset_norm_factor
2023-11-26 16:50:48,906 - INFO - We entered into function: get_norm_key
2023-11-26 16:50:48,906 - INFO - We entered into function: get_metadata_dataset
2023-11-26 16:50:48,906 - INFO - We entered into function: get_entry_name
2023-11-26 16:50:48,907 - INFO - Norm factor: 2019.0568816752
2023-11-26 16:50:48,910 - INFO - Retrieved data. Sample_name:A1, index (0,).
2023-11-26 16:50:48,918 - INFO - Filtered negative, nan and zero values.
2023-11-26 16:50:48,919 - INFO - Dictionaries of integration: ['azim_complete']
2023-11-26 16:50:48,919 - INFO - Dictionaries of integration: [{'name': 'azim_complete', 'suffix': 'azim_complete', 'type': 'azimuthal', 'unit': 'q_nm^-1', 'radial_range': [0.0, 30.0], 'azimuth_range': [0.0, 90.0], 'azim_bins': 0, 'integration': 'cake'}]
2023-11-26 16:50:48,919 - INFO - We entered into function: generate_integration
2023-11-26 16:50:48,919 - INFO - We entered into function: generate_integration
2023-11-26 16:50:48,919 - INFO - We entered into function: raw_integration
2023-11-26 16:50:48,919 - INFO - We entered into function: integration_azimuthal
2023-11-26 16:50:48,919 - INFO - We entered into function: calculate_bins
2023-11-26 16:50:48,919 - INFO - We entered into function: q_to_twotheta
2023-11-26 16:50:48,919 - INFO - We entered into function: q_to_twotheta
2023-11-26 16:50:48,919 - INFO - Trying azimuthal integration with: data-shape=(2880, 960) bins=1298, p0_range=[0.0, 30.0], p1_range=[0.0, 90.0], unit=q_nm^-1
2023-11-26 16:50:48,986 - INFO - Azimuthal integration performed.
2023-11-26 16:50:48,988 - INFO - False
2023-11-26 16:50:48,988 - INFO - Data extracted from cache. Data: <class 'numpy.ndarray'>
2023-11-26 16:50:48,996 - INFO - (0.16200432181358337, 1.0492483973503113)
2023-11-26 16:50:49,000 - INFO - Displayed data.
2023-11-26 16:50:49,073 - INFO - We entered into function: get_Edf_data
2023-11-26 16:50:49,073 - INFO - We entered into function: get_Edf_instance
2023-11-26 16:50:49,073 - INFO - We entered into function: get_filename_from_index
2023-11-26 16:50:49,073 - INFO - We entered into function: get_entry_name
2023-11-26 16:50:49,075 - INFO - Trying to open sample name /home/edgar/work/pyxscat/pyxscat/test/test_edf/test_NCD/A1/rayonix_A1_spitch_0.12_000_0000.edf
2023-11-26 16:50:49,083 - INFO - New data sample with shape: (2880, 960)
2023-11-26 16:50:49,083 - INFO - We entered into function: get_norm_factor
2023-11-26 16:50:49,083 - INFO - We entered into function: get_dataset_norm_factor
2023-11-26 16:50:49,083 - INFO - We entered into function: get_norm_key
2023-11-26 16:50:49,083 - INFO - We entered into function: get_metadata_dataset
2023-11-26 16:50:49,083 - INFO - We entered into function: get_entry_name
2023-11-26 16:50:49,085 - INFO - Norm factor: 2019.0568816752
2023-11-26 16:50:49,086 - INFO - Retrieved data. Sample_name:A1, index (0,).
2023-11-26 16:50:49,095 - INFO - Filtered negative, nan and zero values.
2023-11-26 16:50:49,096 - INFO - Dictionaries of integration: ['azim_complete']
2023-11-26 16:50:49,096 - INFO - Dictionaries of integration: [{'name': 'azim_complete', 'suffix': 'azim_complete', 'type': 'azimuthal', 'unit': 'q_nm^-1', 'radial_range': [0.0, 30.0], 'azimuth_range': [0.0, 90.0], 'azim_bins': 0, 'integration': 'cake'}]
2023-11-26 16:50:49,096 - INFO - We entered into function: generate_integration
2023-11-26 16:50:49,096 - INFO - We entered into function: generate_integration
2023-11-26 16:50:49,096 - INFO - We entered into function: raw_integration
2023-11-26 16:50:49,096 - INFO - We entered into function: integration_azimuthal
2023-11-26 16:50:49,096 - INFO - We entered into function: calculate_bins
2023-11-26 16:50:49,097 - INFO - We entered into function: q_to_twotheta
2023-11-26 16:50:49,097 - INFO - We entered into function: q_to_twotheta
2023-11-26 16:50:49,097 - INFO - Trying azimuthal integration with: data-shape=(2880, 960) bins=1298, p0_range=[0.0, 30.0], p1_range=[0.0, 90.0], unit=q_nm^-1
2023-11-26 16:50:49,161 - INFO - Azimuthal integration performed.
2023-11-26 16:50:49,163 - INFO - False
2023-11-26 16:50:49,163 - INFO - Data extracted from cache. Data: <class 'numpy.ndarray'>
2023-11-26 16:50:49,171 - INFO - (0.16200432181358337, 1.0492483973503113)
2023-11-26 16:50:49,176 - INFO - Displayed data.
2023-11-26 16:50:50,657 - INFO - We entered into function: get_Edf_data
2023-11-26 16:50:50,657 - INFO - We entered into function: get_Edf_instance
2023-11-26 16:50:50,657 - INFO - We entered into function: get_filename_from_index
2023-11-26 16:50:50,657 - INFO - We entered into function: get_entry_name
2023-11-26 16:50:50,659 - INFO - Trying to open sample name /home/edgar/work/pyxscat/pyxscat/test/test_edf/test_NCD/A1/rayonix_A1_spitch_0.15_000_0000.edf
2023-11-26 16:50:50,665 - INFO - New data sample with shape: (2880, 960)
2023-11-26 16:50:50,666 - INFO - We entered into function: get_norm_factor
2023-11-26 16:50:50,666 - INFO - We entered into function: get_dataset_norm_factor
2023-11-26 16:50:50,666 - INFO - We entered into function: get_norm_key
2023-11-26 16:50:50,666 - INFO - We entered into function: get_metadata_dataset
2023-11-26 16:50:50,666 - INFO - We entered into function: get_entry_name
2023-11-26 16:50:50,667 - INFO - Norm factor: 2018.734167944
2023-11-26 16:50:50,670 - INFO - Retrieved data. Sample_name:A1, index (1,).
2023-11-26 16:50:50,670 - INFO - Reference folder: Reference
2023-11-26 16:50:50,670 - INFO - We entered into function: get_acquisition_key
2023-11-26 16:50:50,670 - INFO - We entered into function: get_acquisition_time
2023-11-26 16:50:50,670 - INFO - We entered into function: get_dataset_acquisition_time
2023-11-26 16:50:50,670 - INFO - We entered into function: get_acquisition_key
2023-11-26 16:50:50,670 - INFO - We entered into function: get_metadata_dataset
2023-11-26 16:50:50,670 - INFO - We entered into function: get_entry_name
2023-11-26 16:50:50,671 - INFO - Got acquistion time: 10.0
2023-11-26 16:50:50,671 - INFO - Acquisition time of the sample is 10.0.
2023-11-26 16:50:50,671 - INFO - We entered into function: get_dataset_acquisition_time
2023-11-26 16:50:50,671 - INFO - We entered into function: get_acquisition_key
2023-11-26 16:50:50,671 - INFO - We entered into function: get_metadata_dataset
2023-11-26 16:50:50,671 - INFO - We entered into function: get_entry_name
2023-11-26 16:50:50,673 - INFO - Acquisition dataset of the reference folder is [10.  1.  5.].
2023-11-26 16:50:50,673 - INFO - We entered into function: get_filename_from_index
2023-11-26 16:50:50,673 - INFO - We entered into function: get_entry_name
2023-11-26 16:50:50,674 - INFO - Auto reference file: /home/edgar/work/pyxscat/pyxscat/test/test_edf/test_NCD/Reference/rayonix_10s_spitch_0.12_000_0000.edf
2023-11-26 16:50:50,674 - INFO - Reference file: /home/edgar/work/pyxscat/pyxscat/test/test_edf/test_NCD/Reference/rayonix_10s_spitch_0.12_000_0000.edf.
2023-11-26 16:50:50,674 - INFO - We entered into function: get_Edf_data
2023-11-26 16:50:50,674 - INFO - We entered into function: get_Edf_instance
2023-11-26 16:50:50,680 - INFO - New data sample with shape: (2880, 960)
2023-11-26 16:50:50,680 - INFO - We entered into function: get_norm_factor
2023-11-26 16:50:50,680 - INFO - We entered into function: get_dataset_norm_factor
2023-11-26 16:50:50,680 - INFO - We entered into function: get_norm_key
2023-11-26 16:50:50,680 - INFO - We entered into function: get_metadata_dataset
2023-11-26 16:50:50,680 - INFO - We entered into function: get_entry_name
2023-11-26 16:50:50,681 - INFO - Norm factor: 2032.7465264043
2023-11-26 16:50:50,683 - INFO - New reference factor: 0.68
2023-11-26 16:50:50,696 - INFO - Filtered negative, nan and zero values.
2023-11-26 16:50:50,697 - INFO - We entered into function: update_angles
2023-11-26 16:50:50,697 - INFO - We entered into function: get_incident_angle
2023-11-26 16:50:50,697 - INFO - We entered into function: get_dataset_incident_angle
2023-11-26 16:50:50,697 - INFO - We entered into function: get_iangle_key
2023-11-26 16:50:50,697 - INFO - We entered into function: get_metadata_dataset
2023-11-26 16:50:50,697 - INFO - We entered into function: get_entry_name
2023-11-26 16:50:50,698 - INFO - Got incident angle: 0.15
2023-11-26 16:50:50,698 - INFO - We entered into function: get_tilt_angle
2023-11-26 16:50:50,698 - INFO - We entered into function: get_dataset_tilt_angle
2023-11-26 16:50:50,698 - INFO - We entered into function: get_tiltangle_key
2023-11-26 16:50:50,698 - INFO - We entered into function: get_metadata_dataset
2023-11-26 16:50:50,698 - INFO - We entered into function: get_entry_name
2023-11-26 16:50:50,699 - INFO - Got tilt angle: 0.0
2023-11-26 16:50:50,699 - INFO - We entered into function: update_incident_angle
2023-11-26 16:50:50,700 - INFO - Incident angle set up as 0.15.
2023-11-26 16:50:50,700 - INFO - We entered into function: update_tilt_angle
2023-11-26 16:50:50,700 - INFO - Tilt angle set up as 0.0.
2023-11-26 16:50:50,700 - INFO - We entered into function: get_filename_from_index
2023-11-26 16:50:50,700 - INFO - We entered into function: get_entry_name
2023-11-26 16:50:50,701 - INFO - New label: /home/edgar/work/pyxscat/pyxscat/test/test_edf/test_NCD/A1/rayonix_A1_spitch_0.15_000_0000.edf
2023-11-26 16:50:50,701 - INFO - Dictionaries of integration: ['azim_complete']
2023-11-26 16:50:50,702 - INFO - Dictionaries of integration: [{'name': 'azim_complete', 'suffix': 'azim_complete', 'type': 'azimuthal', 'unit': 'q_nm^-1', 'radial_range': [0.0, 30.0], 'azimuth_range': [0.0, 90.0], 'azim_bins': 0, 'integration': 'cake'}]
2023-11-26 16:50:50,702 - INFO - We entered into function: generate_integration
2023-11-26 16:50:50,702 - INFO - We entered into function: generate_integration
2023-11-26 16:50:50,702 - INFO - We entered into function: raw_integration
2023-11-26 16:50:50,702 - INFO - We entered into function: integration_azimuthal
2023-11-26 16:50:50,702 - INFO - We entered into function: calculate_bins
2023-11-26 16:50:50,702 - INFO - We entered into function: q_to_twotheta
2023-11-26 16:50:50,702 - INFO - We entered into function: q_to_twotheta
2023-11-26 16:50:50,702 - INFO - Trying azimuthal integration with: data-shape=(2880, 960) bins=1298, p0_range=[0.0, 30.0], p1_range=[0.0, 90.0], unit=q_nm^-1
2023-11-26 16:50:51,329 - INFO - Azimuthal integration performed.
2023-11-26 16:50:51,331 - INFO - False
2023-11-26 16:50:51,331 - INFO - Data extracted from cache. Data: <class 'numpy.ndarray'>
2023-11-26 16:50:51,340 - INFO - (0.009637368842959404, 0.403641177341342)
2023-11-26 16:50:51,345 - INFO - Displayed data.
2023-11-26 16:50:51,681 - INFO - We entered into function: get_Edf_data
2023-11-26 16:50:51,681 - INFO - We entered into function: get_Edf_instance
2023-11-26 16:50:51,681 - INFO - We entered into function: get_filename_from_index
2023-11-26 16:50:51,681 - INFO - We entered into function: get_entry_name
2023-11-26 16:50:51,683 - INFO - Trying to open sample name /home/edgar/work/pyxscat/pyxscat/test/test_edf/test_NCD/A1/rayonix_A1_spitch_0.12_000_0000.edf
2023-11-26 16:50:51,690 - INFO - New data sample with shape: (2880, 960)
2023-11-26 16:50:51,690 - INFO - We entered into function: get_norm_factor
2023-11-26 16:50:51,691 - INFO - We entered into function: get_dataset_norm_factor
2023-11-26 16:50:51,691 - INFO - We entered into function: get_norm_key
2023-11-26 16:50:51,691 - INFO - We entered into function: get_metadata_dataset
2023-11-26 16:50:51,691 - INFO - We entered into function: get_entry_name
2023-11-26 16:50:51,693 - INFO - Norm factor: 2019.0568816752
2023-11-26 16:50:51,695 - INFO - Retrieved data. Sample_name:A1, index (0,).
2023-11-26 16:50:51,696 - INFO - Reference folder: Reference
2023-11-26 16:50:51,696 - INFO - We entered into function: get_acquisition_key
2023-11-26 16:50:51,696 - INFO - We entered into function: get_acquisition_time
2023-11-26 16:50:51,696 - INFO - We entered into function: get_dataset_acquisition_time
2023-11-26 16:50:51,696 - INFO - We entered into function: get_acquisition_key
2023-11-26 16:50:51,696 - INFO - We entered into function: get_metadata_dataset
2023-11-26 16:50:51,696 - INFO - We entered into function: get_entry_name
2023-11-26 16:50:51,697 - INFO - Got acquistion time: 10.0
2023-11-26 16:50:51,697 - INFO - Acquisition time of the sample is 10.0.
2023-11-26 16:50:51,697 - INFO - We entered into function: get_dataset_acquisition_time
2023-11-26 16:50:51,697 - INFO - We entered into function: get_acquisition_key
2023-11-26 16:50:51,697 - INFO - We entered into function: get_metadata_dataset
2023-11-26 16:50:51,697 - INFO - We entered into function: get_entry_name
2023-11-26 16:50:51,698 - INFO - Acquisition dataset of the reference folder is [10.  1.  5.].
2023-11-26 16:50:51,698 - INFO - We entered into function: get_filename_from_index
2023-11-26 16:50:51,698 - INFO - We entered into function: get_entry_name
2023-11-26 16:50:51,699 - INFO - Auto reference file: /home/edgar/work/pyxscat/pyxscat/test/test_edf/test_NCD/Reference/rayonix_10s_spitch_0.12_000_0000.edf
2023-11-26 16:50:51,700 - INFO - Reference file: /home/edgar/work/pyxscat/pyxscat/test/test_edf/test_NCD/Reference/rayonix_10s_spitch_0.12_000_0000.edf.
2023-11-26 16:50:51,700 - INFO - We entered into function: get_Edf_data
2023-11-26 16:50:51,700 - INFO - We entered into function: get_Edf_instance
2023-11-26 16:50:51,706 - INFO - New data sample with shape: (2880, 960)
2023-11-26 16:50:51,706 - INFO - We entered into function: get_norm_factor
2023-11-26 16:50:51,706 - INFO - We entered into function: get_dataset_norm_factor
2023-11-26 16:50:51,706 - INFO - We entered into function: get_norm_key
2023-11-26 16:50:51,706 - INFO - We entered into function: get_metadata_dataset
2023-11-26 16:50:51,706 - INFO - We entered into function: get_entry_name
2023-11-26 16:50:51,708 - INFO - Norm factor: 2032.7465264043
2023-11-26 16:50:51,710 - INFO - New reference factor: 0.68
2023-11-26 16:50:51,721 - INFO - Filtered negative, nan and zero values.
2023-11-26 16:50:51,721 - INFO - We entered into function: update_angles
2023-11-26 16:50:51,721 - INFO - We entered into function: get_incident_angle
2023-11-26 16:50:51,721 - INFO - We entered into function: get_dataset_incident_angle
2023-11-26 16:50:51,721 - INFO - We entered into function: get_iangle_key
2023-11-26 16:50:51,721 - INFO - We entered into function: get_metadata_dataset
2023-11-26 16:50:51,721 - INFO - We entered into function: get_entry_name
2023-11-26 16:50:51,722 - INFO - Got incident angle: 0.12
2023-11-26 16:50:51,722 - INFO - We entered into function: get_tilt_angle
2023-11-26 16:50:51,722 - INFO - We entered into function: get_dataset_tilt_angle
2023-11-26 16:50:51,722 - INFO - We entered into function: get_tiltangle_key
2023-11-26 16:50:51,722 - INFO - We entered into function: get_metadata_dataset
2023-11-26 16:50:51,722 - INFO - We entered into function: get_entry_name
2023-11-26 16:50:51,723 - INFO - Got tilt angle: 0.0
2023-11-26 16:50:51,723 - INFO - We entered into function: update_incident_angle
2023-11-26 16:50:51,724 - INFO - Incident angle set up as 0.12.
2023-11-26 16:50:51,724 - INFO - We entered into function: update_tilt_angle
2023-11-26 16:50:51,724 - INFO - Tilt angle set up as 0.0.
2023-11-26 16:50:51,724 - INFO - We entered into function: get_filename_from_index
2023-11-26 16:50:51,724 - INFO - We entered into function: get_entry_name
2023-11-26 16:50:51,725 - INFO - New label: /home/edgar/work/pyxscat/pyxscat/test/test_edf/test_NCD/A1/rayonix_A1_spitch_0.12_000_0000.edf
2023-11-26 16:50:51,725 - INFO - Dictionaries of integration: ['azim_complete']
2023-11-26 16:50:51,726 - INFO - Dictionaries of integration: [{'name': 'azim_complete', 'suffix': 'azim_complete', 'type': 'azimuthal', 'unit': 'q_nm^-1', 'radial_range': [0.0, 30.0], 'azimuth_range': [0.0, 90.0], 'azim_bins': 0, 'integration': 'cake'}]
2023-11-26 16:50:51,726 - INFO - We entered into function: generate_integration
2023-11-26 16:50:51,726 - INFO - We entered into function: generate_integration
2023-11-26 16:50:51,726 - INFO - We entered into function: raw_integration
2023-11-26 16:50:51,726 - INFO - We entered into function: integration_azimuthal
2023-11-26 16:50:51,726 - INFO - We entered into function: calculate_bins
2023-11-26 16:50:51,726 - INFO - We entered into function: q_to_twotheta
2023-11-26 16:50:51,726 - INFO - We entered into function: q_to_twotheta
2023-11-26 16:50:51,726 - INFO - Trying azimuthal integration with: data-shape=(2880, 960) bins=1298, p0_range=[0.0, 30.0], p1_range=[0.0, 90.0], unit=q_nm^-1
2023-11-26 16:50:52,366 - INFO - Azimuthal integration performed.
2023-11-26 16:50:52,368 - INFO - False
2023-11-26 16:50:52,368 - INFO - Data extracted from cache. Data: <class 'numpy.ndarray'>
2023-11-26 16:50:52,377 - INFO - (0.06203572452068329, 0.6978482753038406)
2023-11-26 16:50:52,382 - INFO - Displayed data.
2023-11-26 16:50:54,745 - INFO - We entered into function: get_Edf_data
2023-11-26 16:50:54,745 - INFO - We entered into function: get_Edf_instance
2023-11-26 16:50:54,745 - INFO - We entered into function: get_filename_from_index
2023-11-26 16:50:54,745 - INFO - We entered into function: get_entry_name
2023-11-26 16:50:54,747 - INFO - Trying to open sample name /home/edgar/work/pyxscat/pyxscat/test/test_edf/test_NCD/A1/rayonix_A1_spitch_0.12_000_0000.edf
2023-11-26 16:50:54,753 - INFO - New data sample with shape: (2880, 960)
2023-11-26 16:50:54,753 - INFO - We entered into function: get_norm_factor
2023-11-26 16:50:54,753 - INFO - We entered into function: get_dataset_norm_factor
2023-11-26 16:50:54,753 - INFO - We entered into function: get_norm_key
2023-11-26 16:50:54,753 - INFO - We entered into function: get_metadata_dataset
2023-11-26 16:50:54,753 - INFO - We entered into function: get_entry_name
2023-11-26 16:50:54,755 - INFO - Norm factor: 2019.0568816752
2023-11-26 16:50:54,758 - INFO - Retrieved data. Sample_name:A1, index (0,).
2023-11-26 16:50:54,768 - INFO - Filtered negative, nan and zero values.
2023-11-26 16:50:54,768 - INFO - Dictionaries of integration: ['azim_complete']
2023-11-26 16:50:54,769 - INFO - Dictionaries of integration: [{'name': 'azim_complete', 'suffix': 'azim_complete', 'type': 'azimuthal', 'unit': 'q_nm^-1', 'radial_range': [0.0, 30.0], 'azimuth_range': [0.0, 90.0], 'azim_bins': 0, 'integration': 'cake'}]
2023-11-26 16:50:54,769 - INFO - We entered into function: generate_integration
2023-11-26 16:50:54,769 - INFO - We entered into function: generate_integration
2023-11-26 16:50:54,769 - INFO - We entered into function: raw_integration
2023-11-26 16:50:54,769 - INFO - We entered into function: integration_azimuthal
2023-11-26 16:50:54,769 - INFO - We entered into function: calculate_bins
2023-11-26 16:50:54,769 - INFO - We entered into function: q_to_twotheta
2023-11-26 16:50:54,769 - INFO - We entered into function: q_to_twotheta
2023-11-26 16:50:54,769 - INFO - Trying azimuthal integration with: data-shape=(2880, 960) bins=1298, p0_range=[0.0, 30.0], p1_range=[0.0, 90.0], unit=q_nm^-1
2023-11-26 16:50:54,843 - INFO - Azimuthal integration performed.
2023-11-26 16:50:54,845 - INFO - False
2023-11-26 16:50:54,845 - INFO - Data extracted from cache. Data: <class 'numpy.ndarray'>
2023-11-26 16:50:54,854 - INFO - (0.16200432181358337, 1.0492483973503113)
2023-11-26 16:50:54,858 - INFO - Displayed data.
2023-11-26 16:50:54,945 - INFO - We entered into function: get_Edf_data
2023-11-26 16:50:54,945 - INFO - We entered into function: get_Edf_instance
2023-11-26 16:50:54,945 - INFO - We entered into function: get_filename_from_index
2023-11-26 16:50:54,945 - INFO - We entered into function: get_entry_name
2023-11-26 16:50:54,947 - INFO - Trying to open sample name /home/edgar/work/pyxscat/pyxscat/test/test_edf/test_NCD/A1/rayonix_A1_spitch_0.12_000_0000.edf
2023-11-26 16:50:54,954 - INFO - New data sample with shape: (2880, 960)
2023-11-26 16:50:54,954 - INFO - We entered into function: get_norm_factor
2023-11-26 16:50:54,954 - INFO - We entered into function: get_dataset_norm_factor
2023-11-26 16:50:54,954 - INFO - We entered into function: get_norm_key
2023-11-26 16:50:54,954 - INFO - We entered into function: get_metadata_dataset
2023-11-26 16:50:54,954 - INFO - We entered into function: get_entry_name
2023-11-26 16:50:54,956 - INFO - Norm factor: 2019.0568816752
2023-11-26 16:50:54,959 - INFO - Retrieved data. Sample_name:A1, index (0,).
2023-11-26 16:50:54,966 - INFO - Filtered negative, nan and zero values.
2023-11-26 16:50:54,967 - INFO - Dictionaries of integration: ['azim_complete']
2023-11-26 16:50:54,967 - INFO - Dictionaries of integration: [{'name': 'azim_complete', 'suffix': 'azim_complete', 'type': 'azimuthal', 'unit': 'q_nm^-1', 'radial_range': [0.0, 30.0], 'azimuth_range': [0.0, 90.0], 'azim_bins': 0, 'integration': 'cake'}]
2023-11-26 16:50:54,967 - INFO - We entered into function: generate_integration
2023-11-26 16:50:54,967 - INFO - We entered into function: generate_integration
2023-11-26 16:50:54,967 - INFO - We entered into function: raw_integration
2023-11-26 16:50:54,967 - INFO - We entered into function: integration_azimuthal
2023-11-26 16:50:54,967 - INFO - We entered into function: calculate_bins
2023-11-26 16:50:54,967 - INFO - We entered into function: q_to_twotheta
2023-11-26 16:50:54,968 - INFO - We entered into function: q_to_twotheta
2023-11-26 16:50:54,968 - INFO - Trying azimuthal integration with: data-shape=(2880, 960) bins=1298, p0_range=[0.0, 30.0], p1_range=[0.0, 90.0], unit=q_nm^-1
2023-11-26 16:50:55,036 - INFO - Azimuthal integration performed.
2023-11-26 16:50:55,037 - INFO - False
2023-11-26 16:50:55,038 - INFO - Data extracted from cache. Data: <class 'numpy.ndarray'>
2023-11-26 16:50:55,047 - INFO - (0.16200432181358337, 1.0492483973503113)
2023-11-26 16:50:55,051 - INFO - Displayed data.
2023-11-26 16:50:55,993 - INFO - We entered into function: get_Edf_data
2023-11-26 16:50:55,994 - INFO - We entered into function: get_Edf_instance
2023-11-26 16:50:55,994 - INFO - We entered into function: get_filename_from_index
2023-11-26 16:50:55,994 - INFO - We entered into function: get_entry_name
2023-11-26 16:50:55,996 - INFO - Trying to open sample name /home/edgar/work/pyxscat/pyxscat/test/test_edf/test_NCD/A1/rayonix_A1_spitch_0.12_000_0000.edf
2023-11-26 16:50:56,002 - INFO - New data sample with shape: (2880, 960)
2023-11-26 16:50:56,002 - INFO - We entered into function: get_norm_factor
2023-11-26 16:50:56,002 - INFO - We entered into function: get_dataset_norm_factor
2023-11-26 16:50:56,002 - INFO - We entered into function: get_norm_key
2023-11-26 16:50:56,002 - INFO - We entered into function: get_metadata_dataset
2023-11-26 16:50:56,002 - INFO - We entered into function: get_entry_name
2023-11-26 16:50:56,004 - INFO - Norm factor: 2019.0568816752
2023-11-26 16:50:56,007 - INFO - Retrieved data. Sample_name:A1, index (0,).
2023-11-26 16:50:56,015 - INFO - Filtered negative, nan and zero values.
2023-11-26 16:50:56,016 - INFO - Dictionaries of integration: ['azim_complete']
2023-11-26 16:50:56,016 - INFO - Dictionaries of integration: [{'name': 'azim_complete', 'suffix': 'azim_complete', 'type': 'azimuthal', 'unit': 'q_nm^-1', 'radial_range': [0.0, 30.0], 'azimuth_range': [0.0, 90.0], 'azim_bins': 0, 'integration': 'cake'}]
2023-11-26 16:50:56,016 - INFO - We entered into function: generate_integration
2023-11-26 16:50:56,016 - INFO - We entered into function: generate_integration
2023-11-26 16:50:56,016 - INFO - We entered into function: raw_integration
2023-11-26 16:50:56,016 - INFO - We entered into function: integration_azimuthal
2023-11-26 16:50:56,016 - INFO - We entered into function: calculate_bins
2023-11-26 16:50:56,016 - INFO - We entered into function: q_to_twotheta
2023-11-26 16:50:56,016 - INFO - We entered into function: q_to_twotheta
2023-11-26 16:50:56,016 - INFO - Trying azimuthal integration with: data-shape=(2880, 960) bins=1298, p0_range=[0.0, 30.0], p1_range=[0.0, 90.0], unit=q_nm^-1
2023-11-26 16:50:56,082 - INFO - Azimuthal integration performed.
2023-11-26 16:50:56,084 - INFO - False
2023-11-26 16:50:56,084 - INFO - Data extracted from cache. Data: <class 'numpy.ndarray'>
2023-11-26 16:50:56,093 - INFO - (0.16200432181358337, 1.0492483973503113)
2023-11-26 16:50:56,097 - INFO - Displayed data.
2023-11-26 16:50:56,601 - INFO - We entered into function: get_Edf_data
2023-11-26 16:50:56,602 - INFO - We entered into function: get_Edf_instance
2023-11-26 16:50:56,602 - INFO - We entered into function: get_filename_from_index
2023-11-26 16:50:56,602 - INFO - We entered into function: get_entry_name
2023-11-26 16:50:56,604 - INFO - Trying to open sample name /home/edgar/work/pyxscat/pyxscat/test/test_edf/test_NCD/A1/rayonix_A1_spitch_0.12_000_0000.edf
2023-11-26 16:50:56,610 - INFO - New data sample with shape: (2880, 960)
2023-11-26 16:50:56,610 - INFO - We entered into function: get_norm_factor
2023-11-26 16:50:56,611 - INFO - We entered into function: get_dataset_norm_factor
2023-11-26 16:50:56,611 - INFO - We entered into function: get_norm_key
2023-11-26 16:50:56,611 - INFO - We entered into function: get_metadata_dataset
2023-11-26 16:50:56,611 - INFO - We entered into function: get_entry_name
2023-11-26 16:50:56,613 - INFO - Norm factor: 2019.0568816752
2023-11-26 16:50:56,615 - INFO - Retrieved data. Sample_name:A1, index (0,).
2023-11-26 16:50:56,623 - INFO - Filtered negative, nan and zero values.
2023-11-26 16:50:56,624 - INFO - Dictionaries of integration: ['azim_complete']
2023-11-26 16:50:56,624 - INFO - Dictionaries of integration: [{'name': 'azim_complete', 'suffix': 'azim_complete', 'type': 'azimuthal', 'unit': 'q_nm^-1', 'radial_range': [0.0, 30.0], 'azimuth_range': [0.0, 90.0], 'azim_bins': 0, 'integration': 'cake'}]
2023-11-26 16:50:56,624 - INFO - We entered into function: generate_integration
2023-11-26 16:50:56,624 - INFO - We entered into function: generate_integration
2023-11-26 16:50:56,624 - INFO - We entered into function: raw_integration
2023-11-26 16:50:56,624 - INFO - We entered into function: integration_azimuthal
2023-11-26 16:50:56,624 - INFO - We entered into function: calculate_bins
2023-11-26 16:50:56,624 - INFO - We entered into function: q_to_twotheta
2023-11-26 16:50:56,624 - INFO - We entered into function: q_to_twotheta
2023-11-26 16:50:56,625 - INFO - Trying azimuthal integration with: data-shape=(2880, 960) bins=1298, p0_range=[0.0, 30.0], p1_range=[0.0, 90.0], unit=q_nm^-1
2023-11-26 16:50:56,690 - INFO - Azimuthal integration performed.
2023-11-26 16:50:56,692 - INFO - False
2023-11-26 16:50:56,692 - INFO - Data extracted from cache. Data: <class 'numpy.ndarray'>
2023-11-26 16:50:56,701 - INFO - (0.16200432181358337, 1.0492483973503113)
2023-11-26 16:50:56,705 - INFO - Displayed data.
2023-11-26 16:50:58,729 - INFO - We entered into function: get_Edf_data
2023-11-26 16:50:58,729 - INFO - We entered into function: get_Edf_instance
2023-11-26 16:50:58,729 - INFO - We entered into function: get_filename_from_index
2023-11-26 16:50:58,729 - INFO - We entered into function: get_entry_name
2023-11-26 16:50:58,731 - INFO - Trying to open sample name /home/edgar/work/pyxscat/pyxscat/test/test_edf/test_NCD/A1/rayonix_A1_spitch_0.12_000_0000.edf
2023-11-26 16:50:58,737 - INFO - New data sample with shape: (2880, 960)
2023-11-26 16:50:58,738 - INFO - We entered into function: get_norm_factor
2023-11-26 16:50:58,738 - INFO - We entered into function: get_dataset_norm_factor
2023-11-26 16:50:58,738 - INFO - We entered into function: get_norm_key
2023-11-26 16:50:58,738 - INFO - We entered into function: get_metadata_dataset
2023-11-26 16:50:58,738 - INFO - We entered into function: get_entry_name
2023-11-26 16:50:58,740 - INFO - Norm factor: 2019.0568816752
2023-11-26 16:50:58,743 - INFO - Retrieved data. Sample_name:A1, index (0,).
2023-11-26 16:50:58,753 - INFO - Filtered negative, nan and zero values.
2023-11-26 16:50:58,754 - INFO - Dictionaries of integration: ['azim_complete']
2023-11-26 16:50:58,754 - INFO - Dictionaries of integration: [{'name': 'azim_complete', 'suffix': 'azim_complete', 'type': 'azimuthal', 'unit': 'q_nm^-1', 'radial_range': [0.0, 30.0], 'azimuth_range': [0.0, 90.0], 'azim_bins': 0, 'integration': 'cake'}]
2023-11-26 16:50:58,754 - INFO - We entered into function: generate_integration
2023-11-26 16:50:58,754 - INFO - We entered into function: generate_integration
2023-11-26 16:50:58,754 - INFO - We entered into function: raw_integration
2023-11-26 16:50:58,754 - INFO - We entered into function: integration_azimuthal
2023-11-26 16:50:58,754 - INFO - We entered into function: calculate_bins
2023-11-26 16:50:58,755 - INFO - We entered into function: q_to_twotheta
2023-11-26 16:50:58,755 - INFO - We entered into function: q_to_twotheta
2023-11-26 16:50:58,755 - INFO - Trying azimuthal integration with: data-shape=(2880, 960) bins=1298, p0_range=[0.0, 30.0], p1_range=[0.0, 90.0], unit=q_nm^-1
2023-11-26 16:50:58,822 - INFO - Azimuthal integration performed.
2023-11-26 16:50:58,823 - INFO - False
2023-11-26 16:50:58,824 - INFO - Data extracted from cache. Data: <class 'numpy.ndarray'>
2023-11-26 16:50:58,832 - INFO - (0.16200432181358337, 1.0492483973503113)
2023-11-26 16:50:58,836 - INFO - Displayed data.
2023-11-26 16:50:59,129 - INFO - We entered into function: get_Edf_data
2023-11-26 16:50:59,129 - INFO - We entered into function: get_Edf_instance
2023-11-26 16:50:59,129 - INFO - We entered into function: get_filename_from_index
2023-11-26 16:50:59,129 - INFO - We entered into function: get_entry_name
2023-11-26 16:50:59,131 - INFO - Trying to open sample name /home/edgar/work/pyxscat/pyxscat/test/test_edf/test_NCD/A1/rayonix_A1_spitch_0.12_000_0000.edf
2023-11-26 16:50:59,137 - INFO - New data sample with shape: (2880, 960)
2023-11-26 16:50:59,137 - INFO - We entered into function: get_norm_factor
2023-11-26 16:50:59,137 - INFO - We entered into function: get_dataset_norm_factor
2023-11-26 16:50:59,137 - INFO - We entered into function: get_norm_key
2023-11-26 16:50:59,137 - INFO - We entered into function: get_metadata_dataset
2023-11-26 16:50:59,138 - INFO - We entered into function: get_entry_name
2023-11-26 16:50:59,139 - INFO - Norm factor: 2019.0568816752
2023-11-26 16:50:59,142 - INFO - Retrieved data. Sample_name:A1, index (0,).
2023-11-26 16:50:59,151 - INFO - Filtered negative, nan and zero values.
2023-11-26 16:50:59,151 - INFO - Dictionaries of integration: ['azim_complete']
2023-11-26 16:50:59,151 - INFO - Dictionaries of integration: [{'name': 'azim_complete', 'suffix': 'azim_complete', 'type': 'azimuthal', 'unit': 'q_nm^-1', 'radial_range': [0.0, 30.0], 'azimuth_range': [0.0, 90.0], 'azim_bins': 0, 'integration': 'cake'}]
2023-11-26 16:50:59,151 - INFO - We entered into function: generate_integration
2023-11-26 16:50:59,152 - INFO - We entered into function: generate_integration
2023-11-26 16:50:59,152 - INFO - We entered into function: raw_integration
2023-11-26 16:50:59,152 - INFO - We entered into function: integration_azimuthal
2023-11-26 16:50:59,152 - INFO - We entered into function: calculate_bins
2023-11-26 16:50:59,152 - INFO - We entered into function: q_to_twotheta
2023-11-26 16:50:59,152 - INFO - We entered into function: q_to_twotheta
2023-11-26 16:50:59,152 - INFO - Trying azimuthal integration with: data-shape=(2880, 960) bins=1298, p0_range=[0.0, 30.0], p1_range=[0.0, 90.0], unit=q_nm^-1
2023-11-26 16:50:59,219 - INFO - Azimuthal integration performed.
2023-11-26 16:50:59,220 - INFO - False
2023-11-26 16:50:59,221 - INFO - Data extracted from cache. Data: <class 'numpy.ndarray'>
2023-11-26 16:50:59,229 - INFO - (0.16200432181358337, 1.0492483973503113)
2023-11-26 16:50:59,233 - INFO - Displayed data.
2023-11-26 16:50:59,505 - INFO - We entered into function: get_Edf_data
2023-11-26 16:50:59,505 - INFO - We entered into function: get_Edf_instance
2023-11-26 16:50:59,505 - INFO - We entered into function: get_filename_from_index
2023-11-26 16:50:59,505 - INFO - We entered into function: get_entry_name
2023-11-26 16:50:59,507 - INFO - Trying to open sample name /home/edgar/work/pyxscat/pyxscat/test/test_edf/test_NCD/A1/rayonix_A1_spitch_0.12_000_0000.edf
2023-11-26 16:50:59,513 - INFO - New data sample with shape: (2880, 960)
2023-11-26 16:50:59,513 - INFO - We entered into function: get_norm_factor
2023-11-26 16:50:59,514 - INFO - We entered into function: get_dataset_norm_factor
2023-11-26 16:50:59,514 - INFO - We entered into function: get_norm_key
2023-11-26 16:50:59,514 - INFO - We entered into function: get_metadata_dataset
2023-11-26 16:50:59,514 - INFO - We entered into function: get_entry_name
2023-11-26 16:50:59,515 - INFO - Norm factor: 2019.0568816752
2023-11-26 16:50:59,518 - INFO - Retrieved data. Sample_name:A1, index (0,).
2023-11-26 16:50:59,527 - INFO - Filtered negative, nan and zero values.
2023-11-26 16:50:59,528 - INFO - Dictionaries of integration: ['azim_complete']
2023-11-26 16:50:59,528 - INFO - Dictionaries of integration: [{'name': 'azim_complete', 'suffix': 'azim_complete', 'type': 'azimuthal', 'unit': 'q_nm^-1', 'radial_range': [0.0, 30.0], 'azimuth_range': [0.0, 90.0], 'azim_bins': 0, 'integration': 'cake'}]
2023-11-26 16:50:59,528 - INFO - We entered into function: generate_integration
2023-11-26 16:50:59,528 - INFO - We entered into function: generate_integration
2023-11-26 16:50:59,528 - INFO - We entered into function: raw_integration
2023-11-26 16:50:59,528 - INFO - We entered into function: integration_azimuthal
2023-11-26 16:50:59,528 - INFO - We entered into function: calculate_bins
2023-11-26 16:50:59,528 - INFO - We entered into function: q_to_twotheta
2023-11-26 16:50:59,528 - INFO - We entered into function: q_to_twotheta
2023-11-26 16:50:59,528 - INFO - Trying azimuthal integration with: data-shape=(2880, 960) bins=1298, p0_range=[0.0, 30.0], p1_range=[0.0, 90.0], unit=q_nm^-1
2023-11-26 16:50:59,598 - INFO - Azimuthal integration performed.
2023-11-26 16:50:59,600 - INFO - False
2023-11-26 16:50:59,600 - INFO - Data extracted from cache. Data: <class 'numpy.ndarray'>
2023-11-26 16:50:59,609 - INFO - (0.16200432181358337, 1.0492483973503113)
2023-11-26 16:50:59,613 - INFO - Displayed data.
2023-11-26 16:50:59,696 - INFO - We entered into function: get_Edf_data
2023-11-26 16:50:59,697 - INFO - We entered into function: get_Edf_instance
2023-11-26 16:50:59,697 - INFO - We entered into function: get_filename_from_index
2023-11-26 16:50:59,697 - INFO - We entered into function: get_entry_name
2023-11-26 16:50:59,698 - INFO - Trying to open sample name /home/edgar/work/pyxscat/pyxscat/test/test_edf/test_NCD/A1/rayonix_A1_spitch_0.12_000_0000.edf
2023-11-26 16:50:59,703 - INFO - New data sample with shape: (2880, 960)
2023-11-26 16:50:59,704 - INFO - We entered into function: get_norm_factor
2023-11-26 16:50:59,704 - INFO - We entered into function: get_dataset_norm_factor
2023-11-26 16:50:59,704 - INFO - We entered into function: get_norm_key
2023-11-26 16:50:59,704 - INFO - We entered into function: get_metadata_dataset
2023-11-26 16:50:59,704 - INFO - We entered into function: get_entry_name
2023-11-26 16:50:59,706 - INFO - Norm factor: 2019.0568816752
2023-11-26 16:50:59,709 - INFO - Retrieved data. Sample_name:A1, index (0,).
2023-11-26 16:50:59,718 - INFO - Filtered negative, nan and zero values.
2023-11-26 16:50:59,719 - INFO - Dictionaries of integration: ['azim_complete']
2023-11-26 16:50:59,719 - INFO - Dictionaries of integration: [{'name': 'azim_complete', 'suffix': 'azim_complete', 'type': 'azimuthal', 'unit': 'q_nm^-1', 'radial_range': [0.0, 30.0], 'azimuth_range': [0.0, 90.0], 'azim_bins': 0, 'integration': 'cake'}]
2023-11-26 16:50:59,719 - INFO - We entered into function: generate_integration
2023-11-26 16:50:59,719 - INFO - We entered into function: generate_integration
2023-11-26 16:50:59,719 - INFO - We entered into function: raw_integration
2023-11-26 16:50:59,719 - INFO - We entered into function: integration_azimuthal
2023-11-26 16:50:59,719 - INFO - We entered into function: calculate_bins
2023-11-26 16:50:59,720 - INFO - We entered into function: q_to_twotheta
2023-11-26 16:50:59,720 - INFO - We entered into function: q_to_twotheta
2023-11-26 16:50:59,720 - INFO - Trying azimuthal integration with: data-shape=(2880, 960) bins=1298, p0_range=[0.0, 30.0], p1_range=[0.0, 90.0], unit=q_nm^-1
2023-11-26 16:50:59,792 - INFO - Azimuthal integration performed.
2023-11-26 16:50:59,794 - INFO - False
2023-11-26 16:50:59,794 - INFO - Data extracted from cache. Data: <class 'numpy.ndarray'>
2023-11-26 16:50:59,803 - INFO - (0.16200432181358337, 1.0492483973503113)
2023-11-26 16:50:59,808 - INFO - Displayed data.
2023-11-26 16:50:59,881 - INFO - We entered into function: get_Edf_data
2023-11-26 16:50:59,881 - INFO - We entered into function: get_Edf_instance
2023-11-26 16:50:59,881 - INFO - We entered into function: get_filename_from_index
2023-11-26 16:50:59,881 - INFO - We entered into function: get_entry_name
2023-11-26 16:50:59,882 - INFO - Trying to open sample name /home/edgar/work/pyxscat/pyxscat/test/test_edf/test_NCD/A1/rayonix_A1_spitch_0.12_000_0000.edf
2023-11-26 16:50:59,890 - INFO - New data sample with shape: (2880, 960)
2023-11-26 16:50:59,890 - INFO - We entered into function: get_norm_factor
2023-11-26 16:50:59,890 - INFO - We entered into function: get_dataset_norm_factor
2023-11-26 16:50:59,891 - INFO - We entered into function: get_norm_key
2023-11-26 16:50:59,891 - INFO - We entered into function: get_metadata_dataset
2023-11-26 16:50:59,891 - INFO - We entered into function: get_entry_name
2023-11-26 16:50:59,892 - INFO - Norm factor: 2019.0568816752
2023-11-26 16:50:59,895 - INFO - Retrieved data. Sample_name:A1, index (0,).
2023-11-26 16:50:59,903 - INFO - Filtered negative, nan and zero values.
2023-11-26 16:50:59,903 - INFO - Dictionaries of integration: ['azim_complete']
2023-11-26 16:50:59,904 - INFO - Dictionaries of integration: [{'name': 'azim_complete', 'suffix': 'azim_complete', 'type': 'azimuthal', 'unit': 'q_nm^-1', 'radial_range': [0.0, 30.0], 'azimuth_range': [0.0, 90.0], 'azim_bins': 0, 'integration': 'cake'}]
2023-11-26 16:50:59,904 - INFO - We entered into function: generate_integration
2023-11-26 16:50:59,904 - INFO - We entered into function: generate_integration
2023-11-26 16:50:59,904 - INFO - We entered into function: raw_integration
2023-11-26 16:50:59,904 - INFO - We entered into function: integration_azimuthal
2023-11-26 16:50:59,904 - INFO - We entered into function: calculate_bins
2023-11-26 16:50:59,904 - INFO - We entered into function: q_to_twotheta
2023-11-26 16:50:59,904 - INFO - We entered into function: q_to_twotheta
2023-11-26 16:50:59,904 - INFO - Trying azimuthal integration with: data-shape=(2880, 960) bins=1298, p0_range=[0.0, 30.0], p1_range=[0.0, 90.0], unit=q_nm^-1
2023-11-26 16:50:59,971 - INFO - Azimuthal integration performed.
2023-11-26 16:50:59,973 - INFO - False
2023-11-26 16:50:59,974 - INFO - Data extracted from cache. Data: <class 'numpy.ndarray'>
2023-11-26 16:50:59,985 - INFO - (0.16200432181358337, 1.0492483973503113)
2023-11-26 16:50:59,990 - INFO - Displayed data.
2023-11-26 16:51:00,849 - INFO - We entered into function: get_Edf_data
2023-11-26 16:51:00,849 - INFO - We entered into function: get_Edf_instance
2023-11-26 16:51:00,849 - INFO - We entered into function: get_filename_from_index
2023-11-26 16:51:00,849 - INFO - We entered into function: get_entry_name
2023-11-26 16:51:00,851 - INFO - Trying to open sample name /home/edgar/work/pyxscat/pyxscat/test/test_edf/test_NCD/A1/rayonix_A1_spitch_0.15_000_0000.edf
2023-11-26 16:51:00,858 - INFO - New data sample with shape: (2880, 960)
2023-11-26 16:51:00,858 - INFO - We entered into function: get_norm_factor
2023-11-26 16:51:00,858 - INFO - We entered into function: get_dataset_norm_factor
2023-11-26 16:51:00,858 - INFO - We entered into function: get_norm_key
2023-11-26 16:51:00,858 - INFO - We entered into function: get_metadata_dataset
2023-11-26 16:51:00,858 - INFO - We entered into function: get_entry_name
2023-11-26 16:51:00,860 - INFO - Norm factor: 2018.734167944
2023-11-26 16:51:00,863 - INFO - Retrieved data. Sample_name:A1, index (1,).
2023-11-26 16:51:00,863 - INFO - Reference folder: Reference
2023-11-26 16:51:00,864 - INFO - We entered into function: get_acquisition_key
2023-11-26 16:51:00,864 - INFO - We entered into function: get_acquisition_time
2023-11-26 16:51:00,864 - INFO - We entered into function: get_dataset_acquisition_time
2023-11-26 16:51:00,864 - INFO - We entered into function: get_acquisition_key
2023-11-26 16:51:00,864 - INFO - We entered into function: get_metadata_dataset
2023-11-26 16:51:00,864 - INFO - We entered into function: get_entry_name
2023-11-26 16:51:00,866 - INFO - Got acquistion time: 10.0
2023-11-26 16:51:00,866 - INFO - Acquisition time of the sample is 10.0.
2023-11-26 16:51:00,866 - INFO - We entered into function: get_dataset_acquisition_time
2023-11-26 16:51:00,866 - INFO - We entered into function: get_acquisition_key
2023-11-26 16:51:00,866 - INFO - We entered into function: get_metadata_dataset
2023-11-26 16:51:00,866 - INFO - We entered into function: get_entry_name
2023-11-26 16:51:00,868 - INFO - Acquisition dataset of the reference folder is [10.  1.  5.].
2023-11-26 16:51:00,868 - INFO - We entered into function: get_filename_from_index
2023-11-26 16:51:00,868 - INFO - We entered into function: get_entry_name
2023-11-26 16:51:00,869 - INFO - Auto reference file: /home/edgar/work/pyxscat/pyxscat/test/test_edf/test_NCD/Reference/rayonix_10s_spitch_0.12_000_0000.edf
2023-11-26 16:51:00,870 - INFO - Reference file: /home/edgar/work/pyxscat/pyxscat/test/test_edf/test_NCD/Reference/rayonix_10s_spitch_0.12_000_0000.edf.
2023-11-26 16:51:00,870 - INFO - We entered into function: get_Edf_data
2023-11-26 16:51:00,870 - INFO - We entered into function: get_Edf_instance
2023-11-26 16:51:00,876 - INFO - New data sample with shape: (2880, 960)
2023-11-26 16:51:00,876 - INFO - We entered into function: get_norm_factor
2023-11-26 16:51:00,876 - INFO - We entered into function: get_dataset_norm_factor
2023-11-26 16:51:00,876 - INFO - We entered into function: get_norm_key
2023-11-26 16:51:00,876 - INFO - We entered into function: get_metadata_dataset
2023-11-26 16:51:00,876 - INFO - We entered into function: get_entry_name
2023-11-26 16:51:00,878 - INFO - Norm factor: 2032.7465264043
2023-11-26 16:51:00,880 - INFO - New reference factor: 0.74
2023-11-26 16:51:00,893 - INFO - Filtered negative, nan and zero values.
2023-11-26 16:51:00,893 - INFO - We entered into function: update_angles
2023-11-26 16:51:00,893 - INFO - We entered into function: get_incident_angle
2023-11-26 16:51:00,894 - INFO - We entered into function: get_dataset_incident_angle
2023-11-26 16:51:00,894 - INFO - We entered into function: get_iangle_key
2023-11-26 16:51:00,894 - INFO - We entered into function: get_metadata_dataset
2023-11-26 16:51:00,894 - INFO - We entered into function: get_entry_name
2023-11-26 16:51:00,895 - INFO - Got incident angle: 0.15
2023-11-26 16:51:00,895 - INFO - We entered into function: get_tilt_angle
2023-11-26 16:51:00,896 - INFO - We entered into function: get_dataset_tilt_angle
2023-11-26 16:51:00,896 - INFO - We entered into function: get_tiltangle_key
2023-11-26 16:51:00,896 - INFO - We entered into function: get_metadata_dataset
2023-11-26 16:51:00,896 - INFO - We entered into function: get_entry_name
2023-11-26 16:51:00,897 - INFO - Got tilt angle: 0.0
2023-11-26 16:51:00,897 - INFO - We entered into function: update_incident_angle
2023-11-26 16:51:00,898 - INFO - Incident angle set up as 0.15.
2023-11-26 16:51:00,898 - INFO - We entered into function: update_tilt_angle
2023-11-26 16:51:00,898 - INFO - Tilt angle set up as 0.0.
2023-11-26 16:51:00,899 - INFO - We entered into function: get_filename_from_index
2023-11-26 16:51:00,899 - INFO - We entered into function: get_entry_name
2023-11-26 16:51:00,900 - INFO - New label: /home/edgar/work/pyxscat/pyxscat/test/test_edf/test_NCD/A1/rayonix_A1_spitch_0.15_000_0000.edf
2023-11-26 16:51:00,901 - INFO - Dictionaries of integration: ['azim_complete']
2023-11-26 16:51:00,901 - INFO - Dictionaries of integration: [{'name': 'azim_complete', 'suffix': 'azim_complete', 'type': 'azimuthal', 'unit': 'q_nm^-1', 'radial_range': [0.0, 30.0], 'azimuth_range': [0.0, 90.0], 'azim_bins': 0, 'integration': 'cake'}]
2023-11-26 16:51:00,901 - INFO - We entered into function: generate_integration
2023-11-26 16:51:00,901 - INFO - We entered into function: generate_integration
2023-11-26 16:51:00,901 - INFO - We entered into function: raw_integration
2023-11-26 16:51:00,901 - INFO - We entered into function: integration_azimuthal
2023-11-26 16:51:00,901 - INFO - We entered into function: calculate_bins
2023-11-26 16:51:00,901 - INFO - We entered into function: q_to_twotheta
2023-11-26 16:51:00,901 - INFO - We entered into function: q_to_twotheta
2023-11-26 16:51:00,901 - INFO - Trying azimuthal integration with: data-shape=(2880, 960) bins=1298, p0_range=[0.0, 30.0], p1_range=[0.0, 90.0], unit=q_nm^-1
2023-11-26 16:51:01,536 - INFO - Azimuthal integration performed.
2023-11-26 16:51:01,538 - INFO - False
2023-11-26 16:51:01,539 - INFO - Data extracted from cache. Data: <class 'numpy.ndarray'>
2023-11-26 16:51:01,547 - INFO - (0.008453483693301678, 0.40087550412863493)
2023-11-26 16:51:01,552 - INFO - Displayed data.
2023-11-26 16:51:03,476 - INFO - We entered into function: get_metadata_dataframe
2023-11-26 16:51:03,476 - INFO - We entered into function: get_all_filenames_from_sample
2023-11-26 16:51:03,476 - INFO - We entered into function: generator_filenames_in_sample
2023-11-26 16:51:03,476 - INFO - We entered into function: get_metadata_dataset
2023-11-26 16:51:03,476 - INFO - We entered into function: get_entry_name
2023-11-26 16:51:03,479 - INFO - The dataframe has size 4.
2023-11-26 16:51:03,479 - INFO - Table was reseted.
2023-11-26 16:51:03,479 - INFO - Inserted columns: 1.
2023-11-26 16:51:03,479 - INFO - Inserted rows: 4.
2023-11-26 16:51:03,480 - INFO - Updated cell [0,0].
2023-11-26 16:51:03,480 - INFO - Updated cell [1,0].
2023-11-26 16:51:03,480 - INFO - Updated cell [2,0].
2023-11-26 16:51:03,480 - INFO - Updated cell [3,0].
