2023-11-26 17:10:55,909 - INFO - The data parameters were reinitialized.
2023-11-26 17:10:55,910 - INFO - Title for the generated map: 
2023-11-26 17:10:55,974 - INFO - Title for the generated map: 
2023-11-26 17:10:55,983 - INFO - [Errno 2] No such file or directory: '/home/edgar/work/pyxscat/pyxscat/h5_files_dicts/ ': The .json does not contain a valid filename: /home/edgar/work/pyxscat/pyxscat/h5_files_dicts/ 
2023-11-26 17:10:58,730 - INFO - H5GIIntegrator instance was created.
2023-11-26 17:10:58,731 - INFO - We entered into function: h5_get_attr
2023-11-26 17:10:58,732 - INFO - We entered into function: init_transform
2023-11-26 17:10:58,732 - INFO - We entered into function: update_incident_angle
2023-11-26 17:10:58,732 - INFO - Incident angle set up as 0.0.
2023-11-26 17:10:58,732 - INFO - We entered into function: update_tilt_angle
2023-11-26 17:10:58,732 - INFO - Tilt angle set up as 0.0.
2023-11-26 17:10:58,733 - INFO - We entered into function: init_ai
2023-11-26 17:10:58,733 - INFO - We entered into function: init_metadata_attrs
2023-11-26 17:10:58,733 - INFO - H5 instance was initialized.
2023-11-26 17:10:58,733 - INFO - We entered into function: h5_get_dict_attrs
2023-11-26 17:10:58,734 - INFO - We entered into function: get_all_ponifiles
2023-11-26 17:10:58,734 - INFO - We entered into function: generate_ponifiles
2023-11-26 17:10:58,735 - INFO - We entered into function: check_ponifile_entry
2023-11-26 17:10:58,735 - INFO - We entered into function: check_entry
2023-11-26 17:10:58,736 - INFO - We entered into function: update_poni
2023-11-26 17:10:58,736 - INFO - We entered into function: get_ponifile
2023-11-26 17:10:58,737 - INFO - We entered into function: update_poni
2023-11-26 17:10:58,737 - INFO - We entered into function: open_poni
2023-11-26 17:10:58,737 - INFO - We entered into function: _update_gi
2023-11-26 17:10:58,737 - INFO - GrazingGeometry instance was updated.
2023-11-26 17:10:58,737 - INFO - We entered into function: _update_ai
2023-11-26 17:10:58,784 - INFO - GrazingGeometry instance was updated.
2023-11-26 17:10:58,784 - INFO - We entered into function: _set_poni
2023-11-26 17:10:58,784 - INFO - We entered into function: get_poni
2023-11-26 17:10:58,785 - INFO - Current poni parameters: {
    "poni_version": 2,
    "detector": "Detector",
    "detector_config": {
        "pixel1": 8.854e-05,
        "pixel2": 8.854e-05,
        "max_shape": [
            2880,
            960
        ]
    },
    "dist": 0.21956146503177287,
    "poni1": 0.2134776312917016,
    "poni2": 0.0066574815765295895,
    "rot1": -0.006724546816823459,
    "rot2": -0.0024356625603106676,
    "rot3": 4.738730503032621e-06,
    "wavelength": 9.998725680096795e-11
}
2023-11-26 17:10:58,785 - INFO - We entered into function: get_poni
2023-11-26 17:10:58,785 - INFO - We entered into function: get_all_entries
2023-11-26 17:10:58,785 - INFO - We entered into function: generator_samples
2023-11-26 17:10:58,786 - INFO - We entered into function: get_all_entries
2023-11-26 17:10:58,786 - INFO - We entered into function: generator_samples
2023-11-26 17:10:58,786 - INFO - We entered into function: update_orientation
2023-11-26 17:10:58,786 - INFO - We entered into function: update_orientation
2023-11-26 17:10:58,787 - INFO - The sample orientation (pygix) is set at 1.
2023-11-26 17:10:59,329 - INFO - We entered into function: get_all_metadata_keys_from_sample
2023-11-26 17:10:59,330 - INFO - We entered into function: generator_metadata_keys_from_sample
2023-11-26 17:10:59,330 - INFO - We entered into function: get_entry_name
2023-11-26 17:10:59,332 - INFO - We entered into function: get_metadata_dataframe
2023-11-26 17:10:59,332 - INFO - We entered into function: get_all_filenames_from_sample
2023-11-26 17:10:59,332 - INFO - We entered into function: generator_filenames_in_sample
2023-11-26 17:10:59,332 - INFO - We entered into function: get_metadata_dataset
2023-11-26 17:10:59,332 - INFO - We entered into function: get_entry_name
2023-11-26 17:10:59,335 - INFO - The dataframe has size 3.
2023-11-26 17:10:59,335 - INFO - Table was reseted.
2023-11-26 17:10:59,335 - INFO - Inserted columns: 1.
2023-11-26 17:10:59,336 - INFO - Inserted rows: 3.
2023-11-26 17:10:59,336 - INFO - Updated cell [0,0].
2023-11-26 17:10:59,336 - INFO - Updated cell [1,0].
2023-11-26 17:10:59,336 - INFO - Updated cell [2,0].
2023-11-26 17:10:59,338 - INFO - Title for the generated map: 
2023-11-26 17:10:59,350 - INFO - We entered into function: get_metadata_dataframe
2023-11-26 17:10:59,350 - INFO - We entered into function: get_all_filenames_from_sample
2023-11-26 17:10:59,350 - INFO - We entered into function: generator_filenames_in_sample
2023-11-26 17:10:59,350 - INFO - We entered into function: get_metadata_dataset
2023-11-26 17:10:59,350 - INFO - We entered into function: get_entry_name
2023-11-26 17:10:59,351 - INFO - The dataframe has size 3.
2023-11-26 17:10:59,351 - INFO - Table was reseted.
2023-11-26 17:10:59,351 - INFO - Inserted columns: 1.
2023-11-26 17:10:59,351 - INFO - Inserted rows: 3.
2023-11-26 17:10:59,352 - INFO - Updated cell [0,0].
2023-11-26 17:10:59,352 - INFO - Updated cell [1,0].
2023-11-26 17:10:59,352 - INFO - Updated cell [2,0].
2023-11-26 17:10:59,810 - INFO - We entered into function: get_Edf_data
2023-11-26 17:10:59,810 - INFO - We entered into function: get_Edf_instance
2023-11-26 17:10:59,811 - INFO - We entered into function: get_filename_from_index
2023-11-26 17:10:59,811 - INFO - We entered into function: get_entry_name
2023-11-26 17:10:59,813 - INFO - Trying to open sample name /home/edgar/work/pyxscat/pyxscat/test/test_edf/test_NCD/Reference/rayonix_10s_spitch_0.12_000_0000.edf
2023-11-26 17:10:59,824 - INFO - New data sample with shape: (2880, 960)
2023-11-26 17:10:59,824 - INFO - We entered into function: get_norm_factor
2023-11-26 17:10:59,824 - INFO - We entered into function: get_dataset_norm_factor
2023-11-26 17:10:59,824 - INFO - We entered into function: get_norm_key
2023-11-26 17:10:59,824 - INFO - We entered into function: get_metadata_dataset
2023-11-26 17:10:59,824 - INFO - We entered into function: get_entry_name
2023-11-26 17:10:59,825 - ERROR - 'Unable to synchronously open object (name parameter cannot be an empty string)': dataset  could not be accessed.
2023-11-26 17:10:59,825 - ERROR - Failed while getting norm factor. Norm. factor set to 1.0.
2023-11-26 17:10:59,825 - INFO - Norm factor: 1.0
2023-11-26 17:10:59,828 - INFO - Retrieved data. Sample_name:Reference, index (0,).
2023-11-26 17:10:59,842 - INFO - Filtered negative, nan and zero values.
2023-11-26 17:10:59,843 - INFO - We entered into function: update_angles
2023-11-26 17:10:59,843 - INFO - We entered into function: get_incident_angle
2023-11-26 17:10:59,843 - INFO - We entered into function: get_dataset_incident_angle
2023-11-26 17:10:59,843 - INFO - We entered into function: get_iangle_key
2023-11-26 17:10:59,843 - INFO - We entered into function: get_metadata_dataset
2023-11-26 17:10:59,843 - INFO - We entered into function: get_entry_name
2023-11-26 17:10:59,844 - ERROR - 'Unable to synchronously open object (name parameter cannot be an empty string)': dataset  could not be accessed.
2023-11-26 17:10:59,844 - INFO - Failed while getting incident angle.
2023-11-26 17:10:59,844 - INFO - Got incident angle: 0.0
2023-11-26 17:10:59,844 - INFO - We entered into function: get_tilt_angle
2023-11-26 17:10:59,844 - INFO - We entered into function: get_dataset_tilt_angle
2023-11-26 17:10:59,844 - INFO - We entered into function: get_tiltangle_key
2023-11-26 17:10:59,844 - INFO - We entered into function: get_metadata_dataset
2023-11-26 17:10:59,844 - INFO - We entered into function: get_entry_name
2023-11-26 17:10:59,845 - ERROR - 'Unable to synchronously open object (name parameter cannot be an empty string)': dataset  could not be accessed.
2023-11-26 17:10:59,845 - INFO - Failed while getting tilt angle.
2023-11-26 17:10:59,845 - INFO - Got tilt angle: 0.0
2023-11-26 17:10:59,845 - INFO - We entered into function: update_incident_angle
2023-11-26 17:10:59,845 - INFO - Incident angle set up as 0.0.
2023-11-26 17:10:59,846 - INFO - We entered into function: update_tilt_angle
2023-11-26 17:10:59,846 - INFO - Tilt angle set up as 0.0.
2023-11-26 17:10:59,846 - INFO - We entered into function: get_filename_from_index
2023-11-26 17:10:59,846 - INFO - We entered into function: get_entry_name
2023-11-26 17:10:59,847 - INFO - New label: /home/edgar/work/pyxscat/pyxscat/test/test_edf/test_NCD/Reference/rayonix_10s_spitch_0.12_000_0000.edf
2023-11-26 17:10:59,847 - INFO - Dictionaries of integration: []
2023-11-26 17:10:59,847 - INFO - Dictionaries of integration: []
2023-11-26 17:10:59,847 - INFO - We entered into function: generate_integration
2023-11-26 17:10:59,847 - INFO - We entered into function: generate_integration
2023-11-26 17:10:59,848 - INFO - True
2023-11-26 17:10:59,849 - INFO - Data extracted from cache. Data: <class 'numpy.ndarray'>
2023-11-26 17:10:59,858 - INFO - (299.0037841796875, 1764.0038146972656)
2023-11-26 17:10:59,863 - INFO - Displayed data.
2023-11-26 17:11:01,506 - INFO - Dictionaries of integration: ['azim_ip']
2023-11-26 17:11:01,507 - INFO - Dictionaries of integration: [{'name': 'azim_ip', 'suffix': 'azim_ip', 'type': 'azimuthal', 'unit': 'q_nm^-1', 'radial_range': [0.0, 30.0], 'azimuth_range': [70.0, 90.0], 'azim_bins': 0, 'integration': 'cake'}]
2023-11-26 17:11:01,507 - INFO - We entered into function: generate_integration
2023-11-26 17:11:01,507 - INFO - We entered into function: generate_integration
2023-11-26 17:11:01,507 - INFO - We entered into function: raw_integration
2023-11-26 17:11:01,507 - INFO - We entered into function: integration_azimuthal
2023-11-26 17:11:01,508 - INFO - We entered into function: calculate_bins
2023-11-26 17:11:01,508 - INFO - We entered into function: q_to_twotheta
2023-11-26 17:11:01,508 - INFO - We entered into function: q_to_twotheta
2023-11-26 17:11:01,508 - INFO - Trying azimuthal integration with: data-shape=(2880, 960) bins=1298, p0_range=[0.0, 30.0], p1_range=[70.0, 90.0], unit=q_nm^-1
2023-11-26 17:11:02,055 - INFO - Azimuthal integration performed.
2023-11-26 17:11:02,057 - INFO - False
2023-11-26 17:11:02,057 - INFO - Data extracted from cache. Data: <class 'numpy.ndarray'>
2023-11-26 17:11:02,066 - INFO - (299.0037841796875, 1764.0038146972656)
2023-11-26 17:11:02,070 - INFO - Displayed data.
2023-11-26 17:11:04,396 - INFO - Merged dictionary
2023-11-26 17:11:04,396 - INFO - String header
2023-11-26 17:11:04,397 - INFO - Output filename for the image: /home/edgar/work/pyxscat/pyxscat/test/test_edf/test_NCD/Reference/rayonix_10s_spitch_0.12_000_0000.csv_azim_ip.csv
2023-11-26 17:11:04,411 - INFO - Dataframe to be exported as .csv
2023-11-26 17:11:19,132 - INFO - Merged dictionary
2023-11-26 17:11:19,132 - INFO - String header
2023-11-26 17:11:19,133 - INFO - Output filename for the image: /home/edgar/work/pyxscat/pyxscat/test/test_edf/test_NCD/Reference/rayonix_10s_spitch_0.12_000_0000.csv_azim_ip.csv
2023-11-26 17:11:19,146 - INFO - Dataframe to be exported as .csv
2023-11-26 17:11:53,595 - INFO - We entered into function: get_metadata_dataframe
2023-11-26 17:11:53,595 - INFO - We entered into function: get_all_filenames_from_sample
2023-11-26 17:11:53,595 - INFO - We entered into function: generator_filenames_in_sample
2023-11-26 17:11:53,595 - INFO - We entered into function: get_metadata_dataset
2023-11-26 17:11:53,595 - INFO - We entered into function: get_entry_name
2023-11-26 17:11:53,597 - INFO - The dataframe has size 3.
2023-11-26 17:11:53,597 - INFO - Table was reseted.
2023-11-26 17:11:53,597 - INFO - Inserted columns: 1.
2023-11-26 17:11:53,598 - INFO - Inserted rows: 3.
2023-11-26 17:11:53,598 - INFO - Updated cell [0,0].
2023-11-26 17:11:53,598 - INFO - Updated cell [1,0].
2023-11-26 17:11:53,599 - INFO - Updated cell [2,0].
2023-11-26 17:11:59,537 - INFO - Merged dictionary
2023-11-26 17:11:59,538 - INFO - String header
2023-11-26 17:11:59,538 - INFO - Output filename for the image: /home/edgar/rayonix_10s_spitch_0.12_000_0000.csv_azim_ip.csv
2023-11-26 17:11:59,551 - INFO - Dataframe to be exported as .csv
