2023-11-26 17:03:04,550 - INFO - The data parameters were reinitialized.
2023-11-26 17:03:04,551 - INFO - Title for the generated map: 
2023-11-26 17:03:04,614 - INFO - Title for the generated map: 
2023-11-26 17:03:04,623 - INFO - [Errno 2] No such file or directory: '/home/edgar/work/pyxscat/pyxscat/h5_files_dicts/ ': The .json does not contain a valid filename: /home/edgar/work/pyxscat/pyxscat/h5_files_dicts/ 
2023-11-26 17:03:05,724 - INFO - H5GIIntegrator instance was created.
2023-11-26 17:03:05,725 - INFO - We entered into function: h5_get_attr
2023-11-26 17:03:05,726 - INFO - We entered into function: init_transform
2023-11-26 17:03:05,726 - INFO - We entered into function: update_incident_angle
2023-11-26 17:03:05,726 - INFO - Incident angle set up as 0.0.
2023-11-26 17:03:05,726 - INFO - We entered into function: update_tilt_angle
2023-11-26 17:03:05,726 - INFO - Tilt angle set up as 0.0.
2023-11-26 17:03:05,726 - INFO - We entered into function: init_ai
2023-11-26 17:03:05,727 - INFO - We entered into function: init_metadata_attrs
2023-11-26 17:03:05,727 - INFO - H5 instance was initialized.
2023-11-26 17:03:05,727 - INFO - We entered into function: h5_get_dict_attrs
2023-11-26 17:03:05,728 - INFO - We entered into function: get_all_ponifiles
2023-11-26 17:03:05,729 - INFO - We entered into function: generate_ponifiles
2023-11-26 17:03:05,729 - INFO - We entered into function: check_ponifile_entry
2023-11-26 17:03:05,729 - INFO - We entered into function: check_entry
2023-11-26 17:03:05,730 - INFO - We entered into function: update_poni
2023-11-26 17:03:05,730 - INFO - We entered into function: get_ponifile
2023-11-26 17:03:05,730 - INFO - We entered into function: update_poni
2023-11-26 17:03:05,730 - INFO - We entered into function: open_poni
2023-11-26 17:03:05,730 - INFO - We entered into function: _update_gi
2023-11-26 17:03:05,730 - INFO - GrazingGeometry instance was updated.
2023-11-26 17:03:05,730 - INFO - We entered into function: _update_ai
2023-11-26 17:03:05,776 - INFO - GrazingGeometry instance was updated.
2023-11-26 17:03:05,776 - INFO - We entered into function: _set_poni
2023-11-26 17:03:05,776 - INFO - We entered into function: get_poni
2023-11-26 17:03:05,777 - INFO - Current poni parameters: {
    "poni_version": 2,
    "detector": "Detector",
    "detector_config": {
        "pixel1": 8.854e-05,
        "pixel2": 8.854e-05,
        "max_shape": [
            2880,
            960
        ]
    },
    "dist": 0.21956146503177287,
    "poni1": 0.2134776312917016,
    "poni2": 0.0066574815765295895,
    "rot1": -0.006724546816823459,
    "rot2": -0.0024356625603106676,
    "rot3": 4.738730503032621e-06,
    "wavelength": 9.998725680096795e-11
}
2023-11-26 17:03:05,777 - INFO - We entered into function: get_poni
2023-11-26 17:03:05,777 - INFO - We entered into function: get_all_entries
2023-11-26 17:03:05,777 - INFO - We entered into function: generator_samples
2023-11-26 17:03:05,778 - INFO - We entered into function: get_all_entries
2023-11-26 17:03:05,778 - INFO - We entered into function: generator_samples
2023-11-26 17:03:05,778 - INFO - We entered into function: update_orientation
2023-11-26 17:03:05,778 - INFO - We entered into function: update_orientation
2023-11-26 17:03:05,778 - INFO - The sample orientation (pygix) is set at 1.
2023-11-26 17:03:06,491 - INFO - We entered into function: get_all_metadata_keys_from_sample
2023-11-26 17:03:06,492 - INFO - We entered into function: generator_metadata_keys_from_sample
2023-11-26 17:03:06,500 - INFO - We entered into function: get_entry_name
2023-11-26 17:03:06,502 - INFO - We entered into function: get_metadata_dataframe
2023-11-26 17:03:06,502 - INFO - We entered into function: get_all_filenames_from_sample
2023-11-26 17:03:06,502 - INFO - We entered into function: generator_filenames_in_sample
2023-11-26 17:03:06,503 - INFO - We entered into function: get_metadata_dataset
2023-11-26 17:03:06,503 - INFO - We entered into function: get_entry_name
2023-11-26 17:03:06,506 - INFO - The dataframe has size 4.
2023-11-26 17:03:06,506 - INFO - Table was reseted.
2023-11-26 17:03:06,507 - INFO - Inserted columns: 1.
2023-11-26 17:03:06,507 - INFO - Inserted rows: 4.
2023-11-26 17:03:06,508 - INFO - Updated cell [0,0].
2023-11-26 17:03:06,508 - INFO - Updated cell [1,0].
2023-11-26 17:03:06,508 - INFO - Updated cell [2,0].
2023-11-26 17:03:06,508 - INFO - Updated cell [3,0].
2023-11-26 17:03:06,510 - INFO - Title for the generated map: 
2023-11-26 17:03:06,521 - INFO - We entered into function: get_metadata_dataframe
2023-11-26 17:03:06,521 - INFO - We entered into function: get_all_filenames_from_sample
2023-11-26 17:03:06,522 - INFO - We entered into function: generator_filenames_in_sample
2023-11-26 17:03:06,522 - INFO - We entered into function: get_metadata_dataset
2023-11-26 17:03:06,522 - INFO - We entered into function: get_entry_name
2023-11-26 17:03:06,523 - INFO - The dataframe has size 4.
2023-11-26 17:03:06,523 - INFO - Table was reseted.
2023-11-26 17:03:06,523 - INFO - Inserted columns: 1.
2023-11-26 17:03:06,523 - INFO - Inserted rows: 4.
2023-11-26 17:03:06,523 - INFO - Updated cell [0,0].
2023-11-26 17:03:06,523 - INFO - Updated cell [1,0].
2023-11-26 17:03:06,524 - INFO - Updated cell [2,0].
2023-11-26 17:03:06,524 - INFO - Updated cell [3,0].
2023-11-26 17:03:07,124 - INFO - We entered into function: get_Edf_data
2023-11-26 17:03:07,124 - INFO - We entered into function: get_Edf_instance
2023-11-26 17:03:07,125 - INFO - We entered into function: get_filename_from_index
2023-11-26 17:03:07,125 - INFO - We entered into function: get_entry_name
2023-11-26 17:03:07,127 - INFO - Trying to open sample name /home/edgar/work/pyxscat/pyxscat/test/test_edf/test_NCD/A1/rayonix_A1_spitch_0.12_000_0000.edf
2023-11-26 17:03:07,138 - INFO - New data sample with shape: (2880, 960)
2023-11-26 17:03:07,139 - INFO - We entered into function: get_norm_factor
2023-11-26 17:03:07,139 - INFO - We entered into function: get_dataset_norm_factor
2023-11-26 17:03:07,139 - INFO - We entered into function: get_norm_key
2023-11-26 17:03:07,139 - INFO - We entered into function: get_metadata_dataset
2023-11-26 17:03:07,139 - INFO - We entered into function: get_entry_name
2023-11-26 17:03:07,140 - ERROR - 'Unable to synchronously open object (name parameter cannot be an empty string)': dataset  could not be accessed.
2023-11-26 17:03:07,140 - ERROR - Failed while getting norm factor. Norm. factor set to 1.0.
2023-11-26 17:03:07,140 - INFO - Norm factor: 1.0
2023-11-26 17:03:07,142 - INFO - Retrieved data. Sample_name:A1, index (0,).
2023-11-26 17:03:07,158 - INFO - Filtered negative, nan and zero values.
2023-11-26 17:03:07,158 - INFO - We entered into function: update_angles
2023-11-26 17:03:07,158 - INFO - We entered into function: get_incident_angle
2023-11-26 17:03:07,158 - INFO - We entered into function: get_dataset_incident_angle
2023-11-26 17:03:07,158 - INFO - We entered into function: get_iangle_key
2023-11-26 17:03:07,158 - INFO - We entered into function: get_metadata_dataset
2023-11-26 17:03:07,158 - INFO - We entered into function: get_entry_name
2023-11-26 17:03:07,159 - ERROR - 'Unable to synchronously open object (name parameter cannot be an empty string)': dataset  could not be accessed.
2023-11-26 17:03:07,159 - INFO - Failed while getting incident angle.
2023-11-26 17:03:07,159 - INFO - Got incident angle: 0.0
2023-11-26 17:03:07,159 - INFO - We entered into function: get_tilt_angle
2023-11-26 17:03:07,159 - INFO - We entered into function: get_dataset_tilt_angle
2023-11-26 17:03:07,159 - INFO - We entered into function: get_tiltangle_key
2023-11-26 17:03:07,159 - INFO - We entered into function: get_metadata_dataset
2023-11-26 17:03:07,159 - INFO - We entered into function: get_entry_name
2023-11-26 17:03:07,160 - ERROR - 'Unable to synchronously open object (name parameter cannot be an empty string)': dataset  could not be accessed.
2023-11-26 17:03:07,160 - INFO - Failed while getting tilt angle.
2023-11-26 17:03:07,160 - INFO - Got tilt angle: 0.0
2023-11-26 17:03:07,160 - INFO - We entered into function: update_incident_angle
2023-11-26 17:03:07,160 - INFO - Incident angle set up as 0.0.
2023-11-26 17:03:07,160 - INFO - We entered into function: update_tilt_angle
2023-11-26 17:03:07,160 - INFO - Tilt angle set up as 0.0.
2023-11-26 17:03:07,160 - INFO - We entered into function: get_filename_from_index
2023-11-26 17:03:07,160 - INFO - We entered into function: get_entry_name
2023-11-26 17:03:07,161 - INFO - New label: /home/edgar/work/pyxscat/pyxscat/test/test_edf/test_NCD/A1/rayonix_A1_spitch_0.12_000_0000.edf
2023-11-26 17:03:07,162 - INFO - Dictionaries of integration: []
2023-11-26 17:03:07,162 - INFO - Dictionaries of integration: []
2023-11-26 17:03:07,162 - INFO - We entered into function: generate_integration
2023-11-26 17:03:07,162 - INFO - We entered into function: generate_integration
2023-11-26 17:03:07,162 - INFO - True
2023-11-26 17:03:07,163 - INFO - Data extracted from cache. Data: <class 'numpy.ndarray'>
2023-11-26 17:03:07,173 - INFO - (327.09600830078125, 2118.492431640625)
2023-11-26 17:03:07,178 - INFO - Displayed data.
2023-11-26 17:03:08,668 - INFO - Dictionaries of integration: ['azim_complete']
2023-11-26 17:03:08,669 - INFO - Dictionaries of integration: [{'name': 'azim_complete', 'suffix': 'azim_complete', 'type': 'azimuthal', 'unit': 'q_nm^-1', 'radial_range': [0.0, 30.0], 'azimuth_range': [0.0, 90.0], 'azim_bins': 0, 'integration': 'cake'}]
2023-11-26 17:03:08,669 - INFO - We entered into function: generate_integration
2023-11-26 17:03:08,669 - INFO - We entered into function: generate_integration
2023-11-26 17:03:08,669 - INFO - We entered into function: raw_integration
2023-11-26 17:03:08,670 - INFO - We entered into function: integration_azimuthal
2023-11-26 17:03:08,670 - INFO - We entered into function: calculate_bins
2023-11-26 17:03:08,670 - INFO - We entered into function: q_to_twotheta
2023-11-26 17:03:08,670 - INFO - We entered into function: q_to_twotheta
2023-11-26 17:03:08,670 - INFO - Trying azimuthal integration with: data-shape=(2880, 960) bins=1298, p0_range=[0.0, 30.0], p1_range=[0.0, 90.0], unit=q_nm^-1
2023-11-26 17:03:09,215 - INFO - Azimuthal integration performed.
2023-11-26 17:03:09,217 - INFO - False
2023-11-26 17:03:09,217 - INFO - Data extracted from cache. Data: <class 'numpy.ndarray'>
2023-11-26 17:03:09,225 - INFO - (327.09600830078125, 2118.492431640625)
2023-11-26 17:03:09,230 - INFO - Displayed data.
2023-11-26 17:03:09,732 - INFO - Dictionaries of integration: []
2023-11-26 17:03:09,733 - INFO - Dictionaries of integration: []
2023-11-26 17:03:09,733 - INFO - We entered into function: generate_integration
2023-11-26 17:03:09,733 - INFO - We entered into function: generate_integration
2023-11-26 17:03:09,733 - INFO - False
2023-11-26 17:03:09,734 - INFO - Data extracted from cache. Data: <class 'numpy.ndarray'>
2023-11-26 17:03:09,745 - INFO - (327.09600830078125, 2118.492431640625)
2023-11-26 17:03:09,750 - INFO - Displayed data.
2023-11-26 17:03:10,844 - INFO - Dictionaries of integration: ['vertical_rod']
2023-11-26 17:03:10,845 - INFO - Dictionaries of integration: [{'name': 'vertical_rod', 'suffix': 'vertical_rod', 'direction': 'vertical', 'ip_range': [3.0, 4.0], 'oop_range': [5.0, 7.0], 'output_unit': 'q_nm^-1', 'input_unit': 'q_nm^-1', 'integration': 'box'}]
2023-11-26 17:03:10,845 - INFO - We entered into function: generate_integration
2023-11-26 17:03:10,845 - INFO - We entered into function: generate_integration
2023-11-26 17:03:10,845 - INFO - We entered into function: raw_integration
2023-11-26 17:03:10,845 - INFO - We entered into function: integration_box
2023-11-26 17:03:10,845 - INFO - We entered into function: calculate_bins
2023-11-26 17:03:10,845 - INFO - We entered into function: q_to_twotheta
2023-11-26 17:03:10,845 - INFO - We entered into function: q_to_twotheta
2023-11-26 17:03:10,845 - INFO - We entered into function: get_q_nm
2023-11-26 17:03:10,846 - INFO - We entered into function: get_q_nm
2023-11-26 17:03:10,846 - INFO - We entered into function: get_q_nm
2023-11-26 17:03:10,846 - INFO - We entered into function: get_q_nm
2023-11-26 17:03:10,846 - INFO - Trying box integration with: process=opbox, npt=80, p0_range=[5.0, 7.0], p1_range=[3.0, 4.0], unit=q_nm^-1
2023-11-26 17:03:11,156 - INFO - We entered into function: transform_q_units
2023-11-26 17:03:11,156 - INFO - Integration performed.
2023-11-26 17:03:11,158 - INFO - False
2023-11-26 17:03:11,158 - INFO - Data extracted from cache. Data: <class 'numpy.ndarray'>
2023-11-26 17:03:11,168 - INFO - (327.09600830078125, 2118.492431640625)
2023-11-26 17:03:11,174 - INFO - Displayed data.
2023-11-26 17:03:12,524 - INFO - We entered into function: update_orientation
2023-11-26 17:03:12,524 - INFO - We entered into function: update_orientation
2023-11-26 17:03:12,524 - INFO - The sample orientation (pygix) is set at 3.
2023-11-26 17:03:12,525 - INFO - New sample orientation: 3
2023-11-26 17:03:12,525 - INFO - Dictionaries of integration: ['vertical_rod']
2023-11-26 17:03:12,526 - INFO - Dictionaries of integration: [{'name': 'vertical_rod', 'suffix': 'vertical_rod', 'direction': 'vertical', 'ip_range': [3.0, 4.0], 'oop_range': [5.0, 7.0], 'output_unit': 'q_nm^-1', 'input_unit': 'q_nm^-1', 'integration': 'box'}]
2023-11-26 17:03:12,526 - INFO - We entered into function: generate_integration
2023-11-26 17:03:12,526 - INFO - We entered into function: generate_integration
2023-11-26 17:03:12,526 - INFO - We entered into function: raw_integration
2023-11-26 17:03:12,526 - INFO - We entered into function: integration_box
2023-11-26 17:03:12,526 - INFO - We entered into function: calculate_bins
2023-11-26 17:03:12,526 - INFO - We entered into function: q_to_twotheta
2023-11-26 17:03:12,527 - INFO - We entered into function: q_to_twotheta
2023-11-26 17:03:12,527 - INFO - We entered into function: get_q_nm
2023-11-26 17:03:12,527 - INFO - We entered into function: get_q_nm
2023-11-26 17:03:12,527 - INFO - We entered into function: get_q_nm
2023-11-26 17:03:12,527 - INFO - We entered into function: get_q_nm
2023-11-26 17:03:12,527 - INFO - Trying box integration with: process=opbox, npt=80, p0_range=[5.0, 7.0], p1_range=[3.0, 4.0], unit=q_nm^-1
2023-11-26 17:03:13,013 - INFO - We entered into function: transform_q_units
2023-11-26 17:03:13,013 - INFO - Integration performed.
2023-11-26 17:03:13,015 - INFO - False
2023-11-26 17:03:13,015 - INFO - Data extracted from cache. Data: <class 'numpy.ndarray'>
2023-11-26 17:03:13,023 - INFO - (327.09600830078125, 2118.492431640625)
2023-11-26 17:03:13,027 - INFO - Displayed data.
2023-11-26 17:03:14,020 - INFO - False
2023-11-26 17:03:14,020 - INFO - Data extracted from cache. Data: <class 'numpy.ndarray'>
2023-11-26 17:03:14,031 - INFO - (327.09600830078125, 2118.492431640625)
2023-11-26 17:03:14,032 - INFO - Dictionary of integration to be masked: {'name': 'vertical_rod', 'suffix': 'vertical_rod', 'direction': 'vertical', 'ip_range': [3.0, 4.0], 'oop_range': [5.0, 7.0], 'output_unit': 'q_nm^-1', 'input_unit': 'q_nm^-1', 'integration': 'box'}
2023-11-26 17:03:14,032 - INFO - Parameters to mask the array. Shape: (2880, 960), unit: q_nm^-1,                     oop_range: (0.05, 0.07), ip_range: (0.03, 0.04), q_scale: 100.
2023-11-26 17:03:14,033 - ERROR - 'H5GIIntegrator' object has no attribute '_transform' horz_q and vert_q matrix could not be generated with {'name': 'vertical_rod', 'suffix': 'vertical_rod', 'direction': 'vertical', 'ip_range': [3.0, 4.0], 'oop_range': [5.0, 7.0], 'output_unit': 'q_nm^-1', 'input_unit': 'q_nm^-1', 'integration': 'box'} and shape (2880, 960)
2023-11-26 17:03:23,262 - INFO - We entered into function: get_metadata_dataframe
2023-11-26 17:03:23,262 - INFO - We entered into function: get_all_filenames_from_sample
2023-11-26 17:03:23,262 - INFO - We entered into function: generator_filenames_in_sample
2023-11-26 17:03:23,263 - INFO - We entered into function: get_metadata_dataset
2023-11-26 17:03:23,263 - INFO - We entered into function: get_entry_name
2023-11-26 17:03:23,265 - INFO - The dataframe has size 4.
2023-11-26 17:03:23,265 - INFO - Table was reseted.
2023-11-26 17:03:23,266 - INFO - Inserted columns: 1.
2023-11-26 17:03:23,266 - INFO - Inserted rows: 4.
2023-11-26 17:03:23,266 - INFO - Updated cell [0,0].
2023-11-26 17:03:23,267 - INFO - Updated cell [1,0].
2023-11-26 17:03:23,267 - INFO - Updated cell [2,0].
2023-11-26 17:03:23,267 - INFO - Updated cell [3,0].
