2023-11-26 16:54:33,903 - INFO - The data parameters were reinitialized.
2023-11-26 16:54:33,904 - INFO - Title for the generated map: 
2023-11-26 16:54:33,971 - INFO - Title for the generated map: 
2023-11-26 16:54:33,981 - INFO - [Errno 2] No such file or directory: '/home/edgar/work/pyxscat/pyxscat/h5_files_dicts/ ': The .json does not contain a valid filename: /home/edgar/work/pyxscat/pyxscat/h5_files_dicts/ 
2023-11-26 16:54:36,925 - INFO - H5GIIntegrator instance was created.
2023-11-26 16:54:36,925 - INFO - We entered into function: h5_get_attr
2023-11-26 16:54:36,926 - INFO - We entered into function: init_transform
2023-11-26 16:54:36,926 - INFO - We entered into function: update_incident_angle
2023-11-26 16:54:36,926 - INFO - Incident angle set up as 0.0.
2023-11-26 16:54:36,926 - INFO - We entered into function: update_tilt_angle
2023-11-26 16:54:36,927 - INFO - Tilt angle set up as 0.0.
2023-11-26 16:54:36,927 - INFO - We entered into function: init_ai
2023-11-26 16:54:36,927 - INFO - We entered into function: init_metadata_attrs
2023-11-26 16:54:36,927 - INFO - H5 instance was initialized.
2023-11-26 16:54:36,927 - INFO - We entered into function: h5_get_dict_attrs
2023-11-26 16:54:36,928 - INFO - We entered into function: get_all_ponifiles
2023-11-26 16:54:36,929 - INFO - We entered into function: generate_ponifiles
2023-11-26 16:54:36,929 - INFO - We entered into function: check_ponifile_entry
2023-11-26 16:54:36,929 - INFO - We entered into function: check_entry
2023-11-26 16:54:36,930 - INFO - We entered into function: update_poni
2023-11-26 16:54:36,930 - INFO - We entered into function: get_ponifile
2023-11-26 16:54:36,930 - INFO - We entered into function: update_poni
2023-11-26 16:54:36,931 - INFO - We entered into function: open_poni
2023-11-26 16:54:36,931 - INFO - We entered into function: _update_gi
2023-11-26 16:54:36,931 - INFO - GrazingGeometry instance was updated.
2023-11-26 16:54:36,931 - INFO - We entered into function: _update_ai
2023-11-26 16:54:36,982 - INFO - GrazingGeometry instance was updated.
2023-11-26 16:54:36,982 - INFO - We entered into function: _set_poni
2023-11-26 16:54:36,982 - INFO - We entered into function: get_poni
2023-11-26 16:54:36,983 - INFO - Current poni parameters: {
    "poni_version": 2,
    "detector": "Detector",
    "detector_config": {
        "pixel1": 8.854e-05,
        "pixel2": 8.854e-05,
        "max_shape": [
            2880,
            960
        ]
    },
    "dist": 0.21956146503177287,
    "poni1": 0.2134776312917016,
    "poni2": 0.0066574815765295895,
    "rot1": -0.006724546816823459,
    "rot2": -0.0024356625603106676,
    "rot3": 4.738730503032621e-06,
    "wavelength": 9.998725680096795e-11
}
2023-11-26 16:54:36,983 - INFO - We entered into function: get_poni
2023-11-26 16:54:36,983 - INFO - We entered into function: get_all_entries
2023-11-26 16:54:36,983 - INFO - We entered into function: generator_samples
2023-11-26 16:54:36,984 - INFO - We entered into function: get_all_entries
2023-11-26 16:54:36,984 - INFO - We entered into function: generator_samples
2023-11-26 16:54:36,985 - INFO - We entered into function: update_orientation
2023-11-26 16:54:36,985 - INFO - We entered into function: update_orientation
2023-11-26 16:54:36,985 - INFO - The sample orientation (pygix) is set at 1.
2023-11-26 16:54:40,316 - INFO - We entered into function: get_all_metadata_keys_from_sample
2023-11-26 16:54:40,316 - INFO - We entered into function: generator_metadata_keys_from_sample
2023-11-26 16:54:40,316 - INFO - We entered into function: get_entry_name
2023-11-26 16:54:40,318 - INFO - We entered into function: get_metadata_dataframe
2023-11-26 16:54:40,318 - INFO - We entered into function: get_all_filenames_from_sample
2023-11-26 16:54:40,319 - INFO - We entered into function: generator_filenames_in_sample
2023-11-26 16:54:40,319 - INFO - We entered into function: get_metadata_dataset
2023-11-26 16:54:40,319 - INFO - We entered into function: get_entry_name
2023-11-26 16:54:40,321 - INFO - The dataframe has size 4.
2023-11-26 16:54:40,322 - INFO - Table was reseted.
2023-11-26 16:54:40,322 - INFO - Inserted columns: 1.
2023-11-26 16:54:40,322 - INFO - Inserted rows: 4.
2023-11-26 16:54:40,323 - INFO - Updated cell [0,0].
2023-11-26 16:54:40,323 - INFO - Updated cell [1,0].
2023-11-26 16:54:40,323 - INFO - Updated cell [2,0].
2023-11-26 16:54:40,323 - INFO - Updated cell [3,0].
2023-11-26 16:54:40,325 - INFO - Title for the generated map: 
2023-11-26 16:54:40,340 - INFO - We entered into function: get_metadata_dataframe
2023-11-26 16:54:40,340 - INFO - We entered into function: get_all_filenames_from_sample
2023-11-26 16:54:40,340 - INFO - We entered into function: generator_filenames_in_sample
2023-11-26 16:54:40,340 - INFO - We entered into function: get_metadata_dataset
2023-11-26 16:54:40,341 - INFO - We entered into function: get_entry_name
2023-11-26 16:54:40,342 - INFO - The dataframe has size 4.
2023-11-26 16:54:40,342 - INFO - Table was reseted.
2023-11-26 16:54:40,342 - INFO - Inserted columns: 1.
2023-11-26 16:54:40,342 - INFO - Inserted rows: 4.
2023-11-26 16:54:40,343 - INFO - Updated cell [0,0].
2023-11-26 16:54:40,343 - INFO - Updated cell [1,0].
2023-11-26 16:54:40,343 - INFO - Updated cell [2,0].
2023-11-26 16:54:40,343 - INFO - Updated cell [3,0].
2023-11-26 16:54:41,060 - INFO - We entered into function: get_Edf_data
2023-11-26 16:54:41,061 - INFO - We entered into function: get_Edf_instance
2023-11-26 16:54:41,061 - INFO - We entered into function: get_filename_from_index
2023-11-26 16:54:41,061 - INFO - We entered into function: get_entry_name
2023-11-26 16:54:41,063 - INFO - Trying to open sample name /home/edgar/work/pyxscat/pyxscat/test/test_edf/test_NCD/A1/rayonix_A1_spitch_0.12_000_0000.edf
2023-11-26 16:54:41,075 - INFO - New data sample with shape: (2880, 960)
2023-11-26 16:54:41,075 - INFO - We entered into function: get_norm_factor
2023-11-26 16:54:41,075 - INFO - We entered into function: get_dataset_norm_factor
2023-11-26 16:54:41,075 - INFO - We entered into function: get_norm_key
2023-11-26 16:54:41,076 - INFO - We entered into function: get_metadata_dataset
2023-11-26 16:54:41,076 - INFO - We entered into function: get_entry_name
2023-11-26 16:54:41,077 - ERROR - 'Unable to synchronously open object (name parameter cannot be an empty string)': dataset  could not be accessed.
2023-11-26 16:54:41,078 - ERROR - Failed while getting norm factor. Norm. factor set to 1.0.
2023-11-26 16:54:41,078 - INFO - Norm factor: 1.0
2023-11-26 16:54:41,081 - INFO - Retrieved data. Sample_name:A1, index (0,).
2023-11-26 16:54:41,097 - INFO - Filtered negative, nan and zero values.
2023-11-26 16:54:41,097 - INFO - We entered into function: update_angles
2023-11-26 16:54:41,098 - INFO - We entered into function: get_incident_angle
2023-11-26 16:54:41,098 - INFO - We entered into function: get_dataset_incident_angle
2023-11-26 16:54:41,098 - INFO - We entered into function: get_iangle_key
2023-11-26 16:54:41,098 - INFO - We entered into function: get_metadata_dataset
2023-11-26 16:54:41,098 - INFO - We entered into function: get_entry_name
2023-11-26 16:54:41,099 - ERROR - 'Unable to synchronously open object (name parameter cannot be an empty string)': dataset  could not be accessed.
2023-11-26 16:54:41,099 - INFO - Failed while getting incident angle.
2023-11-26 16:54:41,099 - INFO - Got incident angle: 0.0
2023-11-26 16:54:41,099 - INFO - We entered into function: get_tilt_angle
2023-11-26 16:54:41,099 - INFO - We entered into function: get_dataset_tilt_angle
2023-11-26 16:54:41,099 - INFO - We entered into function: get_tiltangle_key
2023-11-26 16:54:41,099 - INFO - We entered into function: get_metadata_dataset
2023-11-26 16:54:41,099 - INFO - We entered into function: get_entry_name
2023-11-26 16:54:41,099 - ERROR - 'Unable to synchronously open object (name parameter cannot be an empty string)': dataset  could not be accessed.
2023-11-26 16:54:41,099 - INFO - Failed while getting tilt angle.
2023-11-26 16:54:41,100 - INFO - Got tilt angle: 0.0
2023-11-26 16:54:41,100 - INFO - We entered into function: update_incident_angle
2023-11-26 16:54:41,100 - INFO - Incident angle set up as 0.0.
2023-11-26 16:54:41,100 - INFO - We entered into function: update_tilt_angle
2023-11-26 16:54:41,100 - INFO - Tilt angle set up as 0.0.
2023-11-26 16:54:41,100 - INFO - We entered into function: get_filename_from_index
2023-11-26 16:54:41,100 - INFO - We entered into function: get_entry_name
2023-11-26 16:54:41,101 - INFO - New label: /home/edgar/work/pyxscat/pyxscat/test/test_edf/test_NCD/A1/rayonix_A1_spitch_0.12_000_0000.edf
2023-11-26 16:54:41,101 - INFO - Dictionaries of integration: []
2023-11-26 16:54:41,101 - INFO - Dictionaries of integration: []
2023-11-26 16:54:41,101 - INFO - We entered into function: generate_integration
2023-11-26 16:54:41,101 - INFO - We entered into function: generate_integration
2023-11-26 16:54:41,101 - INFO - True
2023-11-26 16:54:41,103 - INFO - Data extracted from cache. Data: <class 'numpy.ndarray'>
2023-11-26 16:54:41,111 - INFO - (327.09600830078125, 2118.492431640625)
2023-11-26 16:54:41,116 - INFO - Displayed data.
2023-11-26 16:54:47,036 - INFO - Dictionaries of integration: ['azim_complete']
2023-11-26 16:54:47,037 - INFO - Dictionaries of integration: [{'name': 'azim_complete', 'suffix': 'azim_complete', 'type': 'azimuthal', 'unit': 'q_nm^-1', 'radial_range': [0.0, 30.0], 'azimuth_range': [0.0, 90.0], 'azim_bins': 0, 'integration': 'cake'}]
2023-11-26 16:54:47,037 - INFO - We entered into function: generate_integration
2023-11-26 16:54:47,037 - INFO - We entered into function: generate_integration
2023-11-26 16:54:47,037 - INFO - We entered into function: raw_integration
2023-11-26 16:54:47,037 - INFO - We entered into function: integration_azimuthal
2023-11-26 16:54:47,037 - INFO - We entered into function: calculate_bins
2023-11-26 16:54:47,038 - INFO - We entered into function: q_to_twotheta
2023-11-26 16:54:47,038 - INFO - We entered into function: q_to_twotheta
2023-11-26 16:54:47,038 - INFO - Trying azimuthal integration with: data-shape=(2880, 960) bins=1298, p0_range=[0.0, 30.0], p1_range=[0.0, 90.0], unit=q_nm^-1
2023-11-26 16:54:47,600 - INFO - Azimuthal integration performed.
2023-11-26 16:54:47,602 - INFO - False
2023-11-26 16:54:47,602 - INFO - Data extracted from cache. Data: <class 'numpy.ndarray'>
2023-11-26 16:54:47,611 - INFO - (327.09600830078125, 2118.492431640625)
2023-11-26 16:54:47,615 - INFO - Displayed data.
2023-11-26 16:54:48,756 - INFO - We entered into function: update_orientation
2023-11-26 16:54:48,757 - INFO - We entered into function: update_orientation
2023-11-26 16:54:48,767 - INFO - The sample orientation (pygix) is set at 3.
2023-11-26 16:54:48,767 - INFO - New sample orientation: 3
2023-11-26 16:54:48,768 - INFO - Dictionaries of integration: ['azim_complete']
2023-11-26 16:54:48,769 - INFO - Dictionaries of integration: [{'name': 'azim_complete', 'suffix': 'azim_complete', 'type': 'azimuthal', 'unit': 'q_nm^-1', 'radial_range': [0.0, 30.0], 'azimuth_range': [0.0, 90.0], 'azim_bins': 0, 'integration': 'cake'}]
2023-11-26 16:54:48,769 - INFO - We entered into function: generate_integration
2023-11-26 16:54:48,769 - INFO - We entered into function: generate_integration
2023-11-26 16:54:48,769 - INFO - We entered into function: raw_integration
2023-11-26 16:54:48,769 - INFO - We entered into function: integration_azimuthal
2023-11-26 16:54:48,769 - INFO - We entered into function: calculate_bins
2023-11-26 16:54:48,769 - INFO - We entered into function: q_to_twotheta
2023-11-26 16:54:48,769 - INFO - We entered into function: q_to_twotheta
2023-11-26 16:54:48,769 - INFO - Trying azimuthal integration with: data-shape=(2880, 960) bins=1298, p0_range=[0.0, 30.0], p1_range=[0.0, 90.0], unit=q_nm^-1
2023-11-26 16:54:49,402 - INFO - Azimuthal integration performed.
2023-11-26 16:54:49,404 - INFO - False
2023-11-26 16:54:49,404 - INFO - Data extracted from cache. Data: <class 'numpy.ndarray'>
2023-11-26 16:54:49,412 - INFO - (327.09600830078125, 2118.492431640625)
2023-11-26 16:54:49,420 - INFO - Displayed data.
2023-11-26 16:54:52,228 - INFO - We entered into function: get_Edf_data
2023-11-26 16:54:52,229 - INFO - We entered into function: get_Edf_instance
2023-11-26 16:54:52,229 - INFO - We entered into function: get_filename_from_index
2023-11-26 16:54:52,229 - INFO - We entered into function: get_entry_name
2023-11-26 16:54:52,231 - INFO - Trying to open sample name /home/edgar/work/pyxscat/pyxscat/test/test_edf/test_NCD/A1/rayonix_A1_spitch_0.12_000_0000.edf
2023-11-26 16:54:52,240 - INFO - New data sample with shape: (2880, 960)
2023-11-26 16:54:52,240 - INFO - We entered into function: get_norm_factor
2023-11-26 16:54:52,240 - INFO - We entered into function: get_dataset_norm_factor
2023-11-26 16:54:52,240 - INFO - We entered into function: get_norm_key
2023-11-26 16:54:52,240 - INFO - We entered into function: get_metadata_dataset
2023-11-26 16:54:52,240 - INFO - We entered into function: get_entry_name
2023-11-26 16:54:52,242 - ERROR - 'Unable to synchronously open object (name parameter cannot be an empty string)': dataset  could not be accessed.
2023-11-26 16:54:52,242 - ERROR - Failed while getting norm factor. Norm. factor set to 1.0.
2023-11-26 16:54:52,242 - INFO - Norm factor: 1.0
2023-11-26 16:54:52,246 - INFO - Retrieved data. Sample_name:A1, index (0,).
2023-11-26 16:54:52,256 - INFO - Filtered negative, nan and zero values.
2023-11-26 16:54:52,257 - INFO - Dictionaries of integration: ['azim_complete']
2023-11-26 16:54:52,257 - INFO - Dictionaries of integration: [{'name': 'azim_complete', 'suffix': 'azim_complete', 'type': 'azimuthal', 'unit': 'q_nm^-1', 'radial_range': [0.0, 30.0], 'azimuth_range': [0.0, 90.0], 'azim_bins': 0, 'integration': 'cake'}]
2023-11-26 16:54:52,258 - INFO - We entered into function: generate_integration
2023-11-26 16:54:52,258 - INFO - We entered into function: generate_integration
2023-11-26 16:54:52,258 - INFO - We entered into function: raw_integration
2023-11-26 16:54:52,258 - INFO - We entered into function: integration_azimuthal
2023-11-26 16:54:52,258 - INFO - We entered into function: calculate_bins
2023-11-26 16:54:52,258 - INFO - We entered into function: q_to_twotheta
2023-11-26 16:54:52,258 - INFO - We entered into function: q_to_twotheta
2023-11-26 16:54:52,258 - INFO - Trying azimuthal integration with: data-shape=(2880, 960) bins=1298, p0_range=[0.0, 30.0], p1_range=[0.0, 90.0], unit=q_nm^-1
2023-11-26 16:54:52,329 - INFO - Azimuthal integration performed.
2023-11-26 16:54:52,331 - INFO - False
2023-11-26 16:54:52,331 - INFO - Data extracted from cache. Data: <class 'numpy.ndarray'>
2023-11-26 16:54:52,340 - INFO - (327.09600830078125, 2118.492431640625)
2023-11-26 16:54:52,345 - INFO - Displayed data.
2023-11-26 16:54:54,332 - INFO - We entered into function: get_Edf_data
2023-11-26 16:54:54,332 - INFO - We entered into function: get_Edf_instance
2023-11-26 16:54:54,332 - INFO - We entered into function: get_filename_from_index
2023-11-26 16:54:54,332 - INFO - We entered into function: get_entry_name
2023-11-26 16:54:54,334 - INFO - Trying to open sample name /home/edgar/work/pyxscat/pyxscat/test/test_edf/test_NCD/A1/rayonix_A1_spitch_0.12_000_0000.edf
2023-11-26 16:54:54,339 - INFO - New data sample with shape: (2880, 960)
2023-11-26 16:54:54,339 - INFO - We entered into function: get_norm_factor
2023-11-26 16:54:54,339 - INFO - We entered into function: get_dataset_norm_factor
2023-11-26 16:54:54,339 - INFO - We entered into function: get_norm_key
2023-11-26 16:54:54,339 - INFO - We entered into function: get_metadata_dataset
2023-11-26 16:54:54,339 - INFO - We entered into function: get_entry_name
2023-11-26 16:54:54,340 - ERROR - 'Unable to synchronously open object (name parameter cannot be an empty string)': dataset  could not be accessed.
2023-11-26 16:54:54,340 - ERROR - Failed while getting norm factor. Norm. factor set to 1.0.
2023-11-26 16:54:54,340 - INFO - Norm factor: 1.0
2023-11-26 16:54:54,343 - INFO - Retrieved data. Sample_name:A1, index (0,).
2023-11-26 16:54:54,353 - INFO - Filtered negative, nan and zero values.
2023-11-26 16:54:54,354 - INFO - Dictionaries of integration: ['azim_complete']
2023-11-26 16:54:54,354 - INFO - Dictionaries of integration: [{'name': 'azim_complete', 'suffix': 'azim_complete', 'type': 'azimuthal', 'unit': 'q_nm^-1', 'radial_range': [0.0, 30.0], 'azimuth_range': [0.0, 90.0], 'azim_bins': 0, 'integration': 'cake'}]
2023-11-26 16:54:54,354 - INFO - We entered into function: generate_integration
2023-11-26 16:54:54,354 - INFO - We entered into function: generate_integration
2023-11-26 16:54:54,354 - INFO - We entered into function: raw_integration
2023-11-26 16:54:54,354 - INFO - We entered into function: integration_azimuthal
2023-11-26 16:54:54,354 - INFO - We entered into function: calculate_bins
2023-11-26 16:54:54,354 - INFO - We entered into function: q_to_twotheta
2023-11-26 16:54:54,355 - INFO - We entered into function: q_to_twotheta
2023-11-26 16:54:54,355 - INFO - Trying azimuthal integration with: data-shape=(2880, 960) bins=1298, p0_range=[0.0, 30.0], p1_range=[0.0, 90.0], unit=q_nm^-1
2023-11-26 16:54:54,440 - INFO - Azimuthal integration performed.
2023-11-26 16:54:54,442 - INFO - False
2023-11-26 16:54:54,442 - INFO - Data extracted from cache. Data: <class 'numpy.ndarray'>
2023-11-26 16:54:54,451 - INFO - (327.09600830078125, 2118.492431640625)
2023-11-26 16:54:54,456 - INFO - Displayed data.
2023-11-26 16:54:56,140 - INFO - We entered into function: get_Edf_data
2023-11-26 16:54:56,140 - INFO - We entered into function: get_Edf_instance
2023-11-26 16:54:56,140 - INFO - We entered into function: get_filename_from_index
2023-11-26 16:54:56,140 - INFO - We entered into function: get_entry_name
2023-11-26 16:54:56,142 - INFO - Trying to open sample name /home/edgar/work/pyxscat/pyxscat/test/test_edf/test_NCD/A1/rayonix_A1_spitch_0.12_000_0000.edf
2023-11-26 16:54:56,151 - INFO - New data sample with shape: (2880, 960)
2023-11-26 16:54:56,151 - INFO - We entered into function: get_norm_factor
2023-11-26 16:54:56,151 - INFO - We entered into function: get_dataset_norm_factor
2023-11-26 16:54:56,151 - INFO - We entered into function: get_norm_key
2023-11-26 16:54:56,151 - INFO - We entered into function: get_metadata_dataset
2023-11-26 16:54:56,151 - INFO - We entered into function: get_entry_name
2023-11-26 16:54:56,153 - ERROR - 'Unable to synchronously open object (name parameter cannot be an empty string)': dataset  could not be accessed.
2023-11-26 16:54:56,153 - ERROR - Failed while getting norm factor. Norm. factor set to 1.0.
2023-11-26 16:54:56,153 - INFO - Norm factor: 1.0
2023-11-26 16:54:56,156 - INFO - Retrieved data. Sample_name:A1, index (0,).
2023-11-26 16:54:56,165 - INFO - Filtered negative, nan and zero values.
2023-11-26 16:54:56,166 - INFO - Dictionaries of integration: ['azim_complete']
2023-11-26 16:54:56,166 - INFO - Dictionaries of integration: [{'name': 'azim_complete', 'suffix': 'azim_complete', 'type': 'azimuthal', 'unit': 'q_nm^-1', 'radial_range': [0.0, 30.0], 'azimuth_range': [0.0, 90.0], 'azim_bins': 0, 'integration': 'cake'}]
2023-11-26 16:54:56,166 - INFO - We entered into function: generate_integration
2023-11-26 16:54:56,166 - INFO - We entered into function: generate_integration
2023-11-26 16:54:56,166 - INFO - We entered into function: raw_integration
2023-11-26 16:54:56,166 - INFO - We entered into function: integration_azimuthal
2023-11-26 16:54:56,166 - INFO - We entered into function: calculate_bins
2023-11-26 16:54:56,166 - INFO - We entered into function: q_to_twotheta
2023-11-26 16:54:56,166 - INFO - We entered into function: q_to_twotheta
2023-11-26 16:54:56,166 - INFO - Trying azimuthal integration with: data-shape=(2880, 960) bins=1298, p0_range=[0.0, 30.0], p1_range=[0.0, 90.0], unit=q_nm^-1
2023-11-26 16:54:56,233 - INFO - Azimuthal integration performed.
2023-11-26 16:54:56,235 - INFO - False
2023-11-26 16:54:56,235 - INFO - Data extracted from cache. Data: <class 'numpy.ndarray'>
2023-11-26 16:54:56,243 - INFO - (327.09600830078125, 2118.492431640625)
2023-11-26 16:54:56,248 - INFO - Displayed data.
2023-11-26 16:55:05,444 - INFO - We entered into function: update_metadata_keys
2023-11-26 16:55:05,445 - INFO - New metadata keys: defaultdict(<class 'str'>, {'name': 'ALBA_NCD', 'iangle_key': 'spitch', 'tilt_key': 'sroll', 'norm_key': 'Monitor', 'acq_key': 'exposure'})
2023-11-26 16:55:08,236 - INFO - We entered into function: get_Edf_data
2023-11-26 16:55:08,236 - INFO - We entered into function: get_Edf_instance
2023-11-26 16:55:08,236 - INFO - We entered into function: get_filename_from_index
2023-11-26 16:55:08,236 - INFO - We entered into function: get_entry_name
2023-11-26 16:55:08,238 - INFO - Trying to open sample name /home/edgar/work/pyxscat/pyxscat/test/test_edf/test_NCD/A1/rayonix_A1_spitch_0.12_000_0000.edf
2023-11-26 16:55:08,245 - INFO - New data sample with shape: (2880, 960)
2023-11-26 16:55:08,245 - INFO - We entered into function: get_norm_factor
2023-11-26 16:55:08,245 - INFO - We entered into function: get_dataset_norm_factor
2023-11-26 16:55:08,245 - INFO - We entered into function: get_norm_key
2023-11-26 16:55:08,246 - INFO - We entered into function: get_metadata_dataset
2023-11-26 16:55:08,246 - INFO - We entered into function: get_entry_name
2023-11-26 16:55:08,248 - INFO - Norm factor: 2019.0568816752
2023-11-26 16:55:08,251 - INFO - Retrieved data. Sample_name:A1, index (0,).
2023-11-26 16:55:08,260 - INFO - Filtered negative, nan and zero values.
2023-11-26 16:55:08,261 - INFO - Dictionaries of integration: ['azim_complete']
2023-11-26 16:55:08,261 - INFO - Dictionaries of integration: [{'name': 'azim_complete', 'suffix': 'azim_complete', 'type': 'azimuthal', 'unit': 'q_nm^-1', 'radial_range': [0.0, 30.0], 'azimuth_range': [0.0, 90.0], 'azim_bins': 0, 'integration': 'cake'}]
2023-11-26 16:55:08,261 - INFO - We entered into function: generate_integration
2023-11-26 16:55:08,261 - INFO - We entered into function: generate_integration
2023-11-26 16:55:08,261 - INFO - We entered into function: raw_integration
2023-11-26 16:55:08,261 - INFO - We entered into function: integration_azimuthal
2023-11-26 16:55:08,261 - INFO - We entered into function: calculate_bins
2023-11-26 16:55:08,261 - INFO - We entered into function: q_to_twotheta
2023-11-26 16:55:08,262 - INFO - We entered into function: q_to_twotheta
2023-11-26 16:55:08,262 - INFO - Trying azimuthal integration with: data-shape=(2880, 960) bins=1298, p0_range=[0.0, 30.0], p1_range=[0.0, 90.0], unit=q_nm^-1
2023-11-26 16:55:08,331 - INFO - Azimuthal integration performed.
2023-11-26 16:55:08,334 - INFO - False
2023-11-26 16:55:08,334 - INFO - Data extracted from cache. Data: <class 'numpy.ndarray'>
2023-11-26 16:55:08,342 - INFO - (0.16200432181358337, 1.0492483973503113)
2023-11-26 16:55:08,347 - INFO - Displayed data.
2023-11-26 16:55:09,348 - INFO - We entered into function: get_Edf_data
2023-11-26 16:55:09,348 - INFO - We entered into function: get_Edf_instance
2023-11-26 16:55:09,349 - INFO - We entered into function: get_filename_from_index
2023-11-26 16:55:09,349 - INFO - We entered into function: get_entry_name
2023-11-26 16:55:09,351 - INFO - Trying to open sample name /home/edgar/work/pyxscat/pyxscat/test/test_edf/test_NCD/A1/rayonix_A1_spitch_0.15_000_0000.edf
2023-11-26 16:55:09,356 - INFO - New data sample with shape: (2880, 960)
2023-11-26 16:55:09,356 - INFO - We entered into function: get_norm_factor
2023-11-26 16:55:09,357 - INFO - We entered into function: get_dataset_norm_factor
2023-11-26 16:55:09,357 - INFO - We entered into function: get_norm_key
2023-11-26 16:55:09,357 - INFO - We entered into function: get_metadata_dataset
2023-11-26 16:55:09,357 - INFO - We entered into function: get_entry_name
2023-11-26 16:55:09,358 - INFO - Norm factor: 2018.734167944
2023-11-26 16:55:09,361 - INFO - Retrieved data. Sample_name:A1, index (1,).
2023-11-26 16:55:09,361 - INFO - Reference folder: A1
2023-11-26 16:55:09,361 - INFO - We entered into function: get_acquisition_key
2023-11-26 16:55:09,361 - INFO - We entered into function: get_acquisition_time
2023-11-26 16:55:09,361 - INFO - We entered into function: get_dataset_acquisition_time
2023-11-26 16:55:09,361 - INFO - We entered into function: get_acquisition_key
2023-11-26 16:55:09,361 - INFO - We entered into function: get_metadata_dataset
2023-11-26 16:55:09,361 - INFO - We entered into function: get_entry_name
2023-11-26 16:55:09,363 - INFO - Got acquistion time: 10.0
2023-11-26 16:55:09,364 - INFO - Acquisition time of the sample is 10.0.
2023-11-26 16:55:09,364 - INFO - We entered into function: get_dataset_acquisition_time
2023-11-26 16:55:09,364 - INFO - We entered into function: get_acquisition_key
2023-11-26 16:55:09,364 - INFO - We entered into function: get_metadata_dataset
2023-11-26 16:55:09,364 - INFO - We entered into function: get_entry_name
2023-11-26 16:55:09,366 - INFO - Acquisition dataset of the reference folder is [10. 10. 10. 10.].
2023-11-26 16:55:09,366 - INFO - We entered into function: get_filename_from_index
2023-11-26 16:55:09,366 - INFO - We entered into function: get_entry_name
2023-11-26 16:55:09,366 - INFO - Auto reference file: /home/edgar/work/pyxscat/pyxscat/test/test_edf/test_NCD/A1/rayonix_A1_spitch_0.12_000_0000.edf
2023-11-26 16:55:09,367 - INFO - Reference file: /home/edgar/work/pyxscat/pyxscat/test/test_edf/test_NCD/A1/rayonix_A1_spitch_0.12_000_0000.edf.
2023-11-26 16:55:09,367 - INFO - We entered into function: get_Edf_data
2023-11-26 16:55:09,367 - INFO - We entered into function: get_Edf_instance
2023-11-26 16:55:09,372 - INFO - New data sample with shape: (2880, 960)
2023-11-26 16:55:09,372 - INFO - We entered into function: get_norm_factor
2023-11-26 16:55:09,372 - INFO - We entered into function: get_dataset_norm_factor
2023-11-26 16:55:09,372 - INFO - We entered into function: get_norm_key
2023-11-26 16:55:09,372 - INFO - We entered into function: get_metadata_dataset
2023-11-26 16:55:09,372 - INFO - We entered into function: get_entry_name
2023-11-26 16:55:09,373 - INFO - Norm factor: 2019.0568816752
2023-11-26 16:55:09,375 - INFO - New reference factor: 0.04
2023-11-26 16:55:09,386 - INFO - Filtered negative, nan and zero values.
2023-11-26 16:55:09,386 - INFO - We entered into function: update_angles
2023-11-26 16:55:09,386 - INFO - We entered into function: get_incident_angle
2023-11-26 16:55:09,386 - INFO - We entered into function: get_dataset_incident_angle
2023-11-26 16:55:09,387 - INFO - We entered into function: get_iangle_key
2023-11-26 16:55:09,387 - INFO - We entered into function: get_metadata_dataset
2023-11-26 16:55:09,387 - INFO - We entered into function: get_entry_name
2023-11-26 16:55:09,388 - INFO - Got incident angle: 0.15
2023-11-26 16:55:09,388 - INFO - We entered into function: get_tilt_angle
2023-11-26 16:55:09,388 - INFO - We entered into function: get_dataset_tilt_angle
2023-11-26 16:55:09,388 - INFO - We entered into function: get_tiltangle_key
2023-11-26 16:55:09,388 - INFO - We entered into function: get_metadata_dataset
2023-11-26 16:55:09,388 - INFO - We entered into function: get_entry_name
2023-11-26 16:55:09,389 - INFO - Got tilt angle: 0.0
2023-11-26 16:55:09,389 - INFO - We entered into function: update_incident_angle
2023-11-26 16:55:09,390 - INFO - Incident angle set up as 0.15.
2023-11-26 16:55:09,390 - INFO - We entered into function: update_tilt_angle
2023-11-26 16:55:09,390 - INFO - Tilt angle set up as 0.0.
2023-11-26 16:55:09,390 - INFO - We entered into function: get_filename_from_index
2023-11-26 16:55:09,390 - INFO - We entered into function: get_entry_name
2023-11-26 16:55:09,391 - INFO - New label: /home/edgar/work/pyxscat/pyxscat/test/test_edf/test_NCD/A1/rayonix_A1_spitch_0.15_000_0000.edf
2023-11-26 16:55:09,391 - INFO - Dictionaries of integration: ['azim_complete']
2023-11-26 16:55:09,392 - INFO - Dictionaries of integration: [{'name': 'azim_complete', 'suffix': 'azim_complete', 'type': 'azimuthal', 'unit': 'q_nm^-1', 'radial_range': [0.0, 30.0], 'azimuth_range': [0.0, 90.0], 'azim_bins': 0, 'integration': 'cake'}]
2023-11-26 16:55:09,392 - INFO - We entered into function: generate_integration
2023-11-26 16:55:09,392 - INFO - We entered into function: generate_integration
2023-11-26 16:55:09,392 - INFO - We entered into function: raw_integration
2023-11-26 16:55:09,392 - INFO - We entered into function: integration_azimuthal
2023-11-26 16:55:09,392 - INFO - We entered into function: calculate_bins
2023-11-26 16:55:09,392 - INFO - We entered into function: q_to_twotheta
2023-11-26 16:55:09,392 - INFO - We entered into function: q_to_twotheta
2023-11-26 16:55:09,392 - INFO - Trying azimuthal integration with: data-shape=(2880, 960) bins=1298, p0_range=[0.0, 30.0], p1_range=[0.0, 90.0], unit=q_nm^-1
2023-11-26 16:55:10,021 - INFO - Azimuthal integration performed.
2023-11-26 16:55:10,023 - INFO - False
2023-11-26 16:55:10,023 - INFO - Data extracted from cache. Data: <class 'numpy.ndarray'>
2023-11-26 16:55:10,032 - INFO - (0.0522647500038147, 0.45642246305942535)
2023-11-26 16:55:10,036 - INFO - Displayed data.
2023-11-26 16:55:12,212 - INFO - We entered into function: get_Edf_data
2023-11-26 16:55:12,212 - INFO - We entered into function: get_Edf_instance
2023-11-26 16:55:12,212 - INFO - We entered into function: get_filename_from_index
2023-11-26 16:55:12,212 - INFO - We entered into function: get_entry_name
2023-11-26 16:55:12,214 - INFO - Trying to open sample name /home/edgar/work/pyxscat/pyxscat/test/test_edf/test_NCD/A1/rayonix_A1_spitch_0.12_000_0000.edf
2023-11-26 16:55:12,220 - INFO - New data sample with shape: (2880, 960)
2023-11-26 16:55:12,220 - INFO - We entered into function: get_norm_factor
2023-11-26 16:55:12,220 - INFO - We entered into function: get_dataset_norm_factor
2023-11-26 16:55:12,220 - INFO - We entered into function: get_norm_key
2023-11-26 16:55:12,220 - INFO - We entered into function: get_metadata_dataset
2023-11-26 16:55:12,220 - INFO - We entered into function: get_entry_name
2023-11-26 16:55:12,222 - INFO - Norm factor: 2019.0568816752
2023-11-26 16:55:12,224 - INFO - Retrieved data. Sample_name:A1, index (0,).
2023-11-26 16:55:12,224 - INFO - Reference folder: A1
2023-11-26 16:55:12,225 - INFO - We entered into function: get_acquisition_key
2023-11-26 16:55:12,225 - INFO - We entered into function: get_acquisition_time
2023-11-26 16:55:12,225 - INFO - We entered into function: get_dataset_acquisition_time
2023-11-26 16:55:12,225 - INFO - We entered into function: get_acquisition_key
2023-11-26 16:55:12,225 - INFO - We entered into function: get_metadata_dataset
2023-11-26 16:55:12,225 - INFO - We entered into function: get_entry_name
2023-11-26 16:55:12,226 - INFO - Got acquistion time: 10.0
2023-11-26 16:55:12,226 - INFO - Acquisition time of the sample is 10.0.
2023-11-26 16:55:12,226 - INFO - We entered into function: get_dataset_acquisition_time
2023-11-26 16:55:12,226 - INFO - We entered into function: get_acquisition_key
2023-11-26 16:55:12,226 - INFO - We entered into function: get_metadata_dataset
2023-11-26 16:55:12,226 - INFO - We entered into function: get_entry_name
2023-11-26 16:55:12,227 - INFO - Acquisition dataset of the reference folder is [10. 10. 10. 10.].
2023-11-26 16:55:12,227 - INFO - We entered into function: get_filename_from_index
2023-11-26 16:55:12,227 - INFO - We entered into function: get_entry_name
2023-11-26 16:55:12,228 - INFO - Auto reference file: /home/edgar/work/pyxscat/pyxscat/test/test_edf/test_NCD/A1/rayonix_A1_spitch_0.12_000_0000.edf
2023-11-26 16:55:12,228 - INFO - Reference file: /home/edgar/work/pyxscat/pyxscat/test/test_edf/test_NCD/A1/rayonix_A1_spitch_0.12_000_0000.edf.
2023-11-26 16:55:12,228 - INFO - We entered into function: get_Edf_data
2023-11-26 16:55:12,228 - INFO - We entered into function: get_Edf_instance
2023-11-26 16:55:12,234 - INFO - New data sample with shape: (2880, 960)
2023-11-26 16:55:12,234 - INFO - We entered into function: get_norm_factor
2023-11-26 16:55:12,234 - INFO - We entered into function: get_dataset_norm_factor
2023-11-26 16:55:12,234 - INFO - We entered into function: get_norm_key
2023-11-26 16:55:12,234 - INFO - We entered into function: get_metadata_dataset
2023-11-26 16:55:12,234 - INFO - We entered into function: get_entry_name
2023-11-26 16:55:12,235 - INFO - Norm factor: 2019.0568816752
2023-11-26 16:55:12,237 - INFO - New reference factor: 0.04
2023-11-26 16:55:12,251 - INFO - Filtered negative, nan and zero values.
2023-11-26 16:55:12,251 - INFO - We entered into function: update_angles
2023-11-26 16:55:12,251 - INFO - We entered into function: get_incident_angle
2023-11-26 16:55:12,251 - INFO - We entered into function: get_dataset_incident_angle
2023-11-26 16:55:12,251 - INFO - We entered into function: get_iangle_key
2023-11-26 16:55:12,251 - INFO - We entered into function: get_metadata_dataset
2023-11-26 16:55:12,251 - INFO - We entered into function: get_entry_name
2023-11-26 16:55:12,252 - INFO - Got incident angle: 0.12
2023-11-26 16:55:12,252 - INFO - We entered into function: get_tilt_angle
2023-11-26 16:55:12,253 - INFO - We entered into function: get_dataset_tilt_angle
2023-11-26 16:55:12,253 - INFO - We entered into function: get_tiltangle_key
2023-11-26 16:55:12,253 - INFO - We entered into function: get_metadata_dataset
2023-11-26 16:55:12,253 - INFO - We entered into function: get_entry_name
2023-11-26 16:55:12,253 - INFO - Got tilt angle: 0.0
2023-11-26 16:55:12,253 - INFO - We entered into function: update_incident_angle
2023-11-26 16:55:12,254 - INFO - Incident angle set up as 0.12.
2023-11-26 16:55:12,254 - INFO - We entered into function: update_tilt_angle
2023-11-26 16:55:12,254 - INFO - Tilt angle set up as 0.0.
2023-11-26 16:55:12,254 - INFO - We entered into function: get_filename_from_index
2023-11-26 16:55:12,254 - INFO - We entered into function: get_entry_name
2023-11-26 16:55:12,255 - INFO - New label: /home/edgar/work/pyxscat/pyxscat/test/test_edf/test_NCD/A1/rayonix_A1_spitch_0.12_000_0000.edf
2023-11-26 16:55:12,256 - INFO - Dictionaries of integration: ['azim_complete']
2023-11-26 16:55:12,256 - INFO - Dictionaries of integration: [{'name': 'azim_complete', 'suffix': 'azim_complete', 'type': 'azimuthal', 'unit': 'q_nm^-1', 'radial_range': [0.0, 30.0], 'azimuth_range': [0.0, 90.0], 'azim_bins': 0, 'integration': 'cake'}]
2023-11-26 16:55:12,256 - INFO - We entered into function: generate_integration
2023-11-26 16:55:12,256 - INFO - We entered into function: generate_integration
2023-11-26 16:55:12,256 - INFO - We entered into function: raw_integration
2023-11-26 16:55:12,256 - INFO - We entered into function: integration_azimuthal
2023-11-26 16:55:12,256 - INFO - We entered into function: calculate_bins
2023-11-26 16:55:12,256 - INFO - We entered into function: q_to_twotheta
2023-11-26 16:55:12,256 - INFO - We entered into function: q_to_twotheta
2023-11-26 16:55:12,256 - INFO - Trying azimuthal integration with: data-shape=(2880, 960) bins=1298, p0_range=[0.0, 30.0], p1_range=[0.0, 90.0], unit=q_nm^-1
2023-11-26 16:55:12,888 - INFO - Azimuthal integration performed.
2023-11-26 16:55:12,890 - INFO - False
2023-11-26 16:55:12,890 - INFO - Data extracted from cache. Data: <class 'numpy.ndarray'>
2023-11-26 16:55:12,899 - INFO - (0.1555241048336029, 1.0072784423828125)
2023-11-26 16:55:12,905 - INFO - Displayed data.
2023-11-26 16:55:13,940 - INFO - We entered into function: get_Edf_data
2023-11-26 16:55:13,940 - INFO - We entered into function: get_Edf_instance
2023-11-26 16:55:13,940 - INFO - We entered into function: get_filename_from_index
2023-11-26 16:55:13,940 - INFO - We entered into function: get_entry_name
2023-11-26 16:55:13,942 - INFO - Trying to open sample name /home/edgar/work/pyxscat/pyxscat/test/test_edf/test_NCD/A1/rayonix_A1_spitch_0.12_000_0000.edf
2023-11-26 16:55:13,948 - INFO - New data sample with shape: (2880, 960)
2023-11-26 16:55:13,949 - INFO - We entered into function: get_norm_factor
2023-11-26 16:55:13,949 - INFO - We entered into function: get_dataset_norm_factor
2023-11-26 16:55:13,949 - INFO - We entered into function: get_norm_key
2023-11-26 16:55:13,949 - INFO - We entered into function: get_metadata_dataset
2023-11-26 16:55:13,949 - INFO - We entered into function: get_entry_name
2023-11-26 16:55:13,950 - INFO - Norm factor: 2019.0568816752
2023-11-26 16:55:13,952 - INFO - Retrieved data. Sample_name:A1, index (0,).
2023-11-26 16:55:13,960 - INFO - Filtered negative, nan and zero values.
2023-11-26 16:55:13,961 - INFO - Dictionaries of integration: ['azim_complete']
2023-11-26 16:55:13,961 - INFO - Dictionaries of integration: [{'name': 'azim_complete', 'suffix': 'azim_complete', 'type': 'azimuthal', 'unit': 'q_nm^-1', 'radial_range': [0.0, 30.0], 'azimuth_range': [0.0, 90.0], 'azim_bins': 0, 'integration': 'cake'}]
2023-11-26 16:55:13,961 - INFO - We entered into function: generate_integration
2023-11-26 16:55:13,962 - INFO - We entered into function: generate_integration
2023-11-26 16:55:13,962 - INFO - We entered into function: raw_integration
2023-11-26 16:55:13,962 - INFO - We entered into function: integration_azimuthal
2023-11-26 16:55:13,962 - INFO - We entered into function: calculate_bins
2023-11-26 16:55:13,962 - INFO - We entered into function: q_to_twotheta
2023-11-26 16:55:13,962 - INFO - We entered into function: q_to_twotheta
2023-11-26 16:55:13,962 - INFO - Trying azimuthal integration with: data-shape=(2880, 960) bins=1298, p0_range=[0.0, 30.0], p1_range=[0.0, 90.0], unit=q_nm^-1
2023-11-26 16:55:14,032 - INFO - Azimuthal integration performed.
2023-11-26 16:55:14,033 - INFO - False
2023-11-26 16:55:14,034 - INFO - Data extracted from cache. Data: <class 'numpy.ndarray'>
2023-11-26 16:55:14,042 - INFO - (0.16200432181358337, 1.0492483973503113)
2023-11-26 16:55:14,047 - INFO - Displayed data.
2023-11-26 16:55:14,404 - INFO - We entered into function: get_Edf_data
2023-11-26 16:55:14,404 - INFO - We entered into function: get_Edf_instance
2023-11-26 16:55:14,404 - INFO - We entered into function: get_filename_from_index
2023-11-26 16:55:14,404 - INFO - We entered into function: get_entry_name
2023-11-26 16:55:14,406 - INFO - Trying to open sample name /home/edgar/work/pyxscat/pyxscat/test/test_edf/test_NCD/A1/rayonix_A1_spitch_0.12_000_0000.edf
2023-11-26 16:55:14,411 - INFO - New data sample with shape: (2880, 960)
2023-11-26 16:55:14,411 - INFO - We entered into function: get_norm_factor
2023-11-26 16:55:14,411 - INFO - We entered into function: get_dataset_norm_factor
2023-11-26 16:55:14,412 - INFO - We entered into function: get_norm_key
2023-11-26 16:55:14,412 - INFO - We entered into function: get_metadata_dataset
2023-11-26 16:55:14,412 - INFO - We entered into function: get_entry_name
2023-11-26 16:55:14,413 - INFO - Norm factor: 2019.0568816752
2023-11-26 16:55:14,415 - INFO - Retrieved data. Sample_name:A1, index (0,).
2023-11-26 16:55:14,424 - INFO - Filtered negative, nan and zero values.
2023-11-26 16:55:14,424 - INFO - Dictionaries of integration: ['azim_complete']
2023-11-26 16:55:14,424 - INFO - Dictionaries of integration: [{'name': 'azim_complete', 'suffix': 'azim_complete', 'type': 'azimuthal', 'unit': 'q_nm^-1', 'radial_range': [0.0, 30.0], 'azimuth_range': [0.0, 90.0], 'azim_bins': 0, 'integration': 'cake'}]
2023-11-26 16:55:14,425 - INFO - We entered into function: generate_integration
2023-11-26 16:55:14,425 - INFO - We entered into function: generate_integration
2023-11-26 16:55:14,425 - INFO - We entered into function: raw_integration
2023-11-26 16:55:14,425 - INFO - We entered into function: integration_azimuthal
2023-11-26 16:55:14,425 - INFO - We entered into function: calculate_bins
2023-11-26 16:55:14,425 - INFO - We entered into function: q_to_twotheta
2023-11-26 16:55:14,425 - INFO - We entered into function: q_to_twotheta
2023-11-26 16:55:14,425 - INFO - Trying azimuthal integration with: data-shape=(2880, 960) bins=1298, p0_range=[0.0, 30.0], p1_range=[0.0, 90.0], unit=q_nm^-1
2023-11-26 16:55:14,497 - INFO - Azimuthal integration performed.
2023-11-26 16:55:14,499 - INFO - False
2023-11-26 16:55:14,499 - INFO - Data extracted from cache. Data: <class 'numpy.ndarray'>
2023-11-26 16:55:14,507 - INFO - (0.16200432181358337, 1.0492483973503113)
2023-11-26 16:55:14,512 - INFO - Displayed data.
2023-11-26 16:55:14,964 - INFO - We entered into function: get_Edf_data
2023-11-26 16:55:14,964 - INFO - We entered into function: get_Edf_instance
2023-11-26 16:55:14,964 - INFO - We entered into function: get_filename_from_index
2023-11-26 16:55:14,964 - INFO - We entered into function: get_entry_name
2023-11-26 16:55:14,966 - INFO - Trying to open sample name /home/edgar/work/pyxscat/pyxscat/test/test_edf/test_NCD/A1/rayonix_A1_spitch_0.12_000_0000.edf
2023-11-26 16:55:14,972 - INFO - New data sample with shape: (2880, 960)
2023-11-26 16:55:14,972 - INFO - We entered into function: get_norm_factor
2023-11-26 16:55:14,972 - INFO - We entered into function: get_dataset_norm_factor
2023-11-26 16:55:14,972 - INFO - We entered into function: get_norm_key
2023-11-26 16:55:14,972 - INFO - We entered into function: get_metadata_dataset
2023-11-26 16:55:14,972 - INFO - We entered into function: get_entry_name
2023-11-26 16:55:14,974 - INFO - Norm factor: 2019.0568816752
2023-11-26 16:55:14,975 - INFO - Retrieved data. Sample_name:A1, index (0,).
2023-11-26 16:55:14,984 - INFO - Filtered negative, nan and zero values.
2023-11-26 16:55:14,985 - INFO - Dictionaries of integration: ['azim_complete']
2023-11-26 16:55:14,985 - INFO - Dictionaries of integration: [{'name': 'azim_complete', 'suffix': 'azim_complete', 'type': 'azimuthal', 'unit': 'q_nm^-1', 'radial_range': [0.0, 30.0], 'azimuth_range': [0.0, 90.0], 'azim_bins': 0, 'integration': 'cake'}]
2023-11-26 16:55:14,985 - INFO - We entered into function: generate_integration
2023-11-26 16:55:14,985 - INFO - We entered into function: generate_integration
2023-11-26 16:55:14,985 - INFO - We entered into function: raw_integration
2023-11-26 16:55:14,985 - INFO - We entered into function: integration_azimuthal
2023-11-26 16:55:14,985 - INFO - We entered into function: calculate_bins
2023-11-26 16:55:14,985 - INFO - We entered into function: q_to_twotheta
2023-11-26 16:55:14,985 - INFO - We entered into function: q_to_twotheta
2023-11-26 16:55:14,985 - INFO - Trying azimuthal integration with: data-shape=(2880, 960) bins=1298, p0_range=[0.0, 30.0], p1_range=[0.0, 90.0], unit=q_nm^-1
2023-11-26 16:55:15,053 - INFO - Azimuthal integration performed.
2023-11-26 16:55:15,055 - INFO - False
2023-11-26 16:55:15,055 - INFO - Data extracted from cache. Data: <class 'numpy.ndarray'>
2023-11-26 16:55:15,064 - INFO - (0.16200432181358337, 1.0492483973503113)
2023-11-26 16:55:15,069 - INFO - Displayed data.
2023-11-26 16:55:15,356 - INFO - We entered into function: get_Edf_data
2023-11-26 16:55:15,356 - INFO - We entered into function: get_Edf_instance
2023-11-26 16:55:15,356 - INFO - We entered into function: get_filename_from_index
2023-11-26 16:55:15,356 - INFO - We entered into function: get_entry_name
2023-11-26 16:55:15,358 - INFO - Trying to open sample name /home/edgar/work/pyxscat/pyxscat/test/test_edf/test_NCD/A1/rayonix_A1_spitch_0.12_000_0000.edf
2023-11-26 16:55:15,364 - INFO - New data sample with shape: (2880, 960)
2023-11-26 16:55:15,364 - INFO - We entered into function: get_norm_factor
2023-11-26 16:55:15,365 - INFO - We entered into function: get_dataset_norm_factor
2023-11-26 16:55:15,365 - INFO - We entered into function: get_norm_key
2023-11-26 16:55:15,365 - INFO - We entered into function: get_metadata_dataset
2023-11-26 16:55:15,365 - INFO - We entered into function: get_entry_name
2023-11-26 16:55:15,367 - INFO - Norm factor: 2019.0568816752
2023-11-26 16:55:15,370 - INFO - Retrieved data. Sample_name:A1, index (0,).
2023-11-26 16:55:15,378 - INFO - Filtered negative, nan and zero values.
2023-11-26 16:55:15,379 - INFO - Dictionaries of integration: ['azim_complete']
2023-11-26 16:55:15,379 - INFO - Dictionaries of integration: [{'name': 'azim_complete', 'suffix': 'azim_complete', 'type': 'azimuthal', 'unit': 'q_nm^-1', 'radial_range': [0.0, 30.0], 'azimuth_range': [0.0, 90.0], 'azim_bins': 0, 'integration': 'cake'}]
2023-11-26 16:55:15,379 - INFO - We entered into function: generate_integration
2023-11-26 16:55:15,379 - INFO - We entered into function: generate_integration
2023-11-26 16:55:15,379 - INFO - We entered into function: raw_integration
2023-11-26 16:55:15,379 - INFO - We entered into function: integration_azimuthal
2023-11-26 16:55:15,379 - INFO - We entered into function: calculate_bins
2023-11-26 16:55:15,379 - INFO - We entered into function: q_to_twotheta
2023-11-26 16:55:15,380 - INFO - We entered into function: q_to_twotheta
2023-11-26 16:55:15,380 - INFO - Trying azimuthal integration with: data-shape=(2880, 960) bins=1298, p0_range=[0.0, 30.0], p1_range=[0.0, 90.0], unit=q_nm^-1
2023-11-26 16:55:15,447 - INFO - Azimuthal integration performed.
2023-11-26 16:55:15,449 - INFO - False
2023-11-26 16:55:15,449 - INFO - Data extracted from cache. Data: <class 'numpy.ndarray'>
2023-11-26 16:55:15,457 - INFO - (0.16200432181358337, 1.0492483973503113)
2023-11-26 16:55:15,462 - INFO - Displayed data.
2023-11-26 16:55:15,532 - INFO - We entered into function: get_Edf_data
2023-11-26 16:55:15,532 - INFO - We entered into function: get_Edf_instance
2023-11-26 16:55:15,532 - INFO - We entered into function: get_filename_from_index
2023-11-26 16:55:15,532 - INFO - We entered into function: get_entry_name
2023-11-26 16:55:15,533 - INFO - Trying to open sample name /home/edgar/work/pyxscat/pyxscat/test/test_edf/test_NCD/A1/rayonix_A1_spitch_0.12_000_0000.edf
2023-11-26 16:55:15,538 - INFO - New data sample with shape: (2880, 960)
2023-11-26 16:55:15,538 - INFO - We entered into function: get_norm_factor
2023-11-26 16:55:15,538 - INFO - We entered into function: get_dataset_norm_factor
2023-11-26 16:55:15,538 - INFO - We entered into function: get_norm_key
2023-11-26 16:55:15,538 - INFO - We entered into function: get_metadata_dataset
2023-11-26 16:55:15,538 - INFO - We entered into function: get_entry_name
2023-11-26 16:55:15,539 - INFO - Norm factor: 2019.0568816752
2023-11-26 16:55:15,541 - INFO - Retrieved data. Sample_name:A1, index (0,).
2023-11-26 16:55:15,552 - INFO - Filtered negative, nan and zero values.
2023-11-26 16:55:15,553 - INFO - Dictionaries of integration: ['azim_complete']
2023-11-26 16:55:15,554 - INFO - Dictionaries of integration: [{'name': 'azim_complete', 'suffix': 'azim_complete', 'type': 'azimuthal', 'unit': 'q_nm^-1', 'radial_range': [0.0, 30.0], 'azimuth_range': [0.0, 90.0], 'azim_bins': 0, 'integration': 'cake'}]
2023-11-26 16:55:15,554 - INFO - We entered into function: generate_integration
2023-11-26 16:55:15,554 - INFO - We entered into function: generate_integration
2023-11-26 16:55:15,554 - INFO - We entered into function: raw_integration
2023-11-26 16:55:15,554 - INFO - We entered into function: integration_azimuthal
2023-11-26 16:55:15,554 - INFO - We entered into function: calculate_bins
2023-11-26 16:55:15,554 - INFO - We entered into function: q_to_twotheta
2023-11-26 16:55:15,554 - INFO - We entered into function: q_to_twotheta
2023-11-26 16:55:15,554 - INFO - Trying azimuthal integration with: data-shape=(2880, 960) bins=1298, p0_range=[0.0, 30.0], p1_range=[0.0, 90.0], unit=q_nm^-1
2023-11-26 16:55:15,620 - INFO - Azimuthal integration performed.
2023-11-26 16:55:15,622 - INFO - False
2023-11-26 16:55:15,622 - INFO - Data extracted from cache. Data: <class 'numpy.ndarray'>
2023-11-26 16:55:15,631 - INFO - (0.16200432181358337, 1.0492483973503113)
2023-11-26 16:55:15,636 - INFO - Displayed data.
2023-11-26 16:55:15,707 - INFO - We entered into function: get_Edf_data
2023-11-26 16:55:15,708 - INFO - We entered into function: get_Edf_instance
2023-11-26 16:55:15,708 - INFO - We entered into function: get_filename_from_index
2023-11-26 16:55:15,708 - INFO - We entered into function: get_entry_name
2023-11-26 16:55:15,709 - INFO - Trying to open sample name /home/edgar/work/pyxscat/pyxscat/test/test_edf/test_NCD/A1/rayonix_A1_spitch_0.12_000_0000.edf
2023-11-26 16:55:15,714 - INFO - New data sample with shape: (2880, 960)
2023-11-26 16:55:15,715 - INFO - We entered into function: get_norm_factor
2023-11-26 16:55:15,715 - INFO - We entered into function: get_dataset_norm_factor
2023-11-26 16:55:15,715 - INFO - We entered into function: get_norm_key
2023-11-26 16:55:15,715 - INFO - We entered into function: get_metadata_dataset
2023-11-26 16:55:15,715 - INFO - We entered into function: get_entry_name
2023-11-26 16:55:15,716 - INFO - Norm factor: 2019.0568816752
2023-11-26 16:55:15,718 - INFO - Retrieved data. Sample_name:A1, index (0,).
2023-11-26 16:55:15,726 - INFO - Filtered negative, nan and zero values.
2023-11-26 16:55:15,727 - INFO - Dictionaries of integration: ['azim_complete']
2023-11-26 16:55:15,727 - INFO - Dictionaries of integration: [{'name': 'azim_complete', 'suffix': 'azim_complete', 'type': 'azimuthal', 'unit': 'q_nm^-1', 'radial_range': [0.0, 30.0], 'azimuth_range': [0.0, 90.0], 'azim_bins': 0, 'integration': 'cake'}]
2023-11-26 16:55:15,727 - INFO - We entered into function: generate_integration
2023-11-26 16:55:15,727 - INFO - We entered into function: generate_integration
2023-11-26 16:55:15,727 - INFO - We entered into function: raw_integration
2023-11-26 16:55:15,727 - INFO - We entered into function: integration_azimuthal
2023-11-26 16:55:15,728 - INFO - We entered into function: calculate_bins
2023-11-26 16:55:15,728 - INFO - We entered into function: q_to_twotheta
2023-11-26 16:55:15,728 - INFO - We entered into function: q_to_twotheta
2023-11-26 16:55:15,728 - INFO - Trying azimuthal integration with: data-shape=(2880, 960) bins=1298, p0_range=[0.0, 30.0], p1_range=[0.0, 90.0], unit=q_nm^-1
2023-11-26 16:55:15,793 - INFO - Azimuthal integration performed.
2023-11-26 16:55:15,795 - INFO - False
2023-11-26 16:55:15,796 - INFO - Data extracted from cache. Data: <class 'numpy.ndarray'>
2023-11-26 16:55:15,804 - INFO - (0.16200432181358337, 1.0492483973503113)
2023-11-26 16:55:15,809 - INFO - Displayed data.
2023-11-26 16:55:15,892 - INFO - We entered into function: get_Edf_data
2023-11-26 16:55:15,892 - INFO - We entered into function: get_Edf_instance
2023-11-26 16:55:15,892 - INFO - We entered into function: get_filename_from_index
2023-11-26 16:55:15,892 - INFO - We entered into function: get_entry_name
2023-11-26 16:55:15,894 - INFO - Trying to open sample name /home/edgar/work/pyxscat/pyxscat/test/test_edf/test_NCD/A1/rayonix_A1_spitch_0.12_000_0000.edf
2023-11-26 16:55:15,900 - INFO - New data sample with shape: (2880, 960)
2023-11-26 16:55:15,901 - INFO - We entered into function: get_norm_factor
2023-11-26 16:55:15,901 - INFO - We entered into function: get_dataset_norm_factor
2023-11-26 16:55:15,901 - INFO - We entered into function: get_norm_key
2023-11-26 16:55:15,901 - INFO - We entered into function: get_metadata_dataset
2023-11-26 16:55:15,901 - INFO - We entered into function: get_entry_name
2023-11-26 16:55:15,902 - INFO - Norm factor: 2019.0568816752
2023-11-26 16:55:15,905 - INFO - Retrieved data. Sample_name:A1, index (0,).
2023-11-26 16:55:15,915 - INFO - Filtered negative, nan and zero values.
2023-11-26 16:55:15,916 - INFO - Dictionaries of integration: ['azim_complete']
2023-11-26 16:55:15,916 - INFO - Dictionaries of integration: [{'name': 'azim_complete', 'suffix': 'azim_complete', 'type': 'azimuthal', 'unit': 'q_nm^-1', 'radial_range': [0.0, 30.0], 'azimuth_range': [0.0, 90.0], 'azim_bins': 0, 'integration': 'cake'}]
2023-11-26 16:55:15,916 - INFO - We entered into function: generate_integration
2023-11-26 16:55:15,916 - INFO - We entered into function: generate_integration
2023-11-26 16:55:15,916 - INFO - We entered into function: raw_integration
2023-11-26 16:55:15,916 - INFO - We entered into function: integration_azimuthal
2023-11-26 16:55:15,916 - INFO - We entered into function: calculate_bins
2023-11-26 16:55:15,916 - INFO - We entered into function: q_to_twotheta
2023-11-26 16:55:15,916 - INFO - We entered into function: q_to_twotheta
2023-11-26 16:55:15,917 - INFO - Trying azimuthal integration with: data-shape=(2880, 960) bins=1298, p0_range=[0.0, 30.0], p1_range=[0.0, 90.0], unit=q_nm^-1
2023-11-26 16:55:15,983 - INFO - Azimuthal integration performed.
2023-11-26 16:55:15,984 - INFO - False
2023-11-26 16:55:15,985 - INFO - Data extracted from cache. Data: <class 'numpy.ndarray'>
2023-11-26 16:55:15,993 - INFO - (0.16200432181358337, 1.0492483973503113)
2023-11-26 16:55:15,998 - INFO - Displayed data.
2023-11-26 16:55:16,100 - INFO - We entered into function: get_Edf_data
2023-11-26 16:55:16,100 - INFO - We entered into function: get_Edf_instance
2023-11-26 16:55:16,100 - INFO - We entered into function: get_filename_from_index
2023-11-26 16:55:16,100 - INFO - We entered into function: get_entry_name
2023-11-26 16:55:16,102 - INFO - Trying to open sample name /home/edgar/work/pyxscat/pyxscat/test/test_edf/test_NCD/A1/rayonix_A1_spitch_0.12_000_0000.edf
2023-11-26 16:55:16,107 - INFO - New data sample with shape: (2880, 960)
2023-11-26 16:55:16,108 - INFO - We entered into function: get_norm_factor
2023-11-26 16:55:16,108 - INFO - We entered into function: get_dataset_norm_factor
2023-11-26 16:55:16,108 - INFO - We entered into function: get_norm_key
2023-11-26 16:55:16,108 - INFO - We entered into function: get_metadata_dataset
2023-11-26 16:55:16,108 - INFO - We entered into function: get_entry_name
2023-11-26 16:55:16,109 - INFO - Norm factor: 2019.0568816752
2023-11-26 16:55:16,111 - INFO - Retrieved data. Sample_name:A1, index (0,).
2023-11-26 16:55:16,121 - INFO - Filtered negative, nan and zero values.
2023-11-26 16:55:16,121 - INFO - Dictionaries of integration: ['azim_complete']
2023-11-26 16:55:16,122 - INFO - Dictionaries of integration: [{'name': 'azim_complete', 'suffix': 'azim_complete', 'type': 'azimuthal', 'unit': 'q_nm^-1', 'radial_range': [0.0, 30.0], 'azimuth_range': [0.0, 90.0], 'azim_bins': 0, 'integration': 'cake'}]
2023-11-26 16:55:16,122 - INFO - We entered into function: generate_integration
2023-11-26 16:55:16,122 - INFO - We entered into function: generate_integration
2023-11-26 16:55:16,122 - INFO - We entered into function: raw_integration
2023-11-26 16:55:16,122 - INFO - We entered into function: integration_azimuthal
2023-11-26 16:55:16,122 - INFO - We entered into function: calculate_bins
2023-11-26 16:55:16,122 - INFO - We entered into function: q_to_twotheta
2023-11-26 16:55:16,122 - INFO - We entered into function: q_to_twotheta
2023-11-26 16:55:16,122 - INFO - Trying azimuthal integration with: data-shape=(2880, 960) bins=1298, p0_range=[0.0, 30.0], p1_range=[0.0, 90.0], unit=q_nm^-1
2023-11-26 16:55:16,192 - INFO - Azimuthal integration performed.
2023-11-26 16:55:16,194 - INFO - False
2023-11-26 16:55:16,194 - INFO - Data extracted from cache. Data: <class 'numpy.ndarray'>
2023-11-26 16:55:16,203 - INFO - (0.16200432181358337, 1.0492483973503113)
2023-11-26 16:55:16,208 - INFO - Displayed data.
2023-11-26 16:55:16,300 - INFO - We entered into function: get_Edf_data
2023-11-26 16:55:16,300 - INFO - We entered into function: get_Edf_instance
2023-11-26 16:55:16,300 - INFO - We entered into function: get_filename_from_index
2023-11-26 16:55:16,300 - INFO - We entered into function: get_entry_name
2023-11-26 16:55:16,302 - INFO - Trying to open sample name /home/edgar/work/pyxscat/pyxscat/test/test_edf/test_NCD/A1/rayonix_A1_spitch_0.12_000_0000.edf
2023-11-26 16:55:16,308 - INFO - New data sample with shape: (2880, 960)
2023-11-26 16:55:16,309 - INFO - We entered into function: get_norm_factor
2023-11-26 16:55:16,309 - INFO - We entered into function: get_dataset_norm_factor
2023-11-26 16:55:16,309 - INFO - We entered into function: get_norm_key
2023-11-26 16:55:16,309 - INFO - We entered into function: get_metadata_dataset
2023-11-26 16:55:16,309 - INFO - We entered into function: get_entry_name
2023-11-26 16:55:16,310 - INFO - Norm factor: 2019.0568816752
2023-11-26 16:55:16,313 - INFO - Retrieved data. Sample_name:A1, index (0,).
2023-11-26 16:55:16,321 - INFO - Filtered negative, nan and zero values.
2023-11-26 16:55:16,322 - INFO - Dictionaries of integration: ['azim_complete']
2023-11-26 16:55:16,322 - INFO - Dictionaries of integration: [{'name': 'azim_complete', 'suffix': 'azim_complete', 'type': 'azimuthal', 'unit': 'q_nm^-1', 'radial_range': [0.0, 30.0], 'azimuth_range': [0.0, 90.0], 'azim_bins': 0, 'integration': 'cake'}]
2023-11-26 16:55:16,322 - INFO - We entered into function: generate_integration
2023-11-26 16:55:16,322 - INFO - We entered into function: generate_integration
2023-11-26 16:55:16,322 - INFO - We entered into function: raw_integration
2023-11-26 16:55:16,322 - INFO - We entered into function: integration_azimuthal
2023-11-26 16:55:16,322 - INFO - We entered into function: calculate_bins
2023-11-26 16:55:16,322 - INFO - We entered into function: q_to_twotheta
2023-11-26 16:55:16,322 - INFO - We entered into function: q_to_twotheta
2023-11-26 16:55:16,322 - INFO - Trying azimuthal integration with: data-shape=(2880, 960) bins=1298, p0_range=[0.0, 30.0], p1_range=[0.0, 90.0], unit=q_nm^-1
2023-11-26 16:55:16,390 - INFO - Azimuthal integration performed.
2023-11-26 16:55:16,392 - INFO - False
2023-11-26 16:55:16,392 - INFO - Data extracted from cache. Data: <class 'numpy.ndarray'>
2023-11-26 16:55:16,401 - INFO - (0.16200432181358337, 1.0492483973503113)
2023-11-26 16:55:16,405 - INFO - Displayed data.
2023-11-26 16:55:16,524 - INFO - We entered into function: get_Edf_data
2023-11-26 16:55:16,524 - INFO - We entered into function: get_Edf_instance
2023-11-26 16:55:16,524 - INFO - We entered into function: get_filename_from_index
2023-11-26 16:55:16,524 - INFO - We entered into function: get_entry_name
2023-11-26 16:55:16,526 - INFO - Trying to open sample name /home/edgar/work/pyxscat/pyxscat/test/test_edf/test_NCD/A1/rayonix_A1_spitch_0.12_000_0000.edf
2023-11-26 16:55:16,532 - INFO - New data sample with shape: (2880, 960)
2023-11-26 16:55:16,532 - INFO - We entered into function: get_norm_factor
2023-11-26 16:55:16,532 - INFO - We entered into function: get_dataset_norm_factor
2023-11-26 16:55:16,532 - INFO - We entered into function: get_norm_key
2023-11-26 16:55:16,533 - INFO - We entered into function: get_metadata_dataset
2023-11-26 16:55:16,533 - INFO - We entered into function: get_entry_name
2023-11-26 16:55:16,534 - INFO - Norm factor: 2019.0568816752
2023-11-26 16:55:16,538 - INFO - Retrieved data. Sample_name:A1, index (0,).
2023-11-26 16:55:16,547 - INFO - Filtered negative, nan and zero values.
2023-11-26 16:55:16,547 - INFO - Dictionaries of integration: ['azim_complete']
2023-11-26 16:55:16,547 - INFO - Dictionaries of integration: [{'name': 'azim_complete', 'suffix': 'azim_complete', 'type': 'azimuthal', 'unit': 'q_nm^-1', 'radial_range': [0.0, 30.0], 'azimuth_range': [0.0, 90.0], 'azim_bins': 0, 'integration': 'cake'}]
2023-11-26 16:55:16,547 - INFO - We entered into function: generate_integration
2023-11-26 16:55:16,548 - INFO - We entered into function: generate_integration
2023-11-26 16:55:16,548 - INFO - We entered into function: raw_integration
2023-11-26 16:55:16,548 - INFO - We entered into function: integration_azimuthal
2023-11-26 16:55:16,548 - INFO - We entered into function: calculate_bins
2023-11-26 16:55:16,548 - INFO - We entered into function: q_to_twotheta
2023-11-26 16:55:16,548 - INFO - We entered into function: q_to_twotheta
2023-11-26 16:55:16,548 - INFO - Trying azimuthal integration with: data-shape=(2880, 960) bins=1298, p0_range=[0.0, 30.0], p1_range=[0.0, 90.0], unit=q_nm^-1
2023-11-26 16:55:16,614 - INFO - Azimuthal integration performed.
2023-11-26 16:55:16,616 - INFO - False
2023-11-26 16:55:16,616 - INFO - Data extracted from cache. Data: <class 'numpy.ndarray'>
2023-11-26 16:55:16,624 - INFO - (0.16200432181358337, 1.0492483973503113)
2023-11-26 16:55:16,629 - INFO - Displayed data.
2023-11-26 16:55:16,812 - INFO - We entered into function: get_Edf_data
2023-11-26 16:55:16,812 - INFO - We entered into function: get_Edf_instance
2023-11-26 16:55:16,812 - INFO - We entered into function: get_filename_from_index
2023-11-26 16:55:16,812 - INFO - We entered into function: get_entry_name
2023-11-26 16:55:16,814 - INFO - Trying to open sample name /home/edgar/work/pyxscat/pyxscat/test/test_edf/test_NCD/A1/rayonix_A1_spitch_0.12_000_0000.edf
2023-11-26 16:55:16,820 - INFO - New data sample with shape: (2880, 960)
2023-11-26 16:55:16,820 - INFO - We entered into function: get_norm_factor
2023-11-26 16:55:16,820 - INFO - We entered into function: get_dataset_norm_factor
2023-11-26 16:55:16,820 - INFO - We entered into function: get_norm_key
2023-11-26 16:55:16,820 - INFO - We entered into function: get_metadata_dataset
2023-11-26 16:55:16,820 - INFO - We entered into function: get_entry_name
2023-11-26 16:55:16,822 - INFO - Norm factor: 2019.0568816752
2023-11-26 16:55:16,824 - INFO - Retrieved data. Sample_name:A1, index (0,).
2023-11-26 16:55:16,835 - INFO - Filtered negative, nan and zero values.
2023-11-26 16:55:16,836 - INFO - Dictionaries of integration: ['azim_complete']
2023-11-26 16:55:16,836 - INFO - Dictionaries of integration: [{'name': 'azim_complete', 'suffix': 'azim_complete', 'type': 'azimuthal', 'unit': 'q_nm^-1', 'radial_range': [0.0, 30.0], 'azimuth_range': [0.0, 90.0], 'azim_bins': 0, 'integration': 'cake'}]
2023-11-26 16:55:16,836 - INFO - We entered into function: generate_integration
2023-11-26 16:55:16,836 - INFO - We entered into function: generate_integration
2023-11-26 16:55:16,836 - INFO - We entered into function: raw_integration
2023-11-26 16:55:16,837 - INFO - We entered into function: integration_azimuthal
2023-11-26 16:55:16,837 - INFO - We entered into function: calculate_bins
2023-11-26 16:55:16,837 - INFO - We entered into function: q_to_twotheta
2023-11-26 16:55:16,837 - INFO - We entered into function: q_to_twotheta
2023-11-26 16:55:16,837 - INFO - Trying azimuthal integration with: data-shape=(2880, 960) bins=1298, p0_range=[0.0, 30.0], p1_range=[0.0, 90.0], unit=q_nm^-1
2023-11-26 16:55:16,903 - INFO - Azimuthal integration performed.
2023-11-26 16:55:16,905 - INFO - False
2023-11-26 16:55:16,905 - INFO - Data extracted from cache. Data: <class 'numpy.ndarray'>
2023-11-26 16:55:16,913 - INFO - (0.16200432181358337, 1.0492483973503113)
2023-11-26 16:55:16,918 - INFO - Displayed data.
2023-11-26 16:55:17,020 - INFO - We entered into function: get_Edf_data
2023-11-26 16:55:17,020 - INFO - We entered into function: get_Edf_instance
2023-11-26 16:55:17,020 - INFO - We entered into function: get_filename_from_index
2023-11-26 16:55:17,020 - INFO - We entered into function: get_entry_name
2023-11-26 16:55:17,021 - INFO - Trying to open sample name /home/edgar/work/pyxscat/pyxscat/test/test_edf/test_NCD/A1/rayonix_A1_spitch_0.12_000_0000.edf
2023-11-26 16:55:17,026 - INFO - New data sample with shape: (2880, 960)
2023-11-26 16:55:17,026 - INFO - We entered into function: get_norm_factor
2023-11-26 16:55:17,026 - INFO - We entered into function: get_dataset_norm_factor
2023-11-26 16:55:17,026 - INFO - We entered into function: get_norm_key
2023-11-26 16:55:17,026 - INFO - We entered into function: get_metadata_dataset
2023-11-26 16:55:17,026 - INFO - We entered into function: get_entry_name
2023-11-26 16:55:17,028 - INFO - Norm factor: 2019.0568816752
2023-11-26 16:55:17,030 - INFO - Retrieved data. Sample_name:A1, index (0,).
2023-11-26 16:55:17,038 - INFO - Filtered negative, nan and zero values.
2023-11-26 16:55:17,039 - INFO - Dictionaries of integration: ['azim_complete']
2023-11-26 16:55:17,039 - INFO - Dictionaries of integration: [{'name': 'azim_complete', 'suffix': 'azim_complete', 'type': 'azimuthal', 'unit': 'q_nm^-1', 'radial_range': [0.0, 30.0], 'azimuth_range': [0.0, 90.0], 'azim_bins': 0, 'integration': 'cake'}]
2023-11-26 16:55:17,039 - INFO - We entered into function: generate_integration
2023-11-26 16:55:17,039 - INFO - We entered into function: generate_integration
2023-11-26 16:55:17,039 - INFO - We entered into function: raw_integration
2023-11-26 16:55:17,039 - INFO - We entered into function: integration_azimuthal
2023-11-26 16:55:17,039 - INFO - We entered into function: calculate_bins
2023-11-26 16:55:17,040 - INFO - We entered into function: q_to_twotheta
2023-11-26 16:55:17,040 - INFO - We entered into function: q_to_twotheta
2023-11-26 16:55:17,040 - INFO - Trying azimuthal integration with: data-shape=(2880, 960) bins=1298, p0_range=[0.0, 30.0], p1_range=[0.0, 90.0], unit=q_nm^-1
2023-11-26 16:55:17,108 - INFO - Azimuthal integration performed.
2023-11-26 16:55:17,109 - INFO - False
2023-11-26 16:55:17,110 - INFO - Data extracted from cache. Data: <class 'numpy.ndarray'>
2023-11-26 16:55:17,119 - INFO - (0.16200432181358337, 1.0492483973503113)
2023-11-26 16:55:17,123 - INFO - Displayed data.
2023-11-26 16:55:22,468 - INFO - We entered into function: get_Edf_data
2023-11-26 16:55:22,468 - INFO - We entered into function: get_Edf_instance
2023-11-26 16:55:22,468 - INFO - We entered into function: get_filename_from_index
2023-11-26 16:55:22,468 - INFO - We entered into function: get_entry_name
2023-11-26 16:55:22,470 - INFO - Trying to open sample name /home/edgar/work/pyxscat/pyxscat/test/test_edf/test_NCD/A1/rayonix_A1_spitch_0.12_000_0000.edf
2023-11-26 16:55:22,476 - INFO - New data sample with shape: (2880, 960)
2023-11-26 16:55:22,476 - INFO - We entered into function: get_norm_factor
2023-11-26 16:55:22,476 - INFO - We entered into function: get_dataset_norm_factor
2023-11-26 16:55:22,476 - INFO - We entered into function: get_norm_key
2023-11-26 16:55:22,476 - INFO - We entered into function: get_metadata_dataset
2023-11-26 16:55:22,476 - INFO - We entered into function: get_entry_name
2023-11-26 16:55:22,478 - INFO - Norm factor: 2019.0568816752
2023-11-26 16:55:22,480 - INFO - Retrieved data. Sample_name:A1, index (0,).
2023-11-26 16:55:22,488 - INFO - Filtered negative, nan and zero values.
2023-11-26 16:55:22,488 - INFO - Dictionaries of integration: ['azim_complete']
2023-11-26 16:55:22,489 - INFO - Dictionaries of integration: [{'name': 'azim_complete', 'suffix': 'azim_complete', 'type': 'azimuthal', 'unit': 'q_nm^-1', 'radial_range': [0.0, 30.0], 'azimuth_range': [0.0, 90.0], 'azim_bins': 0, 'integration': 'cake'}]
2023-11-26 16:55:22,489 - INFO - We entered into function: generate_integration
2023-11-26 16:55:22,489 - INFO - We entered into function: generate_integration
2023-11-26 16:55:22,489 - INFO - We entered into function: raw_integration
2023-11-26 16:55:22,489 - INFO - We entered into function: integration_azimuthal
2023-11-26 16:55:22,489 - INFO - We entered into function: calculate_bins
2023-11-26 16:55:22,489 - INFO - We entered into function: q_to_twotheta
2023-11-26 16:55:22,489 - INFO - We entered into function: q_to_twotheta
2023-11-26 16:55:22,489 - INFO - Trying azimuthal integration with: data-shape=(2880, 960) bins=1298, p0_range=[0.0, 30.0], p1_range=[0.0, 90.0], unit=q_nm^-1
2023-11-26 16:55:22,563 - INFO - Azimuthal integration performed.
2023-11-26 16:55:22,564 - INFO - False
2023-11-26 16:55:22,565 - INFO - Data extracted from cache. Data: <class 'numpy.ndarray'>
2023-11-26 16:55:22,573 - INFO - (0.16200432181358337, 1.0492483973503113)
2023-11-26 16:55:22,578 - INFO - Displayed data.
2023-11-26 16:55:27,644 - INFO - We entered into function: get_Edf_data
2023-11-26 16:55:27,644 - INFO - We entered into function: get_Edf_instance
2023-11-26 16:55:27,644 - INFO - We entered into function: get_filename_from_index
2023-11-26 16:55:27,644 - INFO - We entered into function: get_entry_name
2023-11-26 16:55:27,654 - INFO - Trying to open sample name /home/edgar/work/pyxscat/pyxscat/test/test_edf/test_NCD/A1/rayonix_A1_spitch_0.15_000_0000.edf
2023-11-26 16:55:27,660 - INFO - New data sample with shape: (2880, 960)
2023-11-26 16:55:27,660 - INFO - We entered into function: get_norm_factor
2023-11-26 16:55:27,661 - INFO - We entered into function: get_dataset_norm_factor
2023-11-26 16:55:27,661 - INFO - We entered into function: get_norm_key
2023-11-26 16:55:27,661 - INFO - We entered into function: get_metadata_dataset
2023-11-26 16:55:27,661 - INFO - We entered into function: get_entry_name
2023-11-26 16:55:27,663 - INFO - Norm factor: 2018.734167944
2023-11-26 16:55:27,665 - INFO - Retrieved data. Sample_name:A1, index (1,).
2023-11-26 16:55:27,665 - INFO - Reference folder: A1
2023-11-26 16:55:27,666 - INFO - We entered into function: get_acquisition_key
2023-11-26 16:55:27,666 - INFO - We entered into function: get_acquisition_time
2023-11-26 16:55:27,666 - INFO - We entered into function: get_dataset_acquisition_time
2023-11-26 16:55:27,666 - INFO - We entered into function: get_acquisition_key
2023-11-26 16:55:27,666 - INFO - We entered into function: get_metadata_dataset
2023-11-26 16:55:27,666 - INFO - We entered into function: get_entry_name
2023-11-26 16:55:27,668 - INFO - Got acquistion time: 10.0
2023-11-26 16:55:27,668 - INFO - Acquisition time of the sample is 10.0.
2023-11-26 16:55:27,668 - INFO - We entered into function: get_dataset_acquisition_time
2023-11-26 16:55:27,668 - INFO - We entered into function: get_acquisition_key
2023-11-26 16:55:27,668 - INFO - We entered into function: get_metadata_dataset
2023-11-26 16:55:27,668 - INFO - We entered into function: get_entry_name
2023-11-26 16:55:27,670 - INFO - Acquisition dataset of the reference folder is [10. 10. 10. 10.].
2023-11-26 16:55:27,670 - INFO - We entered into function: get_filename_from_index
2023-11-26 16:55:27,670 - INFO - We entered into function: get_entry_name
2023-11-26 16:55:27,671 - INFO - Auto reference file: /home/edgar/work/pyxscat/pyxscat/test/test_edf/test_NCD/A1/rayonix_A1_spitch_0.12_000_0000.edf
2023-11-26 16:55:27,671 - INFO - Reference file: /home/edgar/work/pyxscat/pyxscat/test/test_edf/test_NCD/A1/rayonix_A1_spitch_0.12_000_0000.edf.
2023-11-26 16:55:27,671 - INFO - We entered into function: get_Edf_data
2023-11-26 16:55:27,671 - INFO - We entered into function: get_Edf_instance
2023-11-26 16:55:27,677 - INFO - New data sample with shape: (2880, 960)
2023-11-26 16:55:27,677 - INFO - We entered into function: get_norm_factor
2023-11-26 16:55:27,677 - INFO - We entered into function: get_dataset_norm_factor
2023-11-26 16:55:27,677 - INFO - We entered into function: get_norm_key
2023-11-26 16:55:27,677 - INFO - We entered into function: get_metadata_dataset
2023-11-26 16:55:27,677 - INFO - We entered into function: get_entry_name
2023-11-26 16:55:27,678 - INFO - Norm factor: 2019.0568816752
2023-11-26 16:55:27,681 - INFO - New reference factor: 0.17
2023-11-26 16:55:27,690 - INFO - Filtered negative, nan and zero values.
2023-11-26 16:55:27,691 - INFO - We entered into function: update_angles
2023-11-26 16:55:27,691 - INFO - We entered into function: get_incident_angle
2023-11-26 16:55:27,691 - INFO - We entered into function: get_dataset_incident_angle
2023-11-26 16:55:27,691 - INFO - We entered into function: get_iangle_key
2023-11-26 16:55:27,691 - INFO - We entered into function: get_metadata_dataset
2023-11-26 16:55:27,691 - INFO - We entered into function: get_entry_name
2023-11-26 16:55:27,692 - INFO - Got incident angle: 0.15
2023-11-26 16:55:27,692 - INFO - We entered into function: get_tilt_angle
2023-11-26 16:55:27,692 - INFO - We entered into function: get_dataset_tilt_angle
2023-11-26 16:55:27,692 - INFO - We entered into function: get_tiltangle_key
2023-11-26 16:55:27,692 - INFO - We entered into function: get_metadata_dataset
2023-11-26 16:55:27,692 - INFO - We entered into function: get_entry_name
2023-11-26 16:55:27,693 - INFO - Got tilt angle: 0.0
2023-11-26 16:55:27,693 - INFO - We entered into function: update_incident_angle
2023-11-26 16:55:27,694 - INFO - Incident angle set up as 0.15.
2023-11-26 16:55:27,694 - INFO - We entered into function: update_tilt_angle
2023-11-26 16:55:27,694 - INFO - Tilt angle set up as 0.0.
2023-11-26 16:55:27,694 - INFO - We entered into function: get_filename_from_index
2023-11-26 16:55:27,694 - INFO - We entered into function: get_entry_name
2023-11-26 16:55:27,695 - INFO - New label: /home/edgar/work/pyxscat/pyxscat/test/test_edf/test_NCD/A1/rayonix_A1_spitch_0.15_000_0000.edf
2023-11-26 16:55:27,695 - INFO - Dictionaries of integration: ['azim_complete']
2023-11-26 16:55:27,695 - INFO - Dictionaries of integration: [{'name': 'azim_complete', 'suffix': 'azim_complete', 'type': 'azimuthal', 'unit': 'q_nm^-1', 'radial_range': [0.0, 30.0], 'azimuth_range': [0.0, 90.0], 'azim_bins': 0, 'integration': 'cake'}]
2023-11-26 16:55:27,696 - INFO - We entered into function: generate_integration
2023-11-26 16:55:27,696 - INFO - We entered into function: generate_integration
2023-11-26 16:55:27,696 - INFO - We entered into function: raw_integration
2023-11-26 16:55:27,696 - INFO - We entered into function: integration_azimuthal
2023-11-26 16:55:27,696 - INFO - We entered into function: calculate_bins
2023-11-26 16:55:27,696 - INFO - We entered into function: q_to_twotheta
2023-11-26 16:55:27,696 - INFO - We entered into function: q_to_twotheta
2023-11-26 16:55:27,696 - INFO - Trying azimuthal integration with: data-shape=(2880, 960) bins=1298, p0_range=[0.0, 30.0], p1_range=[0.0, 90.0], unit=q_nm^-1
2023-11-26 16:55:28,336 - INFO - Azimuthal integration performed.
2023-11-26 16:55:28,337 - INFO - False
2023-11-26 16:55:28,338 - INFO - Data extracted from cache. Data: <class 'numpy.ndarray'>
2023-11-26 16:55:28,347 - INFO - (0.031204916536808014, 0.34731265902519226)
2023-11-26 16:55:28,351 - INFO - Displayed data.
2023-11-26 16:55:30,431 - INFO - We entered into function: get_metadata_dataframe
2023-11-26 16:55:30,431 - INFO - We entered into function: get_all_filenames_from_sample
2023-11-26 16:55:30,431 - INFO - We entered into function: generator_filenames_in_sample
2023-11-26 16:55:30,431 - INFO - We entered into function: get_metadata_dataset
2023-11-26 16:55:30,431 - INFO - We entered into function: get_entry_name
2023-11-26 16:55:30,434 - INFO - The dataframe has size 4.
2023-11-26 16:55:30,434 - INFO - Table was reseted.
2023-11-26 16:55:30,434 - INFO - Inserted columns: 1.
2023-11-26 16:55:30,435 - INFO - Inserted rows: 4.
2023-11-26 16:55:30,435 - INFO - Updated cell [0,0].
2023-11-26 16:55:30,435 - INFO - Updated cell [1,0].
2023-11-26 16:55:30,436 - INFO - Updated cell [2,0].
2023-11-26 16:55:30,436 - INFO - Updated cell [3,0].
