2023-11-26 17:09:15,528 - INFO - The data parameters were reinitialized.
2023-11-26 17:09:15,530 - INFO - Title for the generated map: 
2023-11-26 17:09:15,591 - INFO - Title for the generated map: 
2023-11-26 17:09:15,600 - INFO - [Errno 2] No such file or directory: '/home/edgar/work/pyxscat/pyxscat/h5_files_dicts/ ': The .json does not contain a valid filename: /home/edgar/work/pyxscat/pyxscat/h5_files_dicts/ 
2023-11-26 17:09:17,539 - INFO - H5GIIntegrator instance was created.
2023-11-26 17:09:17,540 - INFO - We entered into function: h5_get_attr
2023-11-26 17:09:17,541 - INFO - We entered into function: init_transform
2023-11-26 17:09:17,541 - INFO - We entered into function: update_incident_angle
2023-11-26 17:09:17,541 - INFO - Incident angle set up as 0.0.
2023-11-26 17:09:17,541 - INFO - We entered into function: update_tilt_angle
2023-11-26 17:09:17,541 - INFO - Tilt angle set up as 0.0.
2023-11-26 17:09:17,541 - INFO - We entered into function: init_ai
2023-11-26 17:09:17,542 - INFO - We entered into function: init_metadata_attrs
2023-11-26 17:09:17,542 - INFO - H5 instance was initialized.
2023-11-26 17:09:17,542 - INFO - We entered into function: h5_get_dict_attrs
2023-11-26 17:09:17,543 - INFO - We entered into function: get_all_ponifiles
2023-11-26 17:09:17,543 - INFO - We entered into function: generate_ponifiles
2023-11-26 17:09:17,543 - INFO - We entered into function: check_ponifile_entry
2023-11-26 17:09:17,544 - INFO - We entered into function: check_entry
2023-11-26 17:09:17,545 - INFO - We entered into function: update_poni
2023-11-26 17:09:17,545 - INFO - We entered into function: get_ponifile
2023-11-26 17:09:17,545 - INFO - We entered into function: update_poni
2023-11-26 17:09:17,545 - INFO - We entered into function: open_poni
2023-11-26 17:09:17,546 - INFO - We entered into function: _update_gi
2023-11-26 17:09:17,546 - INFO - GrazingGeometry instance was updated.
2023-11-26 17:09:17,546 - INFO - We entered into function: _update_ai
2023-11-26 17:09:17,591 - INFO - GrazingGeometry instance was updated.
2023-11-26 17:09:17,591 - INFO - We entered into function: _set_poni
2023-11-26 17:09:17,591 - INFO - We entered into function: get_poni
2023-11-26 17:09:17,592 - INFO - Current poni parameters: {
    "poni_version": 2,
    "detector": "Detector",
    "detector_config": {
        "pixel1": 8.854e-05,
        "pixel2": 8.854e-05,
        "max_shape": [
            2880,
            960
        ]
    },
    "dist": 0.21956146503177287,
    "poni1": 0.2134776312917016,
    "poni2": 0.0066574815765295895,
    "rot1": -0.006724546816823459,
    "rot2": -0.0024356625603106676,
    "rot3": 4.738730503032621e-06,
    "wavelength": 9.998725680096795e-11
}
2023-11-26 17:09:17,592 - INFO - We entered into function: get_poni
2023-11-26 17:09:17,592 - INFO - We entered into function: get_all_entries
2023-11-26 17:09:17,592 - INFO - We entered into function: generator_samples
2023-11-26 17:09:17,593 - INFO - We entered into function: get_all_entries
2023-11-26 17:09:17,593 - INFO - We entered into function: generator_samples
2023-11-26 17:09:17,593 - INFO - We entered into function: update_orientation
2023-11-26 17:09:17,593 - INFO - We entered into function: update_orientation
2023-11-26 17:09:17,593 - INFO - The sample orientation (pygix) is set at 1.
2023-11-26 17:09:18,202 - INFO - We entered into function: get_all_metadata_keys_from_sample
2023-11-26 17:09:18,203 - INFO - We entered into function: generator_metadata_keys_from_sample
2023-11-26 17:09:18,203 - INFO - We entered into function: get_entry_name
2023-11-26 17:09:18,205 - INFO - We entered into function: get_metadata_dataframe
2023-11-26 17:09:18,205 - INFO - We entered into function: get_all_filenames_from_sample
2023-11-26 17:09:18,205 - INFO - We entered into function: generator_filenames_in_sample
2023-11-26 17:09:18,205 - INFO - We entered into function: get_metadata_dataset
2023-11-26 17:09:18,205 - INFO - We entered into function: get_entry_name
2023-11-26 17:09:18,208 - INFO - The dataframe has size 3.
2023-11-26 17:09:18,208 - INFO - Table was reseted.
2023-11-26 17:09:18,208 - INFO - Inserted columns: 1.
2023-11-26 17:09:18,209 - INFO - Inserted rows: 3.
2023-11-26 17:09:18,209 - INFO - Updated cell [0,0].
2023-11-26 17:09:18,209 - INFO - Updated cell [1,0].
2023-11-26 17:09:18,210 - INFO - Updated cell [2,0].
2023-11-26 17:09:18,211 - INFO - Title for the generated map: 
2023-11-26 17:09:18,222 - INFO - We entered into function: get_metadata_dataframe
2023-11-26 17:09:18,222 - INFO - We entered into function: get_all_filenames_from_sample
2023-11-26 17:09:18,222 - INFO - We entered into function: generator_filenames_in_sample
2023-11-26 17:09:18,222 - INFO - We entered into function: get_metadata_dataset
2023-11-26 17:09:18,222 - INFO - We entered into function: get_entry_name
2023-11-26 17:09:18,223 - INFO - The dataframe has size 3.
2023-11-26 17:09:18,223 - INFO - Table was reseted.
2023-11-26 17:09:18,224 - INFO - Inserted columns: 1.
2023-11-26 17:09:18,224 - INFO - Inserted rows: 3.
2023-11-26 17:09:18,224 - INFO - Updated cell [0,0].
2023-11-26 17:09:18,224 - INFO - Updated cell [1,0].
2023-11-26 17:09:18,224 - INFO - Updated cell [2,0].
2023-11-26 17:09:19,091 - INFO - We entered into function: get_Edf_data
2023-11-26 17:09:19,091 - INFO - We entered into function: get_Edf_instance
2023-11-26 17:09:19,091 - INFO - We entered into function: get_filename_from_index
2023-11-26 17:09:19,091 - INFO - We entered into function: get_entry_name
2023-11-26 17:09:19,093 - INFO - Trying to open sample name /home/edgar/work/pyxscat/pyxscat/test/test_edf/test_NCD/Reference/rayonix_10s_spitch_0.12_000_0000.edf
2023-11-26 17:09:19,103 - INFO - New data sample with shape: (2880, 960)
2023-11-26 17:09:19,103 - INFO - We entered into function: get_norm_factor
2023-11-26 17:09:19,103 - INFO - We entered into function: get_dataset_norm_factor
2023-11-26 17:09:19,103 - INFO - We entered into function: get_norm_key
2023-11-26 17:09:19,103 - INFO - We entered into function: get_metadata_dataset
2023-11-26 17:09:19,103 - INFO - We entered into function: get_entry_name
2023-11-26 17:09:19,105 - ERROR - 'Unable to synchronously open object (name parameter cannot be an empty string)': dataset  could not be accessed.
2023-11-26 17:09:19,105 - ERROR - Failed while getting norm factor. Norm. factor set to 1.0.
2023-11-26 17:09:19,105 - INFO - Norm factor: 1.0
2023-11-26 17:09:19,107 - INFO - Retrieved data. Sample_name:Reference, index (0,).
2023-11-26 17:09:19,122 - INFO - Filtered negative, nan and zero values.
2023-11-26 17:09:19,122 - INFO - We entered into function: update_angles
2023-11-26 17:09:19,122 - INFO - We entered into function: get_incident_angle
2023-11-26 17:09:19,122 - INFO - We entered into function: get_dataset_incident_angle
2023-11-26 17:09:19,122 - INFO - We entered into function: get_iangle_key
2023-11-26 17:09:19,122 - INFO - We entered into function: get_metadata_dataset
2023-11-26 17:09:19,122 - INFO - We entered into function: get_entry_name
2023-11-26 17:09:19,123 - ERROR - 'Unable to synchronously open object (name parameter cannot be an empty string)': dataset  could not be accessed.
2023-11-26 17:09:19,123 - INFO - Failed while getting incident angle.
2023-11-26 17:09:19,123 - INFO - Got incident angle: 0.0
2023-11-26 17:09:19,123 - INFO - We entered into function: get_tilt_angle
2023-11-26 17:09:19,123 - INFO - We entered into function: get_dataset_tilt_angle
2023-11-26 17:09:19,123 - INFO - We entered into function: get_tiltangle_key
2023-11-26 17:09:19,123 - INFO - We entered into function: get_metadata_dataset
2023-11-26 17:09:19,123 - INFO - We entered into function: get_entry_name
2023-11-26 17:09:19,124 - ERROR - 'Unable to synchronously open object (name parameter cannot be an empty string)': dataset  could not be accessed.
2023-11-26 17:09:19,124 - INFO - Failed while getting tilt angle.
2023-11-26 17:09:19,124 - INFO - Got tilt angle: 0.0
2023-11-26 17:09:19,124 - INFO - We entered into function: update_incident_angle
2023-11-26 17:09:19,124 - INFO - Incident angle set up as 0.0.
2023-11-26 17:09:19,124 - INFO - We entered into function: update_tilt_angle
2023-11-26 17:09:19,124 - INFO - Tilt angle set up as 0.0.
2023-11-26 17:09:19,124 - INFO - We entered into function: get_filename_from_index
2023-11-26 17:09:19,124 - INFO - We entered into function: get_entry_name
2023-11-26 17:09:19,125 - INFO - New label: /home/edgar/work/pyxscat/pyxscat/test/test_edf/test_NCD/Reference/rayonix_10s_spitch_0.12_000_0000.edf
2023-11-26 17:09:19,126 - INFO - Dictionaries of integration: []
2023-11-26 17:09:19,126 - INFO - Dictionaries of integration: []
2023-11-26 17:09:19,126 - INFO - We entered into function: generate_integration
2023-11-26 17:09:19,126 - INFO - We entered into function: generate_integration
2023-11-26 17:09:19,126 - INFO - True
2023-11-26 17:09:19,127 - INFO - Data extracted from cache. Data: <class 'numpy.ndarray'>
2023-11-26 17:09:19,136 - INFO - (299.0037841796875, 1764.0038146972656)
2023-11-26 17:09:19,140 - INFO - Displayed data.
2023-11-26 17:09:20,435 - INFO - Dictionaries of integration: ['azim_complete']
2023-11-26 17:09:20,436 - INFO - Dictionaries of integration: [{'name': 'azim_complete', 'suffix': 'azim_complete', 'type': 'azimuthal', 'unit': 'q_nm^-1', 'radial_range': [0.0, 30.0], 'azimuth_range': [0.0, 90.0], 'azim_bins': 0, 'integration': 'cake'}]
2023-11-26 17:09:20,436 - INFO - We entered into function: generate_integration
2023-11-26 17:09:20,436 - INFO - We entered into function: generate_integration
2023-11-26 17:09:20,436 - INFO - We entered into function: raw_integration
2023-11-26 17:09:20,436 - INFO - We entered into function: integration_azimuthal
2023-11-26 17:09:20,436 - INFO - We entered into function: calculate_bins
2023-11-26 17:09:20,436 - INFO - We entered into function: q_to_twotheta
2023-11-26 17:09:20,437 - INFO - We entered into function: q_to_twotheta
2023-11-26 17:09:20,437 - INFO - Trying azimuthal integration with: data-shape=(2880, 960) bins=1298, p0_range=[0.0, 30.0], p1_range=[0.0, 90.0], unit=q_nm^-1
2023-11-26 17:09:20,989 - INFO - Azimuthal integration performed.
2023-11-26 17:09:20,991 - INFO - False
2023-11-26 17:09:20,991 - INFO - Data extracted from cache. Data: <class 'numpy.ndarray'>
2023-11-26 17:09:21,000 - INFO - (299.0037841796875, 1764.0038146972656)
2023-11-26 17:09:21,004 - INFO - Displayed data.
2023-11-26 17:09:23,354 - INFO - We entered into function: update_orientation
2023-11-26 17:09:23,355 - INFO - We entered into function: update_orientation
2023-11-26 17:09:23,356 - INFO - The sample orientation (pygix) is set at 3.
2023-11-26 17:09:23,356 - INFO - New sample orientation: 3
2023-11-26 17:09:23,357 - INFO - Dictionaries of integration: ['azim_complete']
2023-11-26 17:09:23,357 - INFO - Dictionaries of integration: [{'name': 'azim_complete', 'suffix': 'azim_complete', 'type': 'azimuthal', 'unit': 'q_nm^-1', 'radial_range': [0.0, 30.0], 'azimuth_range': [0.0, 90.0], 'azim_bins': 0, 'integration': 'cake'}]
2023-11-26 17:09:23,357 - INFO - We entered into function: generate_integration
2023-11-26 17:09:23,358 - INFO - We entered into function: generate_integration
2023-11-26 17:09:23,358 - INFO - We entered into function: raw_integration
2023-11-26 17:09:23,358 - INFO - We entered into function: integration_azimuthal
2023-11-26 17:09:23,358 - INFO - We entered into function: calculate_bins
2023-11-26 17:09:23,358 - INFO - We entered into function: q_to_twotheta
2023-11-26 17:09:23,358 - INFO - We entered into function: q_to_twotheta
2023-11-26 17:09:23,358 - INFO - Trying azimuthal integration with: data-shape=(2880, 960) bins=1298, p0_range=[0.0, 30.0], p1_range=[0.0, 90.0], unit=q_nm^-1
2023-11-26 17:09:23,963 - INFO - Azimuthal integration performed.
2023-11-26 17:09:23,965 - INFO - False
2023-11-26 17:09:23,965 - INFO - Data extracted from cache. Data: <class 'numpy.ndarray'>
2023-11-26 17:09:23,973 - INFO - (299.0037841796875, 1764.0038146972656)
2023-11-26 17:09:23,978 - INFO - Displayed data.
2023-11-26 17:09:32,044 - INFO - Merged dictionary
2023-11-26 17:09:32,044 - INFO - String header
2023-11-26 17:09:32,045 - INFO - Output filename for the image: /home/edgar/work/pyxscat/pyxscat/test/test_edf/test_NCD/rayonix_10s_spitch_0.12_000_0000.csv_azim_complete.csv
2023-11-26 17:09:32,061 - INFO - Dataframe to be exported as .csv
2023-11-26 17:10:53,748 - INFO - We entered into function: get_metadata_dataframe
2023-11-26 17:10:53,749 - INFO - We entered into function: get_all_filenames_from_sample
2023-11-26 17:10:53,749 - INFO - We entered into function: generator_filenames_in_sample
2023-11-26 17:10:53,749 - INFO - We entered into function: get_metadata_dataset
2023-11-26 17:10:53,749 - INFO - We entered into function: get_entry_name
2023-11-26 17:10:53,751 - INFO - The dataframe has size 3.
2023-11-26 17:10:53,752 - INFO - Table was reseted.
2023-11-26 17:10:53,752 - INFO - Inserted columns: 1.
2023-11-26 17:10:53,752 - INFO - Inserted rows: 3.
2023-11-26 17:10:53,753 - INFO - Updated cell [0,0].
2023-11-26 17:10:53,753 - INFO - Updated cell [1,0].
2023-11-26 17:10:53,753 - INFO - Updated cell [2,0].
