2023-11-26 16:12:57,680 - INFO - The data parameters were reinitialized.
2023-11-26 16:12:57,681 - INFO - Title for the generated map: 
2023-11-26 16:12:57,742 - INFO - Title for the generated map: 
2023-11-26 16:12:57,752 - INFO - [Errno 2] No such file or directory: '/home/edgar/work/pyxscat/pyxscat/h5_files_dicts/ ': The .json does not contain a valid filename: /home/edgar/work/pyxscat/pyxscat/h5_files_dicts/ 
2023-11-26 16:12:59,597 - INFO - H5GIIntegrator instance was created.
2023-11-26 16:12:59,598 - INFO - We entered into function: h5_get_attr
2023-11-26 16:12:59,599 - INFO - We entered into function: init_transform
2023-11-26 16:12:59,599 - INFO - We entered into function: update_incident_angle
2023-11-26 16:12:59,599 - INFO - Incident angle set up as 0.0.
2023-11-26 16:12:59,599 - INFO - We entered into function: update_tilt_angle
2023-11-26 16:12:59,599 - INFO - Tilt angle set up as 0.0.
2023-11-26 16:12:59,599 - INFO - We entered into function: init_ai
2023-11-26 16:12:59,599 - INFO - We entered into function: init_metadata_attrs
2023-11-26 16:12:59,600 - INFO - H5 instance was initialized.
2023-11-26 16:12:59,600 - INFO - We entered into function: h5_get_dict_attrs
2023-11-26 16:12:59,601 - INFO - We entered into function: get_all_ponifiles
2023-11-26 16:12:59,601 - INFO - We entered into function: generate_ponifiles
2023-11-26 16:12:59,601 - INFO - We entered into function: check_ponifile_entry
2023-11-26 16:12:59,602 - INFO - We entered into function: check_entry
2023-11-26 16:12:59,603 - INFO - We entered into function: update_poni
2023-11-26 16:12:59,603 - INFO - We entered into function: get_ponifile
2023-11-26 16:12:59,603 - INFO - We entered into function: update_poni
2023-11-26 16:12:59,603 - INFO - We entered into function: open_poni
2023-11-26 16:12:59,604 - INFO - We entered into function: _update_gi
2023-11-26 16:12:59,604 - INFO - GrazingGeometry instance was updated.
2023-11-26 16:12:59,604 - INFO - We entered into function: _update_ai
2023-11-26 16:12:59,648 - INFO - GrazingGeometry instance was updated.
2023-11-26 16:12:59,648 - INFO - We entered into function: _set_poni
2023-11-26 16:12:59,648 - INFO - We entered into function: get_poni
2023-11-26 16:12:59,649 - INFO - Current poni parameters: {
    "poni_version": 2,
    "detector": "Detector",
    "detector_config": {
        "pixel1": 8.854e-05,
        "pixel2": 8.854e-05,
        "max_shape": [
            2880,
            960
        ]
    },
    "dist": 0.21956146503177287,
    "poni1": 0.2134776312917016,
    "poni2": 0.0066574815765295895,
    "rot1": -0.006724546816823459,
    "rot2": -0.0024356625603106676,
    "rot3": 4.738730503032621e-06,
    "wavelength": 9.998725680096795e-11
}
2023-11-26 16:12:59,649 - INFO - We entered into function: get_poni
2023-11-26 16:12:59,649 - INFO - We entered into function: get_all_entries
2023-11-26 16:12:59,649 - INFO - We entered into function: generator_samples
2023-11-26 16:12:59,650 - INFO - We entered into function: get_all_entries
2023-11-26 16:12:59,650 - INFO - We entered into function: generator_samples
2023-11-26 16:12:59,650 - INFO - We entered into function: update_orientation
2023-11-26 16:12:59,650 - INFO - We entered into function: update_orientation
2023-11-26 16:12:59,650 - INFO - The sample orientation (pygix) is set at 1.
2023-11-26 16:13:00,372 - INFO - We entered into function: get_all_metadata_keys_from_sample
2023-11-26 16:13:00,372 - INFO - We entered into function: generator_metadata_keys_from_sample
2023-11-26 16:13:00,381 - INFO - We entered into function: get_entry_name
2023-11-26 16:13:00,383 - INFO - We entered into function: get_metadata_dataframe
2023-11-26 16:13:00,383 - INFO - We entered into function: get_all_filenames_from_sample
2023-11-26 16:13:00,383 - INFO - We entered into function: generator_filenames_in_sample
2023-11-26 16:13:00,383 - INFO - We entered into function: get_metadata_dataset
2023-11-26 16:13:00,383 - INFO - We entered into function: get_entry_name
2023-11-26 16:13:00,386 - INFO - The dataframe has size 4.
2023-11-26 16:13:00,386 - INFO - Table was reseted.
2023-11-26 16:13:00,387 - INFO - Inserted columns: 1.
2023-11-26 16:13:00,387 - INFO - Inserted rows: 4.
2023-11-26 16:13:00,387 - INFO - Updated cell [0,0].
2023-11-26 16:13:00,387 - INFO - Updated cell [1,0].
2023-11-26 16:13:00,388 - INFO - Updated cell [2,0].
2023-11-26 16:13:00,388 - INFO - Updated cell [3,0].
2023-11-26 16:13:00,389 - INFO - Title for the generated map: 
2023-11-26 16:13:00,402 - INFO - We entered into function: get_metadata_dataframe
2023-11-26 16:13:00,402 - INFO - We entered into function: get_all_filenames_from_sample
2023-11-26 16:13:00,402 - INFO - We entered into function: generator_filenames_in_sample
2023-11-26 16:13:00,402 - INFO - We entered into function: get_metadata_dataset
2023-11-26 16:13:00,402 - INFO - We entered into function: get_entry_name
2023-11-26 16:13:00,403 - INFO - The dataframe has size 4.
2023-11-26 16:13:00,403 - INFO - Table was reseted.
2023-11-26 16:13:00,404 - INFO - Inserted columns: 1.
2023-11-26 16:13:00,404 - INFO - Inserted rows: 4.
2023-11-26 16:13:00,404 - INFO - Updated cell [0,0].
2023-11-26 16:13:00,404 - INFO - Updated cell [1,0].
2023-11-26 16:13:00,404 - INFO - Updated cell [2,0].
2023-11-26 16:13:00,404 - INFO - Updated cell [3,0].
2023-11-26 16:13:01,112 - INFO - We entered into function: get_metadata_dataframe
2023-11-26 16:13:01,112 - INFO - We entered into function: get_all_filenames_from_sample
2023-11-26 16:13:01,112 - INFO - We entered into function: generator_filenames_in_sample
2023-11-26 16:13:01,112 - INFO - We entered into function: get_metadata_dataset
2023-11-26 16:13:01,112 - INFO - We entered into function: get_entry_name
2023-11-26 16:13:01,114 - INFO - The dataframe has size 4.
2023-11-26 16:13:01,114 - INFO - Table was reseted.
2023-11-26 16:13:01,114 - INFO - Inserted columns: 1.
2023-11-26 16:13:01,114 - INFO - Inserted rows: 4.
2023-11-26 16:13:01,115 - INFO - Updated cell [0,0].
2023-11-26 16:13:01,115 - INFO - Updated cell [1,0].
2023-11-26 16:13:01,115 - INFO - Updated cell [2,0].
2023-11-26 16:13:01,115 - INFO - Updated cell [3,0].
2023-11-26 16:13:01,980 - INFO - We entered into function: get_Edf_data
2023-11-26 16:13:01,981 - INFO - We entered into function: get_Edf_instance
2023-11-26 16:13:01,981 - INFO - We entered into function: get_filename_from_index
2023-11-26 16:13:01,981 - INFO - We entered into function: get_entry_name
2023-11-26 16:13:01,983 - INFO - Trying to open sample name /home/edgar/work/pyxscat/pyxscat/test/test_edf/test_NCD/A1/rayonix_A1_spitch_0.15_000_0000.edf
2023-11-26 16:13:01,993 - INFO - New data sample with shape: (2880, 960)
2023-11-26 16:13:01,993 - INFO - We entered into function: get_norm_factor
2023-11-26 16:13:01,993 - INFO - We entered into function: get_dataset_norm_factor
2023-11-26 16:13:01,993 - INFO - We entered into function: get_norm_key
2023-11-26 16:13:01,993 - INFO - We entered into function: get_metadata_dataset
2023-11-26 16:13:01,993 - INFO - We entered into function: get_entry_name
2023-11-26 16:13:01,994 - ERROR - 'Unable to synchronously open object (name parameter cannot be an empty string)': dataset  could not be accessed.
2023-11-26 16:13:01,994 - ERROR - Failed while getting norm factor. Norm. factor set to 1.0.
2023-11-26 16:13:01,995 - INFO - Norm factor: 1.0
2023-11-26 16:13:01,997 - INFO - Retrieved data. Sample_name:A1, index (1,).
2023-11-26 16:13:02,014 - INFO - Filtered negative, nan and zero values.
2023-11-26 16:13:02,014 - INFO - We entered into function: update_angles
2023-11-26 16:13:02,014 - INFO - We entered into function: get_incident_angle
2023-11-26 16:13:02,014 - INFO - We entered into function: get_dataset_incident_angle
2023-11-26 16:13:02,014 - INFO - We entered into function: get_iangle_key
2023-11-26 16:13:02,014 - INFO - We entered into function: get_metadata_dataset
2023-11-26 16:13:02,014 - INFO - We entered into function: get_entry_name
2023-11-26 16:13:02,015 - ERROR - 'Unable to synchronously open object (name parameter cannot be an empty string)': dataset  could not be accessed.
2023-11-26 16:13:02,015 - INFO - Failed while getting incident angle.
2023-11-26 16:13:02,015 - INFO - Got incident angle: 0.0
2023-11-26 16:13:02,015 - INFO - We entered into function: get_tilt_angle
2023-11-26 16:13:02,016 - INFO - We entered into function: get_dataset_tilt_angle
2023-11-26 16:13:02,016 - INFO - We entered into function: get_tiltangle_key
2023-11-26 16:13:02,016 - INFO - We entered into function: get_metadata_dataset
2023-11-26 16:13:02,016 - INFO - We entered into function: get_entry_name
2023-11-26 16:13:02,016 - ERROR - 'Unable to synchronously open object (name parameter cannot be an empty string)': dataset  could not be accessed.
2023-11-26 16:13:02,016 - INFO - Failed while getting tilt angle.
2023-11-26 16:13:02,016 - INFO - Got tilt angle: 0.0
2023-11-26 16:13:02,016 - INFO - We entered into function: update_incident_angle
2023-11-26 16:13:02,016 - INFO - Incident angle set up as 0.0.
2023-11-26 16:13:02,016 - INFO - We entered into function: update_tilt_angle
2023-11-26 16:13:02,016 - INFO - Tilt angle set up as 0.0.
2023-11-26 16:13:02,016 - INFO - We entered into function: get_filename_from_index
2023-11-26 16:13:02,017 - INFO - We entered into function: get_entry_name
2023-11-26 16:13:02,017 - INFO - New label: /home/edgar/work/pyxscat/pyxscat/test/test_edf/test_NCD/A1/rayonix_A1_spitch_0.15_000_0000.edf
2023-11-26 16:13:02,018 - INFO - Dictionaries of integration: []
2023-11-26 16:13:02,018 - INFO - Dictionaries of integration: []
2023-11-26 16:13:02,018 - INFO - We entered into function: generate_integration
2023-11-26 16:13:02,018 - INFO - We entered into function: generate_integration
2023-11-26 16:13:02,018 - INFO - True
2023-11-26 16:13:02,019 - INFO - Data extracted from cache. Data: <class 'numpy.ndarray'>
2023-11-26 16:13:02,027 - INFO - (118.59036254882812, 994.3811645507812)
2023-11-26 16:13:02,032 - INFO - Displayed data.
2023-11-26 16:13:04,900 - INFO - Dictionaries of integration: ['azim_complete']
2023-11-26 16:13:04,901 - INFO - Dictionaries of integration: [{'name': 'azim_complete', 'suffix': 'azim_complete', 'type': 'azimuthal', 'unit': 'q_nm^-1', 'radial_range': [0.0, 30.0], 'azimuth_range': [0.0, 90.0], 'azim_bins': 0, 'integration': 'cake'}]
2023-11-26 16:13:04,901 - INFO - We entered into function: generate_integration
2023-11-26 16:13:04,901 - INFO - We entered into function: generate_integration
2023-11-26 16:13:04,901 - INFO - We entered into function: raw_integration
2023-11-26 16:13:04,901 - INFO - We entered into function: integration_azimuthal
2023-11-26 16:13:04,901 - INFO - We entered into function: calculate_bins
2023-11-26 16:13:04,902 - INFO - We entered into function: q_to_twotheta
2023-11-26 16:13:04,902 - INFO - We entered into function: q_to_twotheta
2023-11-26 16:13:04,902 - INFO - Trying azimuthal integration with: data-shape=(2880, 960) bins=1298, p0_range=[0.0, 30.0], p1_range=[0.0, 90.0], unit=q_nm^-1
2023-11-26 16:13:05,454 - INFO - Azimuthal integration performed.
2023-11-26 16:13:05,456 - INFO - False
2023-11-26 16:13:05,456 - INFO - Data extracted from cache. Data: <class 'numpy.ndarray'>
2023-11-26 16:13:05,464 - INFO - (118.59036254882812, 994.3811645507812)
2023-11-26 16:13:05,469 - INFO - Displayed data.
2023-11-26 16:13:07,372 - INFO - False
2023-11-26 16:13:07,373 - INFO - Data extracted from cache. Data: <class 'numpy.ndarray'>
2023-11-26 16:13:07,384 - INFO - (118.59036254882812, 994.3811645507812)
2023-11-26 16:13:07,386 - INFO - Dictionary of integration to be masked: {'name': 'azim_complete', 'suffix': 'azim_complete', 'type': 'azimuthal', 'unit': 'q_nm^-1', 'radial_range': [0.0, 30.0], 'azimuth_range': [0.0, 90.0], 'azim_bins': 0, 'integration': 'cake'}
2023-11-26 16:13:07,386 - INFO - Parameters to mask the array. Shape: (2880, 960), unit: q_nm^-1,                     p0_range: (0.0, 0.3), p1_range: (3.141592653589793, 4.71238898038469), pos0_scale: 100.
2023-11-26 16:13:07,455 - INFO - The mask was generated.
2023-11-26 16:13:07,851 - INFO - The mask was completed.
2023-11-26 16:13:07,858 - INFO - Displayed data.
2023-11-26 16:13:08,900 - INFO - We entered into function: update_orientation
2023-11-26 16:13:08,901 - INFO - We entered into function: update_orientation
2023-11-26 16:13:08,901 - INFO - The sample orientation (pygix) is set at 3.
2023-11-26 16:13:08,901 - INFO - New sample orientation: 3
2023-11-26 16:13:08,902 - INFO - Dictionaries of integration: ['azim_complete']
2023-11-26 16:13:08,902 - INFO - Dictionaries of integration: [{'name': 'azim_complete', 'suffix': 'azim_complete', 'type': 'azimuthal', 'unit': 'q_nm^-1', 'radial_range': [0.0, 30.0], 'azimuth_range': [0.0, 90.0], 'azim_bins': 0, 'integration': 'cake'}]
2023-11-26 16:13:08,902 - INFO - We entered into function: generate_integration
2023-11-26 16:13:08,902 - INFO - We entered into function: generate_integration
2023-11-26 16:13:08,902 - INFO - We entered into function: raw_integration
2023-11-26 16:13:08,902 - INFO - We entered into function: integration_azimuthal
2023-11-26 16:13:08,903 - INFO - We entered into function: calculate_bins
2023-11-26 16:13:08,903 - INFO - We entered into function: q_to_twotheta
2023-11-26 16:13:08,903 - INFO - We entered into function: q_to_twotheta
2023-11-26 16:13:08,903 - INFO - Trying azimuthal integration with: data-shape=(2880, 960) bins=1298, p0_range=[0.0, 30.0], p1_range=[0.0, 90.0], unit=q_nm^-1
2023-11-26 16:13:09,507 - INFO - Azimuthal integration performed.
2023-11-26 16:13:09,509 - INFO - False
2023-11-26 16:13:09,509 - INFO - Data extracted from cache. Data: <class 'numpy.ndarray'>
2023-11-26 16:13:09,517 - INFO - (118.59036254882812, 994.3811645507812)
2023-11-26 16:13:09,518 - INFO - Dictionary of integration to be masked: {'name': 'azim_complete', 'suffix': 'azim_complete', 'type': 'azimuthal', 'unit': 'q_nm^-1', 'radial_range': [0.0, 30.0], 'azimuth_range': [0.0, 90.0], 'azim_bins': 0, 'integration': 'cake'}
2023-11-26 16:13:09,518 - INFO - Parameters to mask the array. Shape: (2880, 960), unit: q_nm^-1,                     p0_range: (0.0, 0.3), p1_range: (3.141592653589793, 4.71238898038469), pos0_scale: 100.
2023-11-26 16:13:09,592 - INFO - The mask was generated.
2023-11-26 16:13:09,930 - INFO - The mask was completed.
2023-11-26 16:13:09,937 - INFO - Displayed data.
2023-11-26 16:13:11,348 - INFO - False
2023-11-26 16:13:11,348 - INFO - Data extracted from cache. Data: <class 'numpy.ndarray'>
2023-11-26 16:13:11,358 - INFO - (118.59036254882812, 994.3811645507812)
2023-11-26 16:13:11,363 - INFO - Displayed data.
2023-11-26 16:13:18,276 - INFO - We entered into function: update_metadata_keys
2023-11-26 16:13:18,277 - INFO - New metadata keys: defaultdict(<class 'str'>, {'name': 'ALBA_NCD', 'iangle_key': 'spitch', 'tilt_key': 'sroll', 'norm_key': 'Monitor', 'acq_key': 'exposure'})
2023-11-26 16:13:21,733 - INFO - We entered into function: get_Edf_data
2023-11-26 16:13:21,733 - INFO - We entered into function: get_Edf_instance
2023-11-26 16:13:21,733 - INFO - We entered into function: get_filename_from_index
2023-11-26 16:13:21,733 - INFO - We entered into function: get_entry_name
2023-11-26 16:13:21,735 - INFO - Trying to open sample name /home/edgar/work/pyxscat/pyxscat/test/test_edf/test_NCD/A1/rayonix_A1_spitch_0.15_000_0000.edf
2023-11-26 16:13:21,741 - INFO - New data sample with shape: (2880, 960)
2023-11-26 16:13:21,742 - INFO - We entered into function: get_norm_factor
2023-11-26 16:13:21,742 - INFO - We entered into function: get_dataset_norm_factor
2023-11-26 16:13:21,742 - INFO - We entered into function: get_norm_key
2023-11-26 16:13:21,742 - INFO - We entered into function: get_metadata_dataset
2023-11-26 16:13:21,742 - INFO - We entered into function: get_entry_name
2023-11-26 16:13:21,744 - INFO - Norm factor: 2018.734167944
2023-11-26 16:13:21,747 - INFO - Retrieved data. Sample_name:A1, index (1,).
2023-11-26 16:13:21,755 - INFO - Filtered negative, nan and zero values.
2023-11-26 16:13:21,756 - INFO - Dictionaries of integration: ['azim_complete']
2023-11-26 16:13:21,756 - INFO - Dictionaries of integration: [{'name': 'azim_complete', 'suffix': 'azim_complete', 'type': 'azimuthal', 'unit': 'q_nm^-1', 'radial_range': [0.0, 30.0], 'azimuth_range': [0.0, 90.0], 'azim_bins': 0, 'integration': 'cake'}]
2023-11-26 16:13:21,756 - INFO - We entered into function: generate_integration
2023-11-26 16:13:21,756 - INFO - We entered into function: generate_integration
2023-11-26 16:13:21,756 - INFO - We entered into function: raw_integration
2023-11-26 16:13:21,756 - INFO - We entered into function: integration_azimuthal
2023-11-26 16:13:21,756 - INFO - We entered into function: calculate_bins
2023-11-26 16:13:21,756 - INFO - We entered into function: q_to_twotheta
2023-11-26 16:13:21,756 - INFO - We entered into function: q_to_twotheta
2023-11-26 16:13:21,756 - INFO - Trying azimuthal integration with: data-shape=(2880, 960) bins=1298, p0_range=[0.0, 30.0], p1_range=[0.0, 90.0], unit=q_nm^-1
2023-11-26 16:13:21,821 - INFO - Azimuthal integration performed.
2023-11-26 16:13:21,823 - INFO - False
2023-11-26 16:13:21,823 - INFO - Data extracted from cache. Data: <class 'numpy.ndarray'>
2023-11-26 16:13:21,831 - INFO - (118.59036254882812, 994.3811645507812)
2023-11-26 16:13:21,835 - INFO - Displayed data.
2023-11-26 16:13:26,444 - INFO - We entered into function: get_Edf_data
2023-11-26 16:13:26,444 - INFO - We entered into function: get_Edf_instance
2023-11-26 16:13:26,444 - INFO - We entered into function: get_filename_from_index
2023-11-26 16:13:26,444 - INFO - We entered into function: get_entry_name
2023-11-26 16:13:26,446 - INFO - Trying to open sample name /home/edgar/work/pyxscat/pyxscat/test/test_edf/test_NCD/A1/rayonix_A1_spitch_0.15_000_0000.edf
2023-11-26 16:13:26,452 - INFO - New data sample with shape: (2880, 960)
2023-11-26 16:13:26,452 - INFO - We entered into function: get_norm_factor
2023-11-26 16:13:26,452 - INFO - We entered into function: get_dataset_norm_factor
2023-11-26 16:13:26,452 - INFO - We entered into function: get_norm_key
2023-11-26 16:13:26,453 - INFO - We entered into function: get_metadata_dataset
2023-11-26 16:13:26,453 - INFO - We entered into function: get_entry_name
2023-11-26 16:13:26,454 - INFO - Norm factor: 2018.734167944
2023-11-26 16:13:26,456 - INFO - Retrieved data. Sample_name:A1, index (1,).
2023-11-26 16:13:26,464 - INFO - Filtered negative, nan and zero values.
2023-11-26 16:13:26,464 - INFO - Dictionaries of integration: ['azim_complete']
2023-11-26 16:13:26,465 - INFO - Dictionaries of integration: [{'name': 'azim_complete', 'suffix': 'azim_complete', 'type': 'azimuthal', 'unit': 'q_nm^-1', 'radial_range': [0.0, 30.0], 'azimuth_range': [0.0, 90.0], 'azim_bins': 0, 'integration': 'cake'}]
2023-11-26 16:13:26,465 - INFO - We entered into function: generate_integration
2023-11-26 16:13:26,465 - INFO - We entered into function: generate_integration
2023-11-26 16:13:26,465 - INFO - We entered into function: raw_integration
2023-11-26 16:13:26,465 - INFO - We entered into function: integration_azimuthal
2023-11-26 16:13:26,465 - INFO - We entered into function: calculate_bins
2023-11-26 16:13:26,465 - INFO - We entered into function: q_to_twotheta
2023-11-26 16:13:26,465 - INFO - We entered into function: q_to_twotheta
2023-11-26 16:13:26,465 - INFO - Trying azimuthal integration with: data-shape=(2880, 960) bins=1298, p0_range=[0.0, 30.0], p1_range=[0.0, 90.0], unit=q_nm^-1
2023-11-26 16:13:26,531 - INFO - Azimuthal integration performed.
2023-11-26 16:13:26,533 - INFO - False
2023-11-26 16:13:26,533 - INFO - Data extracted from cache. Data: <class 'numpy.ndarray'>
2023-11-26 16:13:26,541 - INFO - (118.59036254882812, 994.3811645507812)
2023-11-26 16:13:26,545 - INFO - Displayed data.
2023-11-26 16:13:26,644 - INFO - We entered into function: get_Edf_data
2023-11-26 16:13:26,644 - INFO - We entered into function: get_Edf_instance
2023-11-26 16:13:26,644 - INFO - We entered into function: get_filename_from_index
2023-11-26 16:13:26,644 - INFO - We entered into function: get_entry_name
2023-11-26 16:13:26,646 - INFO - Trying to open sample name /home/edgar/work/pyxscat/pyxscat/test/test_edf/test_NCD/A1/rayonix_A1_spitch_0.15_000_0000.edf
2023-11-26 16:13:26,652 - INFO - New data sample with shape: (2880, 960)
2023-11-26 16:13:26,652 - INFO - We entered into function: get_norm_factor
2023-11-26 16:13:26,653 - INFO - We entered into function: get_dataset_norm_factor
2023-11-26 16:13:26,653 - INFO - We entered into function: get_norm_key
2023-11-26 16:13:26,653 - INFO - We entered into function: get_metadata_dataset
2023-11-26 16:13:26,653 - INFO - We entered into function: get_entry_name
2023-11-26 16:13:26,654 - INFO - Norm factor: 2018.734167944
2023-11-26 16:13:26,657 - INFO - Retrieved data. Sample_name:A1, index (1,).
2023-11-26 16:13:26,667 - INFO - Filtered negative, nan and zero values.
2023-11-26 16:13:26,667 - INFO - Dictionaries of integration: ['azim_complete']
2023-11-26 16:13:26,668 - INFO - Dictionaries of integration: [{'name': 'azim_complete', 'suffix': 'azim_complete', 'type': 'azimuthal', 'unit': 'q_nm^-1', 'radial_range': [0.0, 30.0], 'azimuth_range': [0.0, 90.0], 'azim_bins': 0, 'integration': 'cake'}]
2023-11-26 16:13:26,668 - INFO - We entered into function: generate_integration
2023-11-26 16:13:26,668 - INFO - We entered into function: generate_integration
2023-11-26 16:13:26,668 - INFO - We entered into function: raw_integration
2023-11-26 16:13:26,668 - INFO - We entered into function: integration_azimuthal
2023-11-26 16:13:26,668 - INFO - We entered into function: calculate_bins
2023-11-26 16:13:26,668 - INFO - We entered into function: q_to_twotheta
2023-11-26 16:13:26,668 - INFO - We entered into function: q_to_twotheta
2023-11-26 16:13:26,668 - INFO - Trying azimuthal integration with: data-shape=(2880, 960) bins=1298, p0_range=[0.0, 30.0], p1_range=[0.0, 90.0], unit=q_nm^-1
2023-11-26 16:13:26,733 - INFO - Azimuthal integration performed.
2023-11-26 16:13:26,735 - INFO - False
2023-11-26 16:13:26,735 - INFO - Data extracted from cache. Data: <class 'numpy.ndarray'>
2023-11-26 16:13:26,744 - INFO - (118.59036254882812, 994.3811645507812)
2023-11-26 16:13:26,748 - INFO - Displayed data.
2023-11-26 16:13:26,818 - INFO - We entered into function: get_Edf_data
2023-11-26 16:13:26,819 - INFO - We entered into function: get_Edf_instance
2023-11-26 16:13:26,819 - INFO - We entered into function: get_filename_from_index
2023-11-26 16:13:26,819 - INFO - We entered into function: get_entry_name
2023-11-26 16:13:26,820 - INFO - Trying to open sample name /home/edgar/work/pyxscat/pyxscat/test/test_edf/test_NCD/A1/rayonix_A1_spitch_0.15_000_0000.edf
2023-11-26 16:13:26,825 - INFO - New data sample with shape: (2880, 960)
2023-11-26 16:13:26,825 - INFO - We entered into function: get_norm_factor
2023-11-26 16:13:26,826 - INFO - We entered into function: get_dataset_norm_factor
2023-11-26 16:13:26,826 - INFO - We entered into function: get_norm_key
2023-11-26 16:13:26,826 - INFO - We entered into function: get_metadata_dataset
2023-11-26 16:13:26,826 - INFO - We entered into function: get_entry_name
2023-11-26 16:13:26,827 - INFO - Norm factor: 2018.734167944
2023-11-26 16:13:26,830 - INFO - Retrieved data. Sample_name:A1, index (1,).
2023-11-26 16:13:26,839 - INFO - Filtered negative, nan and zero values.
2023-11-26 16:13:26,839 - INFO - Dictionaries of integration: ['azim_complete']
2023-11-26 16:13:26,839 - INFO - Dictionaries of integration: [{'name': 'azim_complete', 'suffix': 'azim_complete', 'type': 'azimuthal', 'unit': 'q_nm^-1', 'radial_range': [0.0, 30.0], 'azimuth_range': [0.0, 90.0], 'azim_bins': 0, 'integration': 'cake'}]
2023-11-26 16:13:26,840 - INFO - We entered into function: generate_integration
2023-11-26 16:13:26,840 - INFO - We entered into function: generate_integration
2023-11-26 16:13:26,840 - INFO - We entered into function: raw_integration
2023-11-26 16:13:26,840 - INFO - We entered into function: integration_azimuthal
2023-11-26 16:13:26,840 - INFO - We entered into function: calculate_bins
2023-11-26 16:13:26,840 - INFO - We entered into function: q_to_twotheta
2023-11-26 16:13:26,840 - INFO - We entered into function: q_to_twotheta
2023-11-26 16:13:26,840 - INFO - Trying azimuthal integration with: data-shape=(2880, 960) bins=1298, p0_range=[0.0, 30.0], p1_range=[0.0, 90.0], unit=q_nm^-1
2023-11-26 16:13:26,909 - INFO - Azimuthal integration performed.
2023-11-26 16:13:26,910 - INFO - False
2023-11-26 16:13:26,911 - INFO - Data extracted from cache. Data: <class 'numpy.ndarray'>
2023-11-26 16:13:26,919 - INFO - (118.59036254882812, 994.3811645507812)
2023-11-26 16:13:26,923 - INFO - Displayed data.
2023-11-26 16:13:26,993 - INFO - We entered into function: get_Edf_data
2023-11-26 16:13:26,993 - INFO - We entered into function: get_Edf_instance
2023-11-26 16:13:26,993 - INFO - We entered into function: get_filename_from_index
2023-11-26 16:13:26,993 - INFO - We entered into function: get_entry_name
2023-11-26 16:13:26,994 - INFO - Trying to open sample name /home/edgar/work/pyxscat/pyxscat/test/test_edf/test_NCD/A1/rayonix_A1_spitch_0.15_000_0000.edf
2023-11-26 16:13:27,002 - INFO - New data sample with shape: (2880, 960)
2023-11-26 16:13:27,002 - INFO - We entered into function: get_norm_factor
2023-11-26 16:13:27,003 - INFO - We entered into function: get_dataset_norm_factor
2023-11-26 16:13:27,003 - INFO - We entered into function: get_norm_key
2023-11-26 16:13:27,003 - INFO - We entered into function: get_metadata_dataset
2023-11-26 16:13:27,003 - INFO - We entered into function: get_entry_name
2023-11-26 16:13:27,004 - INFO - Norm factor: 2018.734167944
2023-11-26 16:13:27,006 - INFO - Retrieved data. Sample_name:A1, index (1,).
2023-11-26 16:13:27,015 - INFO - Filtered negative, nan and zero values.
2023-11-26 16:13:27,015 - INFO - Dictionaries of integration: ['azim_complete']
2023-11-26 16:13:27,016 - INFO - Dictionaries of integration: [{'name': 'azim_complete', 'suffix': 'azim_complete', 'type': 'azimuthal', 'unit': 'q_nm^-1', 'radial_range': [0.0, 30.0], 'azimuth_range': [0.0, 90.0], 'azim_bins': 0, 'integration': 'cake'}]
2023-11-26 16:13:27,016 - INFO - We entered into function: generate_integration
2023-11-26 16:13:27,016 - INFO - We entered into function: generate_integration
2023-11-26 16:13:27,016 - INFO - We entered into function: raw_integration
2023-11-26 16:13:27,016 - INFO - We entered into function: integration_azimuthal
2023-11-26 16:13:27,016 - INFO - We entered into function: calculate_bins
2023-11-26 16:13:27,016 - INFO - We entered into function: q_to_twotheta
2023-11-26 16:13:27,016 - INFO - We entered into function: q_to_twotheta
2023-11-26 16:13:27,016 - INFO - Trying azimuthal integration with: data-shape=(2880, 960) bins=1298, p0_range=[0.0, 30.0], p1_range=[0.0, 90.0], unit=q_nm^-1
2023-11-26 16:13:27,080 - INFO - Azimuthal integration performed.
2023-11-26 16:13:27,082 - INFO - False
2023-11-26 16:13:27,082 - INFO - Data extracted from cache. Data: <class 'numpy.ndarray'>
2023-11-26 16:13:27,090 - INFO - (118.59036254882812, 994.3811645507812)
2023-11-26 16:13:27,094 - INFO - Displayed data.
2023-11-26 16:13:27,164 - INFO - We entered into function: get_Edf_data
2023-11-26 16:13:27,164 - INFO - We entered into function: get_Edf_instance
2023-11-26 16:13:27,164 - INFO - We entered into function: get_filename_from_index
2023-11-26 16:13:27,164 - INFO - We entered into function: get_entry_name
2023-11-26 16:13:27,165 - INFO - Trying to open sample name /home/edgar/work/pyxscat/pyxscat/test/test_edf/test_NCD/A1/rayonix_A1_spitch_0.15_000_0000.edf
2023-11-26 16:13:27,171 - INFO - New data sample with shape: (2880, 960)
2023-11-26 16:13:27,171 - INFO - We entered into function: get_norm_factor
2023-11-26 16:13:27,171 - INFO - We entered into function: get_dataset_norm_factor
2023-11-26 16:13:27,171 - INFO - We entered into function: get_norm_key
2023-11-26 16:13:27,171 - INFO - We entered into function: get_metadata_dataset
2023-11-26 16:13:27,171 - INFO - We entered into function: get_entry_name
2023-11-26 16:13:27,172 - INFO - Norm factor: 2018.734167944
2023-11-26 16:13:27,174 - INFO - Retrieved data. Sample_name:A1, index (1,).
2023-11-26 16:13:27,185 - INFO - Filtered negative, nan and zero values.
2023-11-26 16:13:27,186 - INFO - Dictionaries of integration: ['azim_complete']
2023-11-26 16:13:27,186 - INFO - Dictionaries of integration: [{'name': 'azim_complete', 'suffix': 'azim_complete', 'type': 'azimuthal', 'unit': 'q_nm^-1', 'radial_range': [0.0, 30.0], 'azimuth_range': [0.0, 90.0], 'azim_bins': 0, 'integration': 'cake'}]
2023-11-26 16:13:27,186 - INFO - We entered into function: generate_integration
2023-11-26 16:13:27,186 - INFO - We entered into function: generate_integration
2023-11-26 16:13:27,186 - INFO - We entered into function: raw_integration
2023-11-26 16:13:27,186 - INFO - We entered into function: integration_azimuthal
2023-11-26 16:13:27,186 - INFO - We entered into function: calculate_bins
2023-11-26 16:13:27,186 - INFO - We entered into function: q_to_twotheta
2023-11-26 16:13:27,186 - INFO - We entered into function: q_to_twotheta
2023-11-26 16:13:27,186 - INFO - Trying azimuthal integration with: data-shape=(2880, 960) bins=1298, p0_range=[0.0, 30.0], p1_range=[0.0, 90.0], unit=q_nm^-1
2023-11-26 16:13:27,253 - INFO - Azimuthal integration performed.
2023-11-26 16:13:27,255 - INFO - False
2023-11-26 16:13:27,255 - INFO - Data extracted from cache. Data: <class 'numpy.ndarray'>
2023-11-26 16:13:27,263 - INFO - (118.59036254882812, 994.3811645507812)
2023-11-26 16:13:27,267 - INFO - Displayed data.
2023-11-26 16:13:27,337 - INFO - We entered into function: get_Edf_data
2023-11-26 16:13:27,337 - INFO - We entered into function: get_Edf_instance
2023-11-26 16:13:27,337 - INFO - We entered into function: get_filename_from_index
2023-11-26 16:13:27,337 - INFO - We entered into function: get_entry_name
2023-11-26 16:13:27,338 - INFO - Trying to open sample name /home/edgar/work/pyxscat/pyxscat/test/test_edf/test_NCD/A1/rayonix_A1_spitch_0.15_000_0000.edf
2023-11-26 16:13:27,346 - INFO - New data sample with shape: (2880, 960)
2023-11-26 16:13:27,346 - INFO - We entered into function: get_norm_factor
2023-11-26 16:13:27,346 - INFO - We entered into function: get_dataset_norm_factor
2023-11-26 16:13:27,346 - INFO - We entered into function: get_norm_key
2023-11-26 16:13:27,346 - INFO - We entered into function: get_metadata_dataset
2023-11-26 16:13:27,346 - INFO - We entered into function: get_entry_name
2023-11-26 16:13:27,348 - INFO - Norm factor: 2018.734167944
2023-11-26 16:13:27,351 - INFO - Retrieved data. Sample_name:A1, index (1,).
2023-11-26 16:13:27,358 - INFO - Filtered negative, nan and zero values.
2023-11-26 16:13:27,359 - INFO - Dictionaries of integration: ['azim_complete']
2023-11-26 16:13:27,359 - INFO - Dictionaries of integration: [{'name': 'azim_complete', 'suffix': 'azim_complete', 'type': 'azimuthal', 'unit': 'q_nm^-1', 'radial_range': [0.0, 30.0], 'azimuth_range': [0.0, 90.0], 'azim_bins': 0, 'integration': 'cake'}]
2023-11-26 16:13:27,359 - INFO - We entered into function: generate_integration
2023-11-26 16:13:27,359 - INFO - We entered into function: generate_integration
2023-11-26 16:13:27,359 - INFO - We entered into function: raw_integration
2023-11-26 16:13:27,359 - INFO - We entered into function: integration_azimuthal
2023-11-26 16:13:27,359 - INFO - We entered into function: calculate_bins
2023-11-26 16:13:27,359 - INFO - We entered into function: q_to_twotheta
2023-11-26 16:13:27,360 - INFO - We entered into function: q_to_twotheta
2023-11-26 16:13:27,360 - INFO - Trying azimuthal integration with: data-shape=(2880, 960) bins=1298, p0_range=[0.0, 30.0], p1_range=[0.0, 90.0], unit=q_nm^-1
2023-11-26 16:13:27,428 - INFO - Azimuthal integration performed.
2023-11-26 16:13:27,430 - INFO - False
2023-11-26 16:13:27,430 - INFO - Data extracted from cache. Data: <class 'numpy.ndarray'>
2023-11-26 16:13:27,438 - INFO - (118.59036254882812, 994.3811645507812)
2023-11-26 16:13:27,442 - INFO - Displayed data.
2023-11-26 16:13:27,512 - INFO - We entered into function: get_Edf_data
2023-11-26 16:13:27,512 - INFO - We entered into function: get_Edf_instance
2023-11-26 16:13:27,512 - INFO - We entered into function: get_filename_from_index
2023-11-26 16:13:27,512 - INFO - We entered into function: get_entry_name
2023-11-26 16:13:27,513 - INFO - Trying to open sample name /home/edgar/work/pyxscat/pyxscat/test/test_edf/test_NCD/A1/rayonix_A1_spitch_0.15_000_0000.edf
2023-11-26 16:13:27,519 - INFO - New data sample with shape: (2880, 960)
2023-11-26 16:13:27,519 - INFO - We entered into function: get_norm_factor
2023-11-26 16:13:27,519 - INFO - We entered into function: get_dataset_norm_factor
2023-11-26 16:13:27,519 - INFO - We entered into function: get_norm_key
2023-11-26 16:13:27,519 - INFO - We entered into function: get_metadata_dataset
2023-11-26 16:13:27,519 - INFO - We entered into function: get_entry_name
2023-11-26 16:13:27,521 - INFO - Norm factor: 2018.734167944
2023-11-26 16:13:27,523 - INFO - Retrieved data. Sample_name:A1, index (1,).
2023-11-26 16:13:27,533 - INFO - Filtered negative, nan and zero values.
2023-11-26 16:13:27,534 - INFO - Dictionaries of integration: ['azim_complete']
2023-11-26 16:13:27,534 - INFO - Dictionaries of integration: [{'name': 'azim_complete', 'suffix': 'azim_complete', 'type': 'azimuthal', 'unit': 'q_nm^-1', 'radial_range': [0.0, 30.0], 'azimuth_range': [0.0, 90.0], 'azim_bins': 0, 'integration': 'cake'}]
2023-11-26 16:13:27,534 - INFO - We entered into function: generate_integration
2023-11-26 16:13:27,534 - INFO - We entered into function: generate_integration
2023-11-26 16:13:27,534 - INFO - We entered into function: raw_integration
2023-11-26 16:13:27,534 - INFO - We entered into function: integration_azimuthal
2023-11-26 16:13:27,534 - INFO - We entered into function: calculate_bins
2023-11-26 16:13:27,535 - INFO - We entered into function: q_to_twotheta
2023-11-26 16:13:27,535 - INFO - We entered into function: q_to_twotheta
2023-11-26 16:13:27,535 - INFO - Trying azimuthal integration with: data-shape=(2880, 960) bins=1298, p0_range=[0.0, 30.0], p1_range=[0.0, 90.0], unit=q_nm^-1
2023-11-26 16:13:27,599 - INFO - Azimuthal integration performed.
2023-11-26 16:13:27,601 - INFO - False
2023-11-26 16:13:27,601 - INFO - Data extracted from cache. Data: <class 'numpy.ndarray'>
2023-11-26 16:13:27,609 - INFO - (118.59036254882812, 994.3811645507812)
2023-11-26 16:13:27,613 - INFO - Displayed data.
2023-11-26 16:47:13,733 - INFO - We entered into function: get_Edf_data
2023-11-26 16:47:13,733 - INFO - We entered into function: get_Edf_instance
2023-11-26 16:47:13,733 - INFO - We entered into function: get_filename_from_index
2023-11-26 16:47:13,733 - INFO - We entered into function: get_entry_name
2023-11-26 16:47:13,735 - INFO - Trying to open sample name /home/edgar/work/pyxscat/pyxscat/test/test_edf/test_NCD/A1/rayonix_A1_spitch_0.15_000_0000.edf
2023-11-26 16:47:13,741 - INFO - New data sample with shape: (2880, 960)
2023-11-26 16:47:13,741 - INFO - We entered into function: get_norm_factor
2023-11-26 16:47:13,741 - INFO - We entered into function: get_dataset_norm_factor
2023-11-26 16:47:13,741 - INFO - We entered into function: get_norm_key
2023-11-26 16:47:13,741 - INFO - We entered into function: get_metadata_dataset
2023-11-26 16:47:13,741 - INFO - We entered into function: get_entry_name
2023-11-26 16:47:13,743 - INFO - Norm factor: 2018.734167944
2023-11-26 16:47:13,746 - INFO - Retrieved data. Sample_name:A1, index (1,).
2023-11-26 16:47:13,754 - INFO - Filtered negative, nan and zero values.
2023-11-26 16:47:13,754 - INFO - Dictionaries of integration: ['azim_complete']
2023-11-26 16:47:13,755 - INFO - Dictionaries of integration: [{'name': 'azim_complete', 'suffix': 'azim_complete', 'type': 'azimuthal', 'unit': 'q_nm^-1', 'radial_range': [0.0, 30.0], 'azimuth_range': [0.0, 90.0], 'azim_bins': 0, 'integration': 'cake'}]
2023-11-26 16:47:13,755 - INFO - We entered into function: generate_integration
2023-11-26 16:47:13,755 - INFO - We entered into function: generate_integration
2023-11-26 16:47:13,755 - INFO - We entered into function: raw_integration
2023-11-26 16:47:13,755 - INFO - We entered into function: integration_azimuthal
2023-11-26 16:47:13,755 - INFO - We entered into function: calculate_bins
2023-11-26 16:47:13,755 - INFO - We entered into function: q_to_twotheta
2023-11-26 16:47:13,755 - INFO - We entered into function: q_to_twotheta
2023-11-26 16:47:13,755 - INFO - Trying azimuthal integration with: data-shape=(2880, 960) bins=1298, p0_range=[0.0, 30.0], p1_range=[0.0, 90.0], unit=q_nm^-1
2023-11-26 16:47:13,820 - INFO - Azimuthal integration performed.
2023-11-26 16:47:13,822 - INFO - False
2023-11-26 16:47:13,822 - INFO - Data extracted from cache. Data: <class 'numpy.ndarray'>
2023-11-26 16:47:13,829 - INFO - (118.59036254882812, 994.3811645507812)
2023-11-26 16:47:13,834 - INFO - Displayed data.
